Copyright 1986-2022 Xilinx, Inc. All Rights Reserved. Copyright 2022-2025 Advanced Micro Devices, Inc. All Rights Reserved.
-------------------------------------------------------------------------------------------------------------------------------------------------------------------------------------------
| Tool Version : Vivado v.2025.2 (win64) Build 6299465 Fri Nov 14 19:35:11 GMT 2025
| Date         : Sat Jul  4 13:49:17 2026
| Host         : LAPTOP-RLNQPQBS running 64-bit major release  (build 9200)
| Command      : report_timing_summary -file C:/Users/戎择辰/OneDrive/文档/数电实验/MCU/routes_ultra/V11_2stage_core/mcu_fft_v11_2stage_core/results/vivado_board/board_timing_summary.rpt
| Design       : board_top
| Device       : 7k160t-ffg676
| Speed File   : -2  PRODUCTION 1.12 2017-02-17
| Design State : Routed
-------------------------------------------------------------------------------------------------------------------------------------------------------------------------------------------

Timing Summary Report

------------------------------------------------------------------------------------------------
| Timer Settings
| --------------
------------------------------------------------------------------------------------------------

  Enable Multi Corner Analysis               :  Yes
  Enable Pessimism Removal                   :  Yes
  Pessimism Removal Resolution               :  Nearest Common Node
  Enable Input Delay Default Clock           :  No
  Enable Preset / Clear Arcs                 :  No
  Disable Flight Delays                      :  No
  Ignore I/O Paths                           :  No
  Timing Early Launch at Borrowing Latches   :  No
  Borrow Time for Max Delay Exceptions       :  Yes
  Merge Timing Exceptions                    :  Yes
  Inter-SLR Compensation                     :  Conservative

  Corner  Analyze    Analyze
  Name    Max Paths  Min Paths
  ------  ---------  ---------
  Slow    Yes        Yes
  Fast    Yes        Yes


------------------------------------------------------------------------------------------------
| Report Methodology
| ------------------
------------------------------------------------------------------------------------------------

Rule       Severity  Description            Violations
---------  --------  ---------------------  ----------
TIMING-16  Warning   Large setup violation  224

Note: This report is based on the most recent report_methodology run and may not be up-to-date. Run report_methodology on the current design for the latest report.



check_timing report

Table of Contents
-----------------
1. checking no_clock (0)
2. checking constant_clock (0)
3. checking pulse_width_clock (0)
4. checking unconstrained_internal_endpoints (0)
5. checking no_input_delay (1)
6. checking no_output_delay (8)
7. checking multiple_clock (0)
8. checking generated_clocks (0)
9. checking loops (0)
10. checking partial_input_delay (0)
11. checking partial_output_delay (0)
12. checking latch_loops (0)

1. checking no_clock (0)
------------------------
 There are 0 register/latch pins with no clock.


2. checking constant_clock (0)
------------------------------
 There are 0 register/latch pins with constant_clock.


3. checking pulse_width_clock (0)
---------------------------------
 There are 0 register/latch pins which need pulse_width check


4. checking unconstrained_internal_endpoints (0)
------------------------------------------------
 There are 0 pins that are not constrained for maximum delay.

 There are 0 pins that are not constrained for maximum delay due to constant clock.


5. checking no_input_delay (1)
------------------------------
 There is 1 input port with no input delay specified. (HIGH)

 There are 0 input ports with no input delay but user has a false path constraint.


6. checking no_output_delay (8)
-------------------------------
 There are 8 ports with no output delay specified. (HIGH)

 There are 0 ports with no output delay but user has a false path constraint

 There are 0 ports with no output delay but with a timing clock defined on it or propagating through it


7. checking multiple_clock (0)
------------------------------
 There are 0 register/latch pins with multiple clocks.


8. checking generated_clocks (0)
--------------------------------
 There are 0 generated clocks that are not connected to a clock source.


9. checking loops (0)
---------------------
 There are 0 combinational loops in the design.


10. checking partial_input_delay (0)
------------------------------------
 There are 0 input ports with partial input delay specified.


11. checking partial_output_delay (0)
-------------------------------------
 There are 0 ports with partial output delay specified.


12. checking latch_loops (0)
----------------------------
 There are 0 combinational latch loops in the design through latch input



------------------------------------------------------------------------------------------------
| Design Timing Summary
| ---------------------
------------------------------------------------------------------------------------------------

    WNS(ns)      TNS(ns)  TNS Failing Endpoints  TNS Total Endpoints      WHS(ns)      THS(ns)  THS Failing Endpoints  THS Total Endpoints     WPWS(ns)     TPWS(ns)  TPWS Failing Endpoints  TPWS Total Endpoints
    -------      -------  ---------------------  -------------------      -------      -------  ---------------------  -------------------     --------     --------  ----------------------  --------------------
     -1.319     -427.209                    505                 1778        0.212        0.000                      0                 1778        1.732        0.000                       0                   575


Timing constraints are not met.


------------------------------------------------------------------------------------------------
| Clock Summary
| -------------
------------------------------------------------------------------------------------------------

Clock         Waveform(ns)         Period(ns)      Frequency(MHz)
-----         ------------         ----------      --------------
clk_target    {0.000 10.000}       20.000          50.000
  clkfb       {0.000 10.000}       20.000          50.000
  clkout_raw  {0.000 2.500}        5.000           200.000


------------------------------------------------------------------------------------------------
| Intra Clock Table
| -----------------
------------------------------------------------------------------------------------------------

Clock             WNS(ns)      TNS(ns)  TNS Failing Endpoints  TNS Total Endpoints      WHS(ns)      THS(ns)  THS Failing Endpoints  THS Total Endpoints     WPWS(ns)     TPWS(ns)  TPWS Failing Endpoints  TPWS Total Endpoints
-----             -------      -------  ---------------------  -------------------      -------      -------  ---------------------  -------------------     --------     --------  ----------------------  --------------------
clk_target                                                                                                                                                      7.000        0.000                       0                     1
  clkfb                                                                                                                                                        18.591        0.000                       0                     3
  clkout_raw       -1.319     -427.209                    505                 1778        0.212        0.000                      0                 1778        1.732        0.000                       0                   571


------------------------------------------------------------------------------------------------
| Inter Clock Table
| -----------------
------------------------------------------------------------------------------------------------

From Clock    To Clock          WNS(ns)      TNS(ns)  TNS Failing Endpoints  TNS Total Endpoints      WHS(ns)      THS(ns)  THS Failing Endpoints  THS Total Endpoints
----------    --------          -------      -------  ---------------------  -------------------      -------      -------  ---------------------  -------------------


------------------------------------------------------------------------------------------------
| Other Path Groups Table
| -----------------------
------------------------------------------------------------------------------------------------

Path Group    From Clock    To Clock          WNS(ns)      TNS(ns)  TNS Failing Endpoints  TNS Total Endpoints      WHS(ns)      THS(ns)  THS Failing Endpoints  THS Total Endpoints
----------    ----------    --------          -------      -------  ---------------------  -------------------      -------      -------  ---------------------  -------------------


------------------------------------------------------------------------------------------------
| Timing Details
| --------------
------------------------------------------------------------------------------------------------


---------------------------------------------------------------------------------------------------
From Clock:  clk_target
  To Clock:  clk_target

Setup :           NA  Failing Endpoints,  Worst Slack           NA  ,  Total Violation           NA
Hold  :           NA  Failing Endpoints,  Worst Slack           NA  ,  Total Violation           NA
PW    :            0  Failing Endpoints,  Worst Slack        7.000ns,  Total Violation        0.000ns
---------------------------------------------------------------------------------------------------


Pulse Width Checks
--------------------------------------------------------------------------------------
Clock Name:         clk_target
Waveform(ns):       { 0.000 10.000 }
Period(ns):         20.000
Sources:            { CLK_50M }

Check Type        Corner  Lib Pin           Reference Pin  Required(ns)  Actual(ns)  Slack(ns)  Location        Pin
Min Period        n/a     PLLE2_ADV/CLKIN1  n/a            1.071         20.000      18.929     PLLE2_ADV_X0Y2  u_clk_ultra_pll/u_plle2_base/CLKIN1
Max Period        n/a     PLLE2_ADV/CLKIN1  n/a            52.633        20.000      32.633     PLLE2_ADV_X0Y2  u_clk_ultra_pll/u_plle2_base/CLKIN1
Low Pulse Width   Slow    PLLE2_ADV/CLKIN1  n/a            3.000         10.000      7.000      PLLE2_ADV_X0Y2  u_clk_ultra_pll/u_plle2_base/CLKIN1
High Pulse Width  Slow    PLLE2_ADV/CLKIN1  n/a            3.000         10.000      7.000      PLLE2_ADV_X0Y2  u_clk_ultra_pll/u_plle2_base/CLKIN1



---------------------------------------------------------------------------------------------------
From Clock:  clkfb
  To Clock:  clkfb

Setup :           NA  Failing Endpoints,  Worst Slack           NA  ,  Total Violation           NA
Hold  :           NA  Failing Endpoints,  Worst Slack           NA  ,  Total Violation           NA
PW    :            0  Failing Endpoints,  Worst Slack       18.591ns,  Total Violation        0.000ns
---------------------------------------------------------------------------------------------------


Pulse Width Checks
--------------------------------------------------------------------------------------
Clock Name:         clkfb
Waveform(ns):       { 0.000 10.000 }
Period(ns):         20.000
Sources:            { u_clk_ultra_pll/u_plle2_base/CLKFBOUT }

Check Type  Corner  Lib Pin            Reference Pin  Required(ns)  Actual(ns)  Slack(ns)  Location        Pin
Min Period  n/a     BUFG/I             n/a            1.408         20.000      18.591     BUFGCTRL_X0Y1   u_clk_ultra_pll/u_clkfb_buf/I
Max Period  n/a     PLLE2_ADV/CLKFBIN  n/a            52.633        20.000      32.633     PLLE2_ADV_X0Y2  u_clk_ultra_pll/u_plle2_base/CLKFBIN



---------------------------------------------------------------------------------------------------
From Clock:  clkout_raw
  To Clock:  clkout_raw

Setup :          505  Failing Endpoints,  Worst Slack       -1.319ns,  Total Violation     -427.209ns
Hold  :            0  Failing Endpoints,  Worst Slack        0.212ns,  Total Violation        0.000ns
PW    :            0  Failing Endpoints,  Worst Slack        1.732ns,  Total Violation        0.000ns
---------------------------------------------------------------------------------------------------


Max Delay Paths
--------------------------------------------------------------------------------------
Slack (VIOLATED) :        -1.319ns  (required time - arrival time)
  Source:                 u_mcu_top/u_mcu_core/u_reg_file/regs_reg[0][10]/C
                            (rising edge-triggered cell FDRE clocked by clkout_raw  {rise@0.000ns fall@2.500ns period=5.000ns})
  Destination:            u_mcu_top/u_mcu_core/u_reg_file/regs_reg[2][4]/D
                            (rising edge-triggered cell FDRE clocked by clkout_raw  {rise@0.000ns fall@2.500ns period=5.000ns})
  Path Group:             clkout_raw
  Path Type:              Setup (Max at Slow Process Corner)
  Requirement:            5.000ns  (clkout_raw rise@5.000ns - clkout_raw rise@0.000ns)
  Data Path Delay:        6.244ns  (logic 1.486ns (23.798%)  route 4.758ns (76.202%))
  Logic Levels:           15  (CARRY4=4 LUT2=1 LUT4=1 LUT5=1 LUT6=6 MUXF7=1 MUXF8=1)
  Clock Path Skew:        -0.016ns (DCD - SCD + CPR)
    Destination Clock Delay (DCD):    -1.249ns = ( 3.751 - 5.000 )
    Source Clock Delay      (SCD):    -1.525ns
    Clock Pessimism Removal (CPR):    -0.292ns
  Clock Uncertainty:      0.049ns  ((TSJ^2 + DJ^2)^1/2) / 2 + PE
    Total System Jitter     (TSJ):    0.071ns
    Discrete Jitter          (DJ):    0.069ns
    Phase Error              (PE):    0.000ns

    Location             Delay type                Incr(ns)  Path(ns)    Netlist Resource(s)
  -------------------------------------------------------------------    -------------------
                         (clock clkout_raw rise edge)
                                                      0.000     0.000 r
    G22                                               0.000     0.000 r  CLK_50M (IN)
                         net (fo=0)                   0.000     0.000    CLK_50M
    G22                  IBUF (Prop_ibuf_I_O)         1.519     1.519 r  CLK_50M_IBUF_inst/O
                         net (fo=1, routed)           1.098     2.617    u_clk_ultra_pll/clk_in
    PLLE2_ADV_X0Y2       PLLE2_ADV (Prop_plle2_adv_CLKIN1_CLKOUT0)
                                                     -7.146    -4.529 r  u_clk_ultra_pll/u_plle2_base/CLKOUT0
                         net (fo=1, routed)           1.440    -3.089    u_clk_ultra_pll/clkout_raw
    BUFGCTRL_X0Y0        BUFG (Prop_bufg_I_O)         0.093    -2.996 r  u_clk_ultra_pll/u_clkout_buf/O
                         net (fo=569, routed)         1.471    -1.525    u_mcu_top/u_mcu_core/u_reg_file/clk
    SLICE_X6Y223         FDRE                                         r  u_mcu_top/u_mcu_core/u_reg_file/regs_reg[0][10]/C
  -------------------------------------------------------------------    -------------------
    SLICE_X6Y223         FDRE (Prop_fdre_C_Q)         0.236    -1.289 r  u_mcu_top/u_mcu_core/u_reg_file/regs_reg[0][10]/Q
                         net (fo=2, routed)           0.722    -0.567    u_mcu_top/u_mcu_core/u_reg_file/regs_reg[0][10]
    SLICE_X7Y220         LUT6 (Prop_lut6_I5_O)        0.128    -0.439 r  u_mcu_top/u_mcu_core/u_reg_file/rdata1[10]_INST_0_i_3/O
                         net (fo=1, routed)           0.000    -0.439    u_mcu_top/u_mcu_core/u_reg_file/rdata1[10]_INST_0_i_3_n_0
    SLICE_X7Y220         MUXF7 (Prop_muxf7_I0_O)      0.120    -0.319 r  u_mcu_top/u_mcu_core/u_reg_file/rdata1[10]_INST_0_i_1/O
                         net (fo=1, routed)           0.000    -0.319    u_mcu_top/u_mcu_core/u_reg_file/rdata1[10]_INST_0_i_1_n_0
    SLICE_X7Y220         MUXF8 (Prop_muxf8_I0_O)      0.045    -0.274 r  u_mcu_top/u_mcu_core/u_reg_file/rdata1[10]_INST_0/O
                         net (fo=25, routed)          0.559     0.285    u_mcu_top/u_mcu_core/alu_a[10]
    SLICE_X8Y222         CARRY4 (Prop_carry4_S[2]_CO[3])
                                                      0.309     0.594 r  u_mcu_top/u_mcu_core/u_ext_test_rom_if_i_6/CO[3]
                         net (fo=1, routed)           0.000     0.594    u_mcu_top/u_mcu_core/u_ext_test_rom_if_i_6_n_0
    SLICE_X8Y223         CARRY4 (Prop_carry4_CI_CO[3])
                                                      0.054     0.648 r  u_mcu_top/u_mcu_core/u_ext_test_rom_if_i_5/CO[3]
                         net (fo=1, routed)           0.000     0.648    u_mcu_top/u_mcu_core/u_ext_test_rom_if_i_5_n_0
    SLICE_X8Y224         CARRY4 (Prop_carry4_CI_CO[3])
                                                      0.054     0.702 r  u_mcu_top/u_mcu_core/u_ext_test_rom_if_i_4/CO[3]
                         net (fo=1, routed)           0.007     0.709    u_mcu_top/u_mcu_core/u_ext_test_rom_if_i_4_n_0
    SLICE_X8Y225         CARRY4 (Prop_carry4_CI_O[2])
                                                      0.112     0.821 f  u_mcu_top/u_mcu_core/u_ext_test_rom_if_i_3/O[2]
                         net (fo=2, routed)           0.472     1.293    u_mcu_top/u_mcu_core/u_ext_test_rom_if/mem_addr[22]
    SLICE_X9Y223         LUT4 (Prop_lut4_I1_O)        0.127     1.420 r  u_mcu_top/u_mcu_core/u_ext_test_rom_if/is_test_rom_INST_0_i_2/O
                         net (fo=1, routed)           0.355     1.775    u_mcu_top/u_mcu_core/u_ext_test_rom_if/is_test_rom_INST_0_i_2_n_0
    SLICE_X9Y223         LUT6 (Prop_lut6_I1_O)        0.043     1.818 r  u_mcu_top/u_mcu_core/u_ext_test_rom_if/is_test_rom_INST_0/O
                         net (fo=26, routed)          0.336     2.153    u_mcu_top/u_mcu_core/u_ext_test_rom_if/is_test_rom
    SLICE_X11Y224        LUT2 (Prop_lut2_I0_O)        0.043     2.196 r  u_mcu_top/u_mcu_core/u_ext_test_rom_if/test_rom_addr[2]_INST_0/O
                         net (fo=20, routed)          0.577     2.774    u_test_ROM/addr[2]
    SLICE_X10Y223        LUT6 (Prop_lut6_I0_O)        0.043     2.817 r  u_test_ROM/test_vector_in[4]_INST_0_i_2/O
                         net (fo=1, routed)           0.399     3.215    u_test_ROM/test_vector_in[4]_INST_0_i_2_n_0
    SLICE_X11Y221        LUT6 (Prop_lut6_I5_O)        0.043     3.258 r  u_test_ROM/test_vector_in[4]_INST_0/O
                         net (fo=2, routed)           0.454     3.713    u_mcu_top/u_mcu_core/u_ext_test_rom_if/test_vector_in[4]
    SLICE_X7Y215         LUT5 (Prop_lut5_I4_O)        0.043     3.756 r  u_mcu_top/u_mcu_core/u_ext_test_rom_if/read_data[4]_INST_0/O
                         net (fo=1, routed)           0.179     3.935    u_mcu_top/u_mcu_core/test_rom_read_data[4]
    SLICE_X5Y215         LUT6 (Prop_lut6_I5_O)        0.043     3.978 f  u_mcu_top/u_mcu_core/u_reg_file_i_60/O
                         net (fo=1, routed)           0.101     4.079    u_mcu_top/u_mcu_core/u_reg_file_i_60_n_0
    SLICE_X5Y215         LUT6 (Prop_lut6_I5_O)        0.043     4.122 r  u_mcu_top/u_mcu_core/u_reg_file_i_26_comp/O
                         net (fo=16, routed)          0.597     4.719    u_mcu_top/u_mcu_core/u_reg_file/wdata[4]
    SLICE_X7Y219         FDRE                                         r  u_mcu_top/u_mcu_core/u_reg_file/regs_reg[2][4]/D
  -------------------------------------------------------------------    -------------------

                         (clock clkout_raw rise edge)
                                                      5.000     5.000 r
    G22                                               0.000     5.000 r  CLK_50M (IN)
                         net (fo=0)                   0.000     5.000    CLK_50M
    G22                  IBUF (Prop_ibuf_I_O)         1.387     6.387 r  CLK_50M_IBUF_inst/O
                         net (fo=1, routed)           1.001     7.388    u_clk_ultra_pll/clk_in
    PLLE2_ADV_X0Y2       PLLE2_ADV (Prop_plle2_adv_CLKIN1_CLKOUT0)
                                                     -6.363     1.025 r  u_clk_ultra_pll/u_plle2_base/CLKOUT0
                         net (fo=1, routed)           1.333     2.358    u_clk_ultra_pll/clkout_raw
    BUFGCTRL_X0Y0        BUFG (Prop_bufg_I_O)         0.083     2.441 r  u_clk_ultra_pll/u_clkout_buf/O
                         net (fo=569, routed)         1.310     3.751    u_mcu_top/u_mcu_core/u_reg_file/clk
    SLICE_X7Y219         FDRE                                         r  u_mcu_top/u_mcu_core/u_reg_file/regs_reg[2][4]/C
                         clock pessimism             -0.292     3.459
                         clock uncertainty           -0.049     3.409
    SLICE_X7Y219         FDRE (Setup_fdre_C_D)       -0.010     3.399    u_mcu_top/u_mcu_core/u_reg_file/regs_reg[2][4]
  -------------------------------------------------------------------
                         required time                          3.399
                         arrival time                          -4.719
  -------------------------------------------------------------------
                         slack                                 -1.319





Min Delay Paths
--------------------------------------------------------------------------------------
Slack (MET) :             0.212ns  (arrival time - required time)
  Source:                 u_mcu_top/u_mcu_core/instr_addr_reg[1]/C
                            (rising edge-triggered cell FDRE clocked by clkout_raw  {rise@0.000ns fall@2.500ns period=5.000ns})
  Destination:            u_mcu_top/u_mcu_core/instr_addr_reg[1]/D
                            (rising edge-triggered cell FDRE clocked by clkout_raw  {rise@0.000ns fall@2.500ns period=5.000ns})
  Path Group:             clkout_raw
  Path Type:              Hold (Min at Fast Process Corner)
  Requirement:            0.000ns  (clkout_raw rise@0.000ns - clkout_raw rise@0.000ns)
  Data Path Delay:        0.272ns  (logic 0.128ns (47.105%)  route 0.144ns (52.895%))
  Logic Levels:           1  (LUT4=1)
  Clock Path Skew:        0.000ns (DCD - SCD - CPR)
    Destination Clock Delay (DCD):    -0.287ns
    Source Clock Delay      (SCD):    -0.248ns
    Clock Pessimism Removal (CPR):    -0.039ns

    Location             Delay type                Incr(ns)  Path(ns)    Netlist Resource(s)
  -------------------------------------------------------------------    -------------------
                         (clock clkout_raw rise edge)
                                                      0.000     0.000 r
    G22                                               0.000     0.000 r  CLK_50M (IN)
                         net (fo=0)                   0.000     0.000    CLK_50M
    G22                  IBUF (Prop_ibuf_I_O)         0.444     0.444 r  CLK_50M_IBUF_inst/O
                         net (fo=1, routed)           0.503     0.947    u_clk_ultra_pll/clk_in
    PLLE2_ADV_X0Y2       PLLE2_ADV (Prop_plle2_adv_CLKIN1_CLKOUT0)
                                                     -2.439    -1.492 r  u_clk_ultra_pll/u_plle2_base/CLKOUT0
                         net (fo=1, routed)           0.579    -0.913    u_clk_ultra_pll/clkout_raw
    BUFGCTRL_X0Y0        BUFG (Prop_bufg_I_O)         0.026    -0.887 r  u_clk_ultra_pll/u_clkout_buf/O
                         net (fo=569, routed)         0.639    -0.248    u_mcu_top/u_mcu_core/clk
    SLICE_X15Y219        FDRE                                         r  u_mcu_top/u_mcu_core/instr_addr_reg[1]/C
  -------------------------------------------------------------------    -------------------
    SLICE_X15Y219        FDRE (Prop_fdre_C_Q)         0.100    -0.148 r  u_mcu_top/u_mcu_core/instr_addr_reg[1]/Q
                         net (fo=65, routed)          0.144    -0.005    u_mcu_top/u_mcu_core/instr_addr[1]
    SLICE_X15Y219        LUT4 (Prop_lut4_I1_O)        0.028     0.023 r  u_mcu_top/u_mcu_core/instr_addr[1]_i_1/O
                         net (fo=1, routed)           0.000     0.023    u_mcu_top/u_mcu_core/p_0_in1_in[1]
    SLICE_X15Y219        FDRE                                         r  u_mcu_top/u_mcu_core/instr_addr_reg[1]/D
  -------------------------------------------------------------------    -------------------

                         (clock clkout_raw rise edge)
                                                      0.000     0.000 r
    G22                                               0.000     0.000 r  CLK_50M (IN)
                         net (fo=0)                   0.000     0.000    CLK_50M
    G22                  IBUF (Prop_ibuf_I_O)         0.640     0.640 r  CLK_50M_IBUF_inst/O
                         net (fo=1, routed)           0.554     1.194    u_clk_ultra_pll/clk_in
    PLLE2_ADV_X0Y2       PLLE2_ADV (Prop_plle2_adv_CLKIN1_CLKOUT0)
                                                     -3.015    -1.821 r  u_clk_ultra_pll/u_plle2_base/CLKOUT0
                         net (fo=1, routed)           0.642    -1.179    u_clk_ultra_pll/clkout_raw
    BUFGCTRL_X0Y0        BUFG (Prop_bufg_I_O)         0.030    -1.149 r  u_clk_ultra_pll/u_clkout_buf/O
                         net (fo=569, routed)         0.862    -0.287    u_mcu_top/u_mcu_core/clk
    SLICE_X15Y219        FDRE                                         r  u_mcu_top/u_mcu_core/instr_addr_reg[1]/C
                         clock pessimism              0.039    -0.248
    SLICE_X15Y219        FDRE (Hold_fdre_C_D)         0.060    -0.188    u_mcu_top/u_mcu_core/instr_addr_reg[1]
  -------------------------------------------------------------------
                         required time                          0.188
                         arrival time                           0.023
  -------------------------------------------------------------------
                         slack                                  0.212





Pulse Width Checks
--------------------------------------------------------------------------------------
Clock Name:         clkout_raw
Waveform(ns):       { 0.000 2.500 }
Period(ns):         5.000
Sources:            { u_clk_ultra_pll/u_plle2_base/CLKOUT0 }

Check Type        Corner  Lib Pin            Reference Pin  Required(ns)  Actual(ns)  Slack(ns)  Location        Pin
Min Period        n/a     BUFG/I             n/a            1.408         5.000       3.591      BUFGCTRL_X0Y0   u_clk_ultra_pll/u_clkout_buf/I
Max Period        n/a     PLLE2_ADV/CLKOUT0  n/a            160.000       5.000       155.000    PLLE2_ADV_X0Y2  u_clk_ultra_pll/u_plle2_base/CLKOUT0
Low Pulse Width   Slow    RAMS64E/CLK        n/a            0.768         2.500       1.732      SLICE_X10Y217   u_mcu_top/u_data_ram/mem_reg_0_255_0_0/RAMS64E_A/CLK
High Pulse Width  Slow    RAMS64E/CLK        n/a            0.768         2.500       1.732      SLICE_X10Y217   u_mcu_top/u_data_ram/mem_reg_0_255_0_0/RAMS64E_A/CLK
