Copyright 1986-2022 Xilinx, Inc. All Rights Reserved. Copyright 2022-2025 Advanced Micro Devices, Inc. All Rights Reserved.
---------------------------------------------------------------------------------------------------------------------------------------------
| Tool Version : Vivado v.2025.2 (win64) Build 6299465 Fri Nov 14 19:35:11 GMT 2025
| Date         : Fri Jul  3 22:19:49 2026
| Host         : LAPTOP-RLNQPQBS running 64-bit major release  (build 9200)
| Command      : report_methodology -file M:/routes/speed_v7_q7_narrow_mul/mcu_fft_q7_narrow_mul/results/vivado_board/board_methodology.rpt
| Design       : board_top
| Device       : xc7k160tffg676-2
| Speed File   : -2
| Design State : Fully Routed
---------------------------------------------------------------------------------------------------------------------------------------------

Report Methodology

Table of Contents
-----------------
1. REPORT SUMMARY
2. REPORT DETAILS

1. REPORT SUMMARY
-----------------
            Netlist: netlist
          Floorplan: impl_1
      Design limits: <entire design considered>
             Max checks: <unlimited>
             Checks found: 9
+-----------+----------+-------------------------------+--------+
| Rule      | Severity | Description                   | Checks |
+-----------+----------+-------------------------------+--------+
| TIMING-18 | Warning  | Missing input or output delay | 9      |
+-----------+----------+-------------------------------+--------+

2. REPORT DETAILS
-----------------
TIMING-18#1 Warning
Missing input or output delay  
An input delay is missing on KEY1 relative to the rising and/or falling clock edge(s) of clk_target.
Related violations: <none>

TIMING-18#2 Warning
Missing input or output delay  
An output delay is missing on LED1 relative to the rising and/or falling clock edge(s) of clk_target.
Related violations: <none>

TIMING-18#3 Warning
Missing input or output delay  
An output delay is missing on LED2 relative to the rising and/or falling clock edge(s) of clk_target.
Related violations: <none>

TIMING-18#4 Warning
Missing input or output delay  
An output delay is missing on LED3 relative to the rising and/or falling clock edge(s) of clk_target.
Related violations: <none>

TIMING-18#5 Warning
Missing input or output delay  
An output delay is missing on LED4 relative to the rising and/or falling clock edge(s) of clk_target.
Related violations: <none>

TIMING-18#6 Warning
Missing input or output delay  
An output delay is missing on LED5 relative to the rising and/or falling clock edge(s) of clk_target.
Related violations: <none>

TIMING-18#7 Warning
Missing input or output delay  
An output delay is missing on LED6 relative to the rising and/or falling clock edge(s) of clk_target.
Related violations: <none>

TIMING-18#8 Warning
Missing input or output delay  
An output delay is missing on LED7 relative to the rising and/or falling clock edge(s) of clk_target.
Related violations: <none>

TIMING-18#9 Warning
Missing input or output delay  
An output delay is missing on LED8 relative to the rising and/or falling clock edge(s) of clk_target.
Related violations: <none>


