Copyright 1986-2022 Xilinx, Inc. All Rights Reserved. Copyright 2022-2025 Advanced Micro Devices, Inc. All Rights Reserved.
---------------------------------------------------------------------------------------------------------------------------------------------------------------------------------------------
| Tool Version : Vivado v.2025.2 (win64) Build 6299465 Fri Nov 14 19:35:11 GMT 2025
| Date         : Sat Jul  4 15:36:05 2026
| Host         : LAPTOP-RLNQPQBS running 64-bit major release  (build 9200)
| Command      : report_timing_summary -file C:/Users/ČÖÔńł˝/OneDrive/ÎÄµµ/ĘýµçĘµŃé/MCU/routes_ultra/V19_pipeline_300/mcu_fft_v19_pipeline_300/results/vivado_board/board_timing_summary.rpt
| Design       : board_top
| Device       : 7k160t-ffg676
| Speed File   : -2  PRODUCTION 1.12 2017-02-17
| Design State : Routed
---------------------------------------------------------------------------------------------------------------------------------------------------------------------------------------------

Timing Summary Report

------------------------------------------------------------------------------------------------
| Timer Settings
| --------------
------------------------------------------------------------------------------------------------

  Enable Multi Corner Analysis               :  Yes
  Enable Pessimism Removal                   :  Yes
  Pessimism Removal Resolution               :  Nearest Common Node
  Enable Input Delay Default Clock           :  No
  Enable Preset / Clear Arcs                 :  No
  Disable Flight Delays                      :  No
  Ignore I/O Paths                           :  No
  Timing Early Launch at Borrowing Latches   :  No
  Borrow Time for Max Delay Exceptions       :  Yes
  Merge Timing Exceptions                    :  Yes
  Inter-SLR Compensation                     :  Conservative

  Corner  Analyze    Analyze    
  Name    Max Paths  Min Paths  
  ------  ---------  ---------  
  Slow    Yes        Yes        
  Fast    Yes        Yes        


------------------------------------------------------------------------------------------------
| Report Methodology
| ------------------
------------------------------------------------------------------------------------------------

No report available as report_methodology has not been run prior. Run report_methodology on the current design for the summary of methodology violations.



check_timing report

Table of Contents
-----------------
1. checking no_clock (0)
2. checking constant_clock (0)
3. checking pulse_width_clock (0)
4. checking unconstrained_internal_endpoints (0)
5. checking no_input_delay (1)
6. checking no_output_delay (8)
7. checking multiple_clock (0)
8. checking generated_clocks (0)
9. checking loops (0)
10. checking partial_input_delay (0)
11. checking partial_output_delay (0)
12. checking latch_loops (0)

1. checking no_clock (0)
------------------------
 There are 0 register/latch pins with no clock.


2. checking constant_clock (0)
------------------------------
 There are 0 register/latch pins with constant_clock.


3. checking pulse_width_clock (0)
---------------------------------
 There are 0 register/latch pins which need pulse_width check


4. checking unconstrained_internal_endpoints (0)
------------------------------------------------
 There are 0 pins that are not constrained for maximum delay.

 There are 0 pins that are not constrained for maximum delay due to constant clock.


5. checking no_input_delay (1)
------------------------------
 There is 1 input port with no input delay specified. (HIGH)

 There are 0 input ports with no input delay but user has a false path constraint.


6. checking no_output_delay (8)
-------------------------------
 There are 8 ports with no output delay specified. (HIGH)

 There are 0 ports with no output delay but user has a false path constraint

 There are 0 ports with no output delay but with a timing clock defined on it or propagating through it


7. checking multiple_clock (0)
------------------------------
 There are 0 register/latch pins with multiple clocks.


8. checking generated_clocks (0)
--------------------------------
 There are 0 generated clocks that are not connected to a clock source.


9. checking loops (0)
---------------------
 There are 0 combinational loops in the design.


10. checking partial_input_delay (0)
------------------------------------
 There are 0 input ports with partial input delay specified.


11. checking partial_output_delay (0)
-------------------------------------
 There are 0 ports with partial output delay specified.


12. checking latch_loops (0)
----------------------------
 There are 0 combinational latch loops in the design through latch input



------------------------------------------------------------------------------------------------
| Design Timing Summary
| ---------------------
------------------------------------------------------------------------------------------------

    WNS(ns)      TNS(ns)  TNS Failing Endpoints  TNS Total Endpoints      WHS(ns)      THS(ns)  THS Failing Endpoints  THS Total Endpoints     WPWS(ns)     TPWS(ns)  TPWS Failing Endpoints  TPWS Total Endpoints  
    -------      -------  ---------------------  -------------------      -------      -------  ---------------------  -------------------     --------     --------  ----------------------  --------------------  
      0.121        0.000                      0                 2211        0.136        0.000                      0                 2211        0.899        0.000                       0                   769  


All user specified timing constraints are met.


------------------------------------------------------------------------------------------------
| Clock Summary
| -------------
------------------------------------------------------------------------------------------------

Clock         Waveform(ns)         Period(ns)      Frequency(MHz)
-----         ------------         ----------      --------------
clk_target    {0.000 10.000}       20.000          50.000          
  clkfb       {0.000 10.000}       20.000          50.000          
  clkout_raw  {0.000 1.667}        3.333           300.000         


------------------------------------------------------------------------------------------------
| Intra Clock Table
| -----------------
------------------------------------------------------------------------------------------------

Clock             WNS(ns)      TNS(ns)  TNS Failing Endpoints  TNS Total Endpoints      WHS(ns)      THS(ns)  THS Failing Endpoints  THS Total Endpoints     WPWS(ns)     TPWS(ns)  TPWS Failing Endpoints  TPWS Total Endpoints  
-----             -------      -------  ---------------------  -------------------      -------      -------  ---------------------  -------------------     --------     --------  ----------------------  --------------------  
clk_target                                                                                                                                                      7.000        0.000                       0                     1  
  clkfb                                                                                                                                                        18.591        0.000                       0                     3  
  clkout_raw        0.121        0.000                      0                 2211        0.136        0.000                      0                 2211        0.899        0.000                       0                   765  


------------------------------------------------------------------------------------------------
| Inter Clock Table
| -----------------
------------------------------------------------------------------------------------------------

From Clock    To Clock          WNS(ns)      TNS(ns)  TNS Failing Endpoints  TNS Total Endpoints      WHS(ns)      THS(ns)  THS Failing Endpoints  THS Total Endpoints  
----------    --------          -------      -------  ---------------------  -------------------      -------      -------  ---------------------  -------------------  


------------------------------------------------------------------------------------------------
| Other Path Groups Table
| -----------------------
------------------------------------------------------------------------------------------------

Path Group    From Clock    To Clock          WNS(ns)      TNS(ns)  TNS Failing Endpoints  TNS Total Endpoints      WHS(ns)      THS(ns)  THS Failing Endpoints  THS Total Endpoints  
----------    ----------    --------          -------      -------  ---------------------  -------------------      -------      -------  ---------------------  -------------------  


------------------------------------------------------------------------------------------------
| Timing Details
| --------------
------------------------------------------------------------------------------------------------


---------------------------------------------------------------------------------------------------
From Clock:  clk_target
  To Clock:  clk_target

Setup :           NA  Failing Endpoints,  Worst Slack           NA  ,  Total Violation           NA
Hold  :           NA  Failing Endpoints,  Worst Slack           NA  ,  Total Violation           NA
PW    :            0  Failing Endpoints,  Worst Slack        7.000ns,  Total Violation        0.000ns
---------------------------------------------------------------------------------------------------


Pulse Width Checks
--------------------------------------------------------------------------------------
Clock Name:         clk_target
Waveform(ns):       { 0.000 10.000 }
Period(ns):         20.000
Sources:            { CLK_50M }

Check Type        Corner  Lib Pin           Reference Pin  Required(ns)  Actual(ns)  Slack(ns)  Location        Pin
Min Period        n/a     PLLE2_ADV/CLKIN1  n/a            1.071         20.000      18.929     PLLE2_ADV_X0Y2  u_clk_ultra_pll/u_plle2_base/CLKIN1
Max Period        n/a     PLLE2_ADV/CLKIN1  n/a            52.633        20.000      32.633     PLLE2_ADV_X0Y2  u_clk_ultra_pll/u_plle2_base/CLKIN1
Low Pulse Width   Slow    PLLE2_ADV/CLKIN1  n/a            3.000         10.000      7.000      PLLE2_ADV_X0Y2  u_clk_ultra_pll/u_plle2_base/CLKIN1
High Pulse Width  Slow    PLLE2_ADV/CLKIN1  n/a            3.000         10.000      7.000      PLLE2_ADV_X0Y2  u_clk_ultra_pll/u_plle2_base/CLKIN1



---------------------------------------------------------------------------------------------------
From Clock:  clkfb
  To Clock:  clkfb

Setup :           NA  Failing Endpoints,  Worst Slack           NA  ,  Total Violation           NA
Hold  :           NA  Failing Endpoints,  Worst Slack           NA  ,  Total Violation           NA
PW    :            0  Failing Endpoints,  Worst Slack       18.591ns,  Total Violation        0.000ns
---------------------------------------------------------------------------------------------------


Pulse Width Checks
--------------------------------------------------------------------------------------
Clock Name:         clkfb
Waveform(ns):       { 0.000 10.000 }
Period(ns):         20.000
Sources:            { u_clk_ultra_pll/u_plle2_base/CLKFBOUT }

Check Type  Corner  Lib Pin            Reference Pin  Required(ns)  Actual(ns)  Slack(ns)  Location        Pin
Min Period  n/a     BUFG/I             n/a            1.408         20.000      18.591     BUFGCTRL_X0Y1   u_clk_ultra_pll/u_clkfb_buf/I
Max Period  n/a     PLLE2_ADV/CLKFBIN  n/a            52.633        20.000      32.633     PLLE2_ADV_X0Y2  u_clk_ultra_pll/u_plle2_base/CLKFBIN



---------------------------------------------------------------------------------------------------
From Clock:  clkout_raw
  To Clock:  clkout_raw

Setup :            0  Failing Endpoints,  Worst Slack        0.121ns,  Total Violation        0.000ns
Hold  :            0  Failing Endpoints,  Worst Slack        0.136ns,  Total Violation        0.000ns
PW    :            0  Failing Endpoints,  Worst Slack        0.899ns,  Total Violation        0.000ns
---------------------------------------------------------------------------------------------------


Max Delay Paths
--------------------------------------------------------------------------------------
Slack (MET) :             0.121ns  (required time - arrival time)
  Source:                 u_mcu_top/u_mcu_core/ex_op1_reg[1]/C
                            (rising edge-triggered cell FDRE clocked by clkout_raw  {rise@0.000ns fall@1.667ns period=3.333ns})
  Destination:            u_mcu_top/u_mcu_core/wb_wdata_reg[10]/D
                            (rising edge-triggered cell FDRE clocked by clkout_raw  {rise@0.000ns fall@1.667ns period=3.333ns})
  Path Group:             clkout_raw
  Path Type:              Setup (Max at Slow Process Corner)
  Requirement:            3.333ns  (clkout_raw rise@3.333ns - clkout_raw rise@0.000ns)
  Data Path Delay:        3.164ns  (logic 0.885ns (27.972%)  route 2.279ns (72.028%))
  Logic Levels:           8  (CARRY4=1 LUT2=2 LUT3=1 LUT6=4)
  Clock Path Skew:        -0.043ns (DCD - SCD + CPR)
    Destination Clock Delay (DCD):    -1.297ns = ( 2.036 - 3.333 ) 
    Source Clock Delay      (SCD):    -1.568ns
    Clock Pessimism Removal (CPR):    -0.314ns
  Clock Uncertainty:      0.039ns  ((TSJ^2 + DJ^2)^1/2) / 2 + PE
    Total System Jitter     (TSJ):    0.071ns
    Discrete Jitter          (DJ):    0.032ns
    Phase Error              (PE):    0.000ns

    Location             Delay type                Incr(ns)  Path(ns)    Netlist Resource(s)
  -------------------------------------------------------------------    -------------------
                         (clock clkout_raw rise edge)
                                                      0.000     0.000 r  
    G22                                               0.000     0.000 r  CLK_50M (IN)
                         net (fo=0)                   0.000     0.000    CLK_50M
    G22                  IBUF (Prop_ibuf_I_O)         1.519     1.519 r  CLK_50M_IBUF_inst/O
                         net (fo=1, routed)           1.098     2.617    u_clk_ultra_pll/clk_in
    PLLE2_ADV_X0Y2       PLLE2_ADV (Prop_plle2_adv_CLKIN1_CLKOUT0)
                                                     -7.146    -4.529 r  u_clk_ultra_pll/u_plle2_base/CLKOUT0
                         net (fo=1, routed)           1.440    -3.089    u_clk_ultra_pll/clkout_raw
    BUFGCTRL_X0Y0        BUFG (Prop_bufg_I_O)         0.093    -2.996 r  u_clk_ultra_pll/u_clkout_buf/O
                         net (fo=763, routed)         1.428    -1.568    u_mcu_top/u_mcu_core/clk
    SLICE_X13Y234        FDRE                                         r  u_mcu_top/u_mcu_core/ex_op1_reg[1]/C
  -------------------------------------------------------------------    -------------------
    SLICE_X13Y234        FDRE (Prop_fdre_C_Q)         0.223    -1.345 r  u_mcu_top/u_mcu_core/ex_op1_reg[1]/Q
                         net (fo=10, routed)          0.345    -1.000    u_mcu_top/u_mcu_core/ex_op1_reg_n_0_[1]
    SLICE_X17Y234        LUT2 (Prop_lut2_I0_O)        0.043    -0.957 r  u_mcu_top/u_mcu_core/dmem_addr[0]_INST_0_i_3/O
                         net (fo=1, routed)           0.000    -0.957    u_mcu_top/u_mcu_core/dmem_addr[0]_INST_0_i_3_n_0
    SLICE_X17Y234        CARRY4 (Prop_carry4_S[1]_O[2])
                                                      0.282    -0.675 r  u_mcu_top/u_mcu_core/dmem_addr[0]_INST_0/O[2]
                         net (fo=68, routed)          0.335    -0.341    u_mcu_top/u_mcu_core/u_ext_test_rom_if/test_offset[2]
    SLICE_X19Y235        LUT2 (Prop_lut2_I1_O)        0.122    -0.219 r  u_mcu_top/u_mcu_core/u_ext_test_rom_if/test_rom_addr[2]_INST_0/O
                         net (fo=20, routed)          0.675     0.456    u_test_ROM/addr[2]
    SLICE_X19Y232        LUT6 (Prop_lut6_I4_O)        0.043     0.499 r  u_test_ROM/test_vector_in[3]_INST_0_i_1/O
                         net (fo=1, routed)           0.225     0.725    u_test_ROM/test_vector_in[3]_INST_0_i_1_n_0
    SLICE_X17Y232        LUT6 (Prop_lut6_I3_O)        0.043     0.768 r  u_test_ROM/test_vector_in[3]_INST_0/O
                         net (fo=2, routed)           0.419     1.186    u_mcu_top/u_mcu_core/u_ext_test_rom_if/test_vector_in[3]
    SLICE_X17Y236        LUT6 (Prop_lut6_I0_O)        0.043     1.229 r  u_mcu_top/u_mcu_core/u_ext_test_rom_if/read_data[10]_INST_0/O
                         net (fo=1, routed)           0.181     1.411    u_mcu_top/u_mcu_core/test_rom_read_data[10]
    SLICE_X17Y237        LUT6 (Prop_lut6_I1_O)        0.043     1.454 r  u_mcu_top/u_mcu_core/wb_wdata[10]_i_4/O
                         net (fo=1, routed)           0.099     1.553    u_mcu_top/u_mcu_core/wb_wdata[10]_i_4_n_0
    SLICE_X17Y237        LUT3 (Prop_lut3_I2_O)        0.043     1.596 r  u_mcu_top/u_mcu_core/wb_wdata[10]_i_1/O
                         net (fo=1, routed)           0.000     1.596    u_mcu_top/u_mcu_core/wb_wdata[10]_i_1_n_0
    SLICE_X17Y237        FDRE                                         r  u_mcu_top/u_mcu_core/wb_wdata_reg[10]/D
  -------------------------------------------------------------------    -------------------

                         (clock clkout_raw rise edge)
                                                      3.333     3.333 r  
    G22                                               0.000     3.333 r  CLK_50M (IN)
                         net (fo=0)                   0.000     3.333    CLK_50M
    G22                  IBUF (Prop_ibuf_I_O)         1.387     4.720 r  CLK_50M_IBUF_inst/O
                         net (fo=1, routed)           1.001     5.721    u_clk_ultra_pll/clk_in
    PLLE2_ADV_X0Y2       PLLE2_ADV (Prop_plle2_adv_CLKIN1_CLKOUT0)
                                                     -6.363    -0.642 r  u_clk_ultra_pll/u_plle2_base/CLKOUT0
                         net (fo=1, routed)           1.333     0.691    u_clk_ultra_pll/clkout_raw
    BUFGCTRL_X0Y0        BUFG (Prop_bufg_I_O)         0.083     0.774 r  u_clk_ultra_pll/u_clkout_buf/O
                         net (fo=763, routed)         1.262     2.036    u_mcu_top/u_mcu_core/clk
    SLICE_X17Y237        FDRE                                         r  u_mcu_top/u_mcu_core/wb_wdata_reg[10]/C
                         clock pessimism             -0.314     1.722    
                         clock uncertainty           -0.039     1.683    
    SLICE_X17Y237        FDRE (Setup_fdre_C_D)        0.033     1.716    u_mcu_top/u_mcu_core/wb_wdata_reg[10]
  -------------------------------------------------------------------
                         required time                          1.716    
                         arrival time                          -1.596    
  -------------------------------------------------------------------
                         slack                                  0.121    





Min Delay Paths
--------------------------------------------------------------------------------------
Slack (MET) :             0.136ns  (arrival time - required time)
  Source:                 u_mcu_top/u_mcu_core/mul_multiplicand_reg[2]/C
                            (rising edge-triggered cell FDRE clocked by clkout_raw  {rise@0.000ns fall@1.667ns period=3.333ns})
  Destination:            u_mcu_top/u_mcu_core/mul_acc_reg[2]/D
                            (rising edge-triggered cell FDRE clocked by clkout_raw  {rise@0.000ns fall@1.667ns period=3.333ns})
  Path Group:             clkout_raw
  Path Type:              Hold (Min at Fast Process Corner)
  Requirement:            0.000ns  (clkout_raw rise@0.000ns - clkout_raw rise@0.000ns)
  Data Path Delay:        0.239ns  (logic 0.175ns (73.096%)  route 0.064ns (26.904%))
  Logic Levels:           2  (CARRY4=1 LUT3=1)
  Clock Path Skew:        0.011ns (DCD - SCD - CPR)
    Destination Clock Delay (DCD):    -0.278ns
    Source Clock Delay      (SCD):    -0.241ns
    Clock Pessimism Removal (CPR):    -0.048ns

    Location             Delay type                Incr(ns)  Path(ns)    Netlist Resource(s)
  -------------------------------------------------------------------    -------------------
                         (clock clkout_raw rise edge)
                                                      0.000     0.000 r  
    G22                                               0.000     0.000 r  CLK_50M (IN)
                         net (fo=0)                   0.000     0.000    CLK_50M
    G22                  IBUF (Prop_ibuf_I_O)         0.444     0.444 r  CLK_50M_IBUF_inst/O
                         net (fo=1, routed)           0.503     0.947    u_clk_ultra_pll/clk_in
    PLLE2_ADV_X0Y2       PLLE2_ADV (Prop_plle2_adv_CLKIN1_CLKOUT0)
                                                     -2.439    -1.492 r  u_clk_ultra_pll/u_plle2_base/CLKOUT0
                         net (fo=1, routed)           0.579    -0.913    u_clk_ultra_pll/clkout_raw
    BUFGCTRL_X0Y0        BUFG (Prop_bufg_I_O)         0.026    -0.887 r  u_clk_ultra_pll/u_clkout_buf/O
                         net (fo=763, routed)         0.646    -0.241    u_mcu_top/u_mcu_core/clk
    SLICE_X11Y238        FDRE                                         r  u_mcu_top/u_mcu_core/mul_multiplicand_reg[2]/C
  -------------------------------------------------------------------    -------------------
    SLICE_X11Y238        FDRE (Prop_fdre_C_Q)         0.100    -0.141 r  u_mcu_top/u_mcu_core/mul_multiplicand_reg[2]/Q
                         net (fo=2, routed)           0.064    -0.077    u_mcu_top/u_mcu_core/mul_multiplicand_reg_n_0_[2]
    SLICE_X10Y238        LUT3 (Prop_lut3_I1_O)        0.028    -0.049 r  u_mcu_top/u_mcu_core/mul_acc[3]_i_3/O
                         net (fo=1, routed)           0.000    -0.049    u_mcu_top/u_mcu_core/mul_acc[3]_i_3_n_0
    SLICE_X10Y238        CARRY4 (Prop_carry4_S[2]_O[2])
                                                      0.047    -0.002 r  u_mcu_top/u_mcu_core/mul_acc_reg[3]_i_1/O[2]
                         net (fo=1, routed)           0.000    -0.002    u_mcu_top/u_mcu_core/mul_acc_next[2]
    SLICE_X10Y238        FDRE                                         r  u_mcu_top/u_mcu_core/mul_acc_reg[2]/D
  -------------------------------------------------------------------    -------------------

                         (clock clkout_raw rise edge)
                                                      0.000     0.000 r  
    G22                                               0.000     0.000 r  CLK_50M (IN)
                         net (fo=0)                   0.000     0.000    CLK_50M
    G22                  IBUF (Prop_ibuf_I_O)         0.640     0.640 r  CLK_50M_IBUF_inst/O
                         net (fo=1, routed)           0.554     1.194    u_clk_ultra_pll/clk_in
    PLLE2_ADV_X0Y2       PLLE2_ADV (Prop_plle2_adv_CLKIN1_CLKOUT0)
                                                     -3.015    -1.821 r  u_clk_ultra_pll/u_plle2_base/CLKOUT0
                         net (fo=1, routed)           0.642    -1.179    u_clk_ultra_pll/clkout_raw
    BUFGCTRL_X0Y0        BUFG (Prop_bufg_I_O)         0.030    -1.149 r  u_clk_ultra_pll/u_clkout_buf/O
                         net (fo=763, routed)         0.871    -0.278    u_mcu_top/u_mcu_core/clk
    SLICE_X10Y238        FDRE                                         r  u_mcu_top/u_mcu_core/mul_acc_reg[2]/C
                         clock pessimism              0.048    -0.230    
    SLICE_X10Y238        FDRE (Hold_fdre_C_D)         0.092    -0.138    u_mcu_top/u_mcu_core/mul_acc_reg[2]
  -------------------------------------------------------------------
                         required time                          0.138    
                         arrival time                          -0.002    
  -------------------------------------------------------------------
                         slack                                  0.136    





Pulse Width Checks
--------------------------------------------------------------------------------------
Clock Name:         clkout_raw
Waveform(ns):       { 0.000 1.667 }
Period(ns):         3.333
Sources:            { u_clk_ultra_pll/u_plle2_base/CLKOUT0 }

Check Type        Corner  Lib Pin            Reference Pin  Required(ns)  Actual(ns)  Slack(ns)  Location        Pin
Min Period        n/a     BUFG/I             n/a            1.408         3.333       1.925      BUFGCTRL_X0Y0   u_clk_ultra_pll/u_clkout_buf/I
Max Period        n/a     PLLE2_ADV/CLKOUT0  n/a            160.000       3.333       156.667    PLLE2_ADV_X0Y2  u_clk_ultra_pll/u_plle2_base/CLKOUT0
Low Pulse Width   Slow    RAMS64E/CLK        n/a            0.768         1.667       0.899      SLICE_X14Y234   u_mcu_top/u_data_ram/mem_reg_0_255_0_0/RAMS64E_A/CLK
High Pulse Width  Slow    RAMS64E/CLK        n/a            0.768         1.667       0.899      SLICE_X14Y234   u_mcu_top/u_data_ram/mem_reg_0_255_0_0/RAMS64E_A/CLK



