Copyright 1986-2022 Xilinx, Inc. All Rights Reserved. Copyright 2022-2025 Advanced Micro Devices, Inc. All Rights Reserved.
------------------------------------------------------------------------------------------------------------------------------------------------------------------------------------------------------------------------------------
| Tool Version : Vivado v.2025.2 (win64) Build 6299465 Fri Nov 14 19:35:11 GMT 2025
| Date         : Sun Jul  5 05:16:29 2026
| Host         : LAPTOP-RLNQPQBS running 64-bit major release  (build 9200)
| Command      : report_utilization -hierarchical -file C:/Users/ČÖÔńł˝/OneDrive/ÎÄµµ/ĘýµçĘµŃé/MCU/routes_ultra/V53_quad_output_owner_300/mcu_fft_v53_quad_output_owner_300/results/vivado_board/board_utilization_hierarchical.rpt
| Design       : board_top
| Device       : xc7k160tffg676-2
| Speed File   : -2
| Design State : Physopt postRoute
------------------------------------------------------------------------------------------------------------------------------------------------------------------------------------------------------------------------------------

Utilization Design Information

Table of Contents
-----------------
1. Utilization by Hierarchy

1. Utilization by Hierarchy
---------------------------

+-----------------------+-----------------+------------+------------+---------+------+------+--------+--------+------------+
|        Instance       |      Module     | Total LUTs | Logic LUTs | LUTRAMs | SRLs |  FFs | RAMB36 | RAMB18 | DSP Blocks |
+-----------------------+-----------------+------------+------------+---------+------+------+--------+--------+------------+
| board_top             |           (top) |       5002 |       4954 |      48 |    0 | 3718 |      0 |      0 |          0 |
|   (board_top)         |           (top) |          8 |          8 |       0 |    0 |    0 |      0 |      0 |          0 |
|   u_mcu_top           |         mcu_top |       4894 |       4894 |       0 |    0 | 3718 |      0 |      0 |          0 |
|     (u_mcu_top)       |         mcu_top |         83 |         83 |       0 |    0 |   16 |      0 |      0 |          0 |
|     u_instr_rom_core0 |       instr_rom |         68 |         68 |       0 |    0 |    0 |      0 |      0 |          0 |
|     u_mcu_core0       |     mcu_core__1 |        991 |        991 |       0 |    0 |  803 |      0 |      0 |          0 |
|       (u_mcu_core0)   |     mcu_core__1 |        692 |        692 |       0 |    0 |  291 |      0 |      0 |          0 |
|       u_reg_file      |     reg_file__1 |        264 |        264 |       0 |    0 |  512 |      0 |      0 |          0 |
|     u_mcu_core1       |     mcu_core__2 |        980 |        980 |       0 |    0 |  790 |      0 |      0 |          0 |
|       (u_mcu_core1)   |     mcu_core__2 |        703 |        703 |       0 |    0 |  278 |      0 |      0 |          0 |
|       u_reg_file      |     reg_file__2 |        264 |        264 |       0 |    0 |  512 |      0 |      0 |          0 |
|     u_mcu_core2       |     mcu_core__3 |        914 |        914 |       0 |    0 |  789 |      0 |      0 |          0 |
|       (u_mcu_core2)   |     mcu_core__3 |        700 |        700 |       0 |    0 |  277 |      0 |      0 |          0 |
|       u_reg_file      |     reg_file__3 |        200 |        200 |       0 |    0 |  512 |      0 |      0 |          0 |
|     u_mcu_core3       |        mcu_core |        910 |        910 |       0 |    0 |  789 |      0 |      0 |          0 |
|       (u_mcu_core3)   |        mcu_core |        697 |        697 |       0 |    0 |  277 |      0 |      0 |          0 |
|       u_reg_file      |        reg_file |        200 |        200 |       0 |    0 |  512 |      0 |      0 |          0 |
|     u_shared_data_ram | shared_data_ram |        836 |        836 |       0 |    0 |  512 |      0 |      0 |          0 |
|   u_verify_RAM_quad   | verify_RAM_quad |         64 |         16 |      48 |    0 |    0 |      0 |      0 |          0 |
+-----------------------+-----------------+------------+------------+---------+------+------+--------+--------+------------+
* Note: The sum of lower-level cells may be larger than their parent cells total, due to cross-hierarchy LUT combining


