Copyright 1986-2022 Xilinx, Inc. All Rights Reserved. Copyright 2022-2025 Advanced Micro Devices, Inc. All Rights Reserved.
-----------------------------------------------------------------------------------------------------------------------------------------------------------------------------------------------------------------------------------
| Tool Version : Vivado v.2025.2 (win64) Build 6299465 Fri Nov 14 19:35:11 GMT 2025
| Date         : Sat Jul  4 23:36:54 2026
| Host         : LAPTOP-RLNQPQBS running 64-bit major release  (build 9200)
| Command      : report_timing_summary -file C:/Users/ČÖÔńł˝/OneDrive/ÎÄµµ/ĘýµçĘµŃé/MCU/routes_ultra/V38_dual_mcu_stage2_wait_reduce_300/mcu_fft_v38_dual_mcu_stage2_wait_reduce_300/results/vivado_board/board_timing_summary.rpt
| Design       : board_top
| Device       : 7k160t-ffg676
| Speed File   : -2  PRODUCTION 1.12 2017-02-17
| Design State : Physopt postRoute
-----------------------------------------------------------------------------------------------------------------------------------------------------------------------------------------------------------------------------------

Timing Summary Report

------------------------------------------------------------------------------------------------
| Timer Settings
| --------------
------------------------------------------------------------------------------------------------

  Enable Multi Corner Analysis               :  Yes
  Enable Pessimism Removal                   :  Yes
  Pessimism Removal Resolution               :  Nearest Common Node
  Enable Input Delay Default Clock           :  No
  Enable Preset / Clear Arcs                 :  No
  Disable Flight Delays                      :  No
  Ignore I/O Paths                           :  No
  Timing Early Launch at Borrowing Latches   :  No
  Borrow Time for Max Delay Exceptions       :  Yes
  Merge Timing Exceptions                    :  Yes
  Inter-SLR Compensation                     :  Conservative

  Corner  Analyze    Analyze    
  Name    Max Paths  Min Paths  
  ------  ---------  ---------  
  Slow    Yes        Yes        
  Fast    Yes        Yes        


------------------------------------------------------------------------------------------------
| Report Methodology
| ------------------
------------------------------------------------------------------------------------------------

No report available as report_methodology has not been run prior. Run report_methodology on the current design for the summary of methodology violations.



check_timing report

Table of Contents
-----------------
1. checking no_clock (0)
2. checking constant_clock (0)
3. checking pulse_width_clock (0)
4. checking unconstrained_internal_endpoints (0)
5. checking no_input_delay (1)
6. checking no_output_delay (8)
7. checking multiple_clock (0)
8. checking generated_clocks (0)
9. checking loops (0)
10. checking partial_input_delay (0)
11. checking partial_output_delay (0)
12. checking latch_loops (0)

1. checking no_clock (0)
------------------------
 There are 0 register/latch pins with no clock.


2. checking constant_clock (0)
------------------------------
 There are 0 register/latch pins with constant_clock.


3. checking pulse_width_clock (0)
---------------------------------
 There are 0 register/latch pins which need pulse_width check


4. checking unconstrained_internal_endpoints (0)
------------------------------------------------
 There are 0 pins that are not constrained for maximum delay.

 There are 0 pins that are not constrained for maximum delay due to constant clock.


5. checking no_input_delay (1)
------------------------------
 There is 1 input port with no input delay specified. (HIGH)

 There are 0 input ports with no input delay but user has a false path constraint.


6. checking no_output_delay (8)
-------------------------------
 There are 8 ports with no output delay specified. (HIGH)

 There are 0 ports with no output delay but user has a false path constraint

 There are 0 ports with no output delay but with a timing clock defined on it or propagating through it


7. checking multiple_clock (0)
------------------------------
 There are 0 register/latch pins with multiple clocks.


8. checking generated_clocks (0)
--------------------------------
 There are 0 generated clocks that are not connected to a clock source.


9. checking loops (0)
---------------------
 There are 0 combinational loops in the design.


10. checking partial_input_delay (0)
------------------------------------
 There are 0 input ports with partial input delay specified.


11. checking partial_output_delay (0)
-------------------------------------
 There are 0 ports with partial output delay specified.


12. checking latch_loops (0)
----------------------------
 There are 0 combinational latch loops in the design through latch input



------------------------------------------------------------------------------------------------
| Design Timing Summary
| ---------------------
------------------------------------------------------------------------------------------------

    WNS(ns)      TNS(ns)  TNS Failing Endpoints  TNS Total Endpoints      WHS(ns)      THS(ns)  THS Failing Endpoints  THS Total Endpoints     WPWS(ns)     TPWS(ns)  TPWS Failing Endpoints  TPWS Total Endpoints  
    -------      -------  ---------------------  -------------------      -------      -------  ---------------------  -------------------     --------     --------  ----------------------  --------------------  
      0.091        0.000                      0                 3892        0.127        0.000                      0                 3892        0.899        0.000                       0                  1697  


All user specified timing constraints are met.


------------------------------------------------------------------------------------------------
| Clock Summary
| -------------
------------------------------------------------------------------------------------------------

Clock         Waveform(ns)         Period(ns)      Frequency(MHz)
-----         ------------         ----------      --------------
clk_target    {0.000 10.000}       20.000          50.000          
  clkfb       {0.000 10.000}       20.000          50.000          
  clkout_raw  {0.000 1.667}        3.333           300.000         


------------------------------------------------------------------------------------------------
| Intra Clock Table
| -----------------
------------------------------------------------------------------------------------------------

Clock             WNS(ns)      TNS(ns)  TNS Failing Endpoints  TNS Total Endpoints      WHS(ns)      THS(ns)  THS Failing Endpoints  THS Total Endpoints     WPWS(ns)     TPWS(ns)  TPWS Failing Endpoints  TPWS Total Endpoints  
-----             -------      -------  ---------------------  -------------------      -------      -------  ---------------------  -------------------     --------     --------  ----------------------  --------------------  
clk_target                                                                                                                                                      7.000        0.000                       0                     1  
  clkfb                                                                                                                                                        18.591        0.000                       0                     3  
  clkout_raw        0.091        0.000                      0                 3892        0.127        0.000                      0                 3892        0.899        0.000                       0                  1693  


------------------------------------------------------------------------------------------------
| Inter Clock Table
| -----------------
------------------------------------------------------------------------------------------------

From Clock    To Clock          WNS(ns)      TNS(ns)  TNS Failing Endpoints  TNS Total Endpoints      WHS(ns)      THS(ns)  THS Failing Endpoints  THS Total Endpoints  
----------    --------          -------      -------  ---------------------  -------------------      -------      -------  ---------------------  -------------------  


------------------------------------------------------------------------------------------------
| Other Path Groups Table
| -----------------------
------------------------------------------------------------------------------------------------

Path Group    From Clock    To Clock          WNS(ns)      TNS(ns)  TNS Failing Endpoints  TNS Total Endpoints      WHS(ns)      THS(ns)  THS Failing Endpoints  THS Total Endpoints  
----------    ----------    --------          -------      -------  ---------------------  -------------------      -------      -------  ---------------------  -------------------  


------------------------------------------------------------------------------------------------
| Timing Details
| --------------
------------------------------------------------------------------------------------------------


---------------------------------------------------------------------------------------------------
From Clock:  clk_target
  To Clock:  clk_target

Setup :           NA  Failing Endpoints,  Worst Slack           NA  ,  Total Violation           NA
Hold  :           NA  Failing Endpoints,  Worst Slack           NA  ,  Total Violation           NA
PW    :            0  Failing Endpoints,  Worst Slack        7.000ns,  Total Violation        0.000ns
---------------------------------------------------------------------------------------------------


Pulse Width Checks
--------------------------------------------------------------------------------------
Clock Name:         clk_target
Waveform(ns):       { 0.000 10.000 }
Period(ns):         20.000
Sources:            { CLK_50M }

Check Type        Corner  Lib Pin           Reference Pin  Required(ns)  Actual(ns)  Slack(ns)  Location        Pin
Min Period        n/a     PLLE2_ADV/CLKIN1  n/a            1.071         20.000      18.929     PLLE2_ADV_X0Y2  u_clk_ultra_pll/u_plle2_base/CLKIN1
Max Period        n/a     PLLE2_ADV/CLKIN1  n/a            52.633        20.000      32.633     PLLE2_ADV_X0Y2  u_clk_ultra_pll/u_plle2_base/CLKIN1
Low Pulse Width   Slow    PLLE2_ADV/CLKIN1  n/a            3.000         10.000      7.000      PLLE2_ADV_X0Y2  u_clk_ultra_pll/u_plle2_base/CLKIN1
High Pulse Width  Slow    PLLE2_ADV/CLKIN1  n/a            3.000         10.000      7.000      PLLE2_ADV_X0Y2  u_clk_ultra_pll/u_plle2_base/CLKIN1



---------------------------------------------------------------------------------------------------
From Clock:  clkfb
  To Clock:  clkfb

Setup :           NA  Failing Endpoints,  Worst Slack           NA  ,  Total Violation           NA
Hold  :           NA  Failing Endpoints,  Worst Slack           NA  ,  Total Violation           NA
PW    :            0  Failing Endpoints,  Worst Slack       18.591ns,  Total Violation        0.000ns
---------------------------------------------------------------------------------------------------


Pulse Width Checks
--------------------------------------------------------------------------------------
Clock Name:         clkfb
Waveform(ns):       { 0.000 10.000 }
Period(ns):         20.000
Sources:            { u_clk_ultra_pll/u_plle2_base/CLKFBOUT }

Check Type  Corner  Lib Pin            Reference Pin  Required(ns)  Actual(ns)  Slack(ns)  Location        Pin
Min Period  n/a     BUFG/I             n/a            1.408         20.000      18.591     BUFGCTRL_X0Y1   u_clk_ultra_pll/u_clkfb_buf/I
Max Period  n/a     PLLE2_ADV/CLKFBIN  n/a            52.633        20.000      32.633     PLLE2_ADV_X0Y2  u_clk_ultra_pll/u_plle2_base/CLKFBIN



---------------------------------------------------------------------------------------------------
From Clock:  clkout_raw
  To Clock:  clkout_raw

Setup :            0  Failing Endpoints,  Worst Slack        0.091ns,  Total Violation        0.000ns
Hold  :            0  Failing Endpoints,  Worst Slack        0.127ns,  Total Violation        0.000ns
PW    :            0  Failing Endpoints,  Worst Slack        0.899ns,  Total Violation        0.000ns
---------------------------------------------------------------------------------------------------


Max Delay Paths
--------------------------------------------------------------------------------------
Slack (MET) :             0.091ns  (required time - arrival time)
  Source:                 u_mcu_top/u_mcu_core0/ex_op1_reg[2]/C
                            (rising edge-triggered cell FDRE clocked by clkout_raw  {rise@0.000ns fall@1.667ns period=3.333ns})
  Destination:            u_mcu_top/u_mcu_core1/wb_wdata_reg[16]/D
                            (rising edge-triggered cell FDRE clocked by clkout_raw  {rise@0.000ns fall@1.667ns period=3.333ns})
  Path Group:             clkout_raw
  Path Type:              Setup (Max at Slow Process Corner)
  Requirement:            3.333ns  (clkout_raw rise@3.333ns - clkout_raw rise@0.000ns)
  Data Path Delay:        3.192ns  (logic 1.094ns (34.276%)  route 2.098ns (65.724%))
  Logic Levels:           9  (CARRY4=2 LUT2=1 LUT5=1 LUT6=3 MUXF7=1 MUXF8=1)
  Clock Path Skew:        -0.046ns (DCD - SCD + CPR)
    Destination Clock Delay (DCD):    -1.342ns = ( 1.991 - 3.333 ) 
    Source Clock Delay      (SCD):    -1.610ns
    Clock Pessimism Removal (CPR):    -0.314ns
  Clock Uncertainty:      0.039ns  ((TSJ^2 + DJ^2)^1/2) / 2 + PE
    Total System Jitter     (TSJ):    0.071ns
    Discrete Jitter          (DJ):    0.032ns
    Phase Error              (PE):    0.000ns

    Location             Delay type                Incr(ns)  Path(ns)    Netlist Resource(s)
  -------------------------------------------------------------------    -------------------
                         (clock clkout_raw rise edge)
                                                      0.000     0.000 r  
    G22                                               0.000     0.000 r  CLK_50M (IN)
                         net (fo=0)                   0.000     0.000    CLK_50M
    G22                  IBUF (Prop_ibuf_I_O)         1.519     1.519 r  CLK_50M_IBUF_inst/O
                         net (fo=1, routed)           1.098     2.617    u_clk_ultra_pll/clk_in
    PLLE2_ADV_X0Y2       PLLE2_ADV (Prop_plle2_adv_CLKIN1_CLKOUT0)
                                                     -7.146    -4.529 r  u_clk_ultra_pll/u_plle2_base/CLKOUT0
                         net (fo=1, routed)           1.440    -3.089    u_clk_ultra_pll/clkout_raw
    BUFGCTRL_X0Y0        BUFG (Prop_bufg_I_O)         0.093    -2.996 r  u_clk_ultra_pll/u_clkout_buf/O
                         net (fo=1691, routed)        1.386    -1.610    u_mcu_top/u_mcu_core0/clk
    SLICE_X31Y208        FDRE                                         r  u_mcu_top/u_mcu_core0/ex_op1_reg[2]/C
  -------------------------------------------------------------------    -------------------
    SLICE_X31Y208        FDRE (Prop_fdre_C_Q)         0.223    -1.387 r  u_mcu_top/u_mcu_core0/ex_op1_reg[2]/Q
                         net (fo=11, routed)          0.468    -0.919    u_mcu_top/u_mcu_core0/ex_op1_reg_n_0_[2]
    SLICE_X30Y208        CARRY4 (Prop_carry4_DI[2]_CO[3])
                                                      0.197    -0.722 r  u_mcu_top/u_mcu_core0/dmem_addr[0]_INST_0/CO[3]
                         net (fo=1, routed)           0.000    -0.722    u_mcu_top/u_mcu_core0/dmem_addr[0]_INST_0_n_0
    SLICE_X30Y209        CARRY4 (Prop_carry4_CI_O[3])
                                                      0.149    -0.573 f  u_mcu_top/u_mcu_core0/dmem_addr[4]_INST_0/O[3]
                         net (fo=17, routed)          0.196    -0.377    u_mcu_top/u_mcu_core0/u_ext_test_rom_if/test_offset[7]
    SLICE_X31Y210        LUT2 (Prop_lut2_I1_O)        0.120    -0.257 f  u_mcu_top/u_mcu_core0/u_ext_test_rom_if/test_rom_addr[7]_INST_0/O
                         net (fo=24, routed)          0.500     0.243    u_test_ROM/addr[7]
    SLICE_X28Y209        LUT5 (Prop_lut5_I2_O)        0.043     0.286 r  u_test_ROM/test_vector_in[15]_INST_0_i_5/O
                         net (fo=1, routed)           0.000     0.286    u_test_ROM/test_vector_in[15]_INST_0_i_5_n_0
    SLICE_X28Y209        MUXF7 (Prop_muxf7_I0_O)      0.107     0.393 r  u_test_ROM/test_vector_in[15]_INST_0_i_2/O
                         net (fo=1, routed)           0.000     0.393    u_test_ROM/test_vector_in[15]_INST_0_i_2_n_0
    SLICE_X28Y209        MUXF8 (Prop_muxf8_I1_O)      0.043     0.436 r  u_test_ROM/test_vector_in[15]_INST_0/O
                         net (fo=16, routed)          0.392     0.828    u_mcu_top/u_mcu_core1/test_vector_in[9]
    SLICE_X28Y212        LUT6 (Prop_lut6_I3_O)        0.126     0.954 f  u_mcu_top/u_mcu_core1/wb_wdata[28]_i_2/O
                         net (fo=17, routed)          0.355     1.309    u_mcu_top/u_mcu_core1/wb_wdata[28]_i_2_n_0
    SLICE_X26Y212        LUT6 (Prop_lut6_I5_O)        0.043     1.352 f  u_mcu_top/u_mcu_core1/wb_wdata[16]_i_2/O
                         net (fo=1, routed)           0.186     1.539    u_mcu_top/u_mcu_core1/wb_wdata[16]_i_2_n_0
    SLICE_X25Y213        LUT6 (Prop_lut6_I0_O)        0.043     1.582 r  u_mcu_top/u_mcu_core1/wb_wdata[16]_i_1/O
                         net (fo=1, routed)           0.000     1.582    u_mcu_top/u_mcu_core1/wb_wdata[16]_i_1_n_0
    SLICE_X25Y213        FDRE                                         r  u_mcu_top/u_mcu_core1/wb_wdata_reg[16]/D
  -------------------------------------------------------------------    -------------------

                         (clock clkout_raw rise edge)
                                                      3.333     3.333 r  
    G22                                               0.000     3.333 r  CLK_50M (IN)
                         net (fo=0)                   0.000     3.333    CLK_50M
    G22                  IBUF (Prop_ibuf_I_O)         1.387     4.720 r  CLK_50M_IBUF_inst/O
                         net (fo=1, routed)           1.001     5.721    u_clk_ultra_pll/clk_in
    PLLE2_ADV_X0Y2       PLLE2_ADV (Prop_plle2_adv_CLKIN1_CLKOUT0)
                                                     -6.363    -0.642 r  u_clk_ultra_pll/u_plle2_base/CLKOUT0
                         net (fo=1, routed)           1.333     0.691    u_clk_ultra_pll/clkout_raw
    BUFGCTRL_X0Y0        BUFG (Prop_bufg_I_O)         0.083     0.774 r  u_clk_ultra_pll/u_clkout_buf/O
                         net (fo=1691, routed)        1.217     1.991    u_mcu_top/u_mcu_core1/clk
    SLICE_X25Y213        FDRE                                         r  u_mcu_top/u_mcu_core1/wb_wdata_reg[16]/C
                         clock pessimism             -0.314     1.677    
                         clock uncertainty           -0.039     1.638    
    SLICE_X25Y213        FDRE (Setup_fdre_C_D)        0.034     1.672    u_mcu_top/u_mcu_core1/wb_wdata_reg[16]
  -------------------------------------------------------------------
                         required time                          1.672    
                         arrival time                          -1.582    
  -------------------------------------------------------------------
                         slack                                  0.091    





Min Delay Paths
--------------------------------------------------------------------------------------
Slack (MET) :             0.127ns  (arrival time - required time)
  Source:                 u_mcu_top/u_mcu_core0/instr_addr_reg[3]/C
                            (rising edge-triggered cell FDRE clocked by clkout_raw  {rise@0.000ns fall@1.667ns period=3.333ns})
  Destination:            u_mcu_top/u_mcu_core0/instr_id_reg[18]/D
                            (rising edge-triggered cell FDRE clocked by clkout_raw  {rise@0.000ns fall@1.667ns period=3.333ns})
  Path Group:             clkout_raw
  Path Type:              Hold (Min at Fast Process Corner)
  Requirement:            0.000ns  (clkout_raw rise@0.000ns - clkout_raw rise@0.000ns)
  Data Path Delay:        0.198ns  (logic 0.128ns (64.685%)  route 0.070ns (35.315%))
  Logic Levels:           1  (LUT6=1)
  Clock Path Skew:        0.011ns (DCD - SCD - CPR)
    Destination Clock Delay (DCD):    -0.305ns
    Source Clock Delay      (SCD):    -0.267ns
    Clock Pessimism Removal (CPR):    -0.049ns

    Location             Delay type                Incr(ns)  Path(ns)    Netlist Resource(s)
  -------------------------------------------------------------------    -------------------
                         (clock clkout_raw rise edge)
                                                      0.000     0.000 r  
    G22                                               0.000     0.000 r  CLK_50M (IN)
                         net (fo=0)                   0.000     0.000    CLK_50M
    G22                  IBUF (Prop_ibuf_I_O)         0.444     0.444 r  CLK_50M_IBUF_inst/O
                         net (fo=1, routed)           0.503     0.947    u_clk_ultra_pll/clk_in
    PLLE2_ADV_X0Y2       PLLE2_ADV (Prop_plle2_adv_CLKIN1_CLKOUT0)
                                                     -2.439    -1.492 r  u_clk_ultra_pll/u_plle2_base/CLKOUT0
                         net (fo=1, routed)           0.579    -0.913    u_clk_ultra_pll/clkout_raw
    BUFGCTRL_X0Y0        BUFG (Prop_bufg_I_O)         0.026    -0.887 r  u_clk_ultra_pll/u_clkout_buf/O
                         net (fo=1691, routed)        0.620    -0.267    u_mcu_top/u_mcu_core0/clk
    SLICE_X34Y202        FDRE                                         r  u_mcu_top/u_mcu_core0/instr_addr_reg[3]/C
  -------------------------------------------------------------------    -------------------
    SLICE_X34Y202        FDRE (Prop_fdre_C_Q)         0.100    -0.167 r  u_mcu_top/u_mcu_core0/instr_addr_reg[3]/Q
                         net (fo=26, routed)          0.070    -0.098    u_mcu_top/u_instr_rom_core0/addr[3]
    SLICE_X35Y202        LUT6 (Prop_lut6_I2_O)        0.028    -0.070 r  u_mcu_top/u_instr_rom_core0/instr[18]_INST_0/O
                         net (fo=1, routed)           0.000    -0.070    u_mcu_top/u_mcu_core0/instr[18]
    SLICE_X35Y202        FDRE                                         r  u_mcu_top/u_mcu_core0/instr_id_reg[18]/D
  -------------------------------------------------------------------    -------------------

                         (clock clkout_raw rise edge)
                                                      0.000     0.000 r  
    G22                                               0.000     0.000 r  CLK_50M (IN)
                         net (fo=0)                   0.000     0.000    CLK_50M
    G22                  IBUF (Prop_ibuf_I_O)         0.640     0.640 r  CLK_50M_IBUF_inst/O
                         net (fo=1, routed)           0.554     1.194    u_clk_ultra_pll/clk_in
    PLLE2_ADV_X0Y2       PLLE2_ADV (Prop_plle2_adv_CLKIN1_CLKOUT0)
                                                     -3.015    -1.821 r  u_clk_ultra_pll/u_plle2_base/CLKOUT0
                         net (fo=1, routed)           0.642    -1.179    u_clk_ultra_pll/clkout_raw
    BUFGCTRL_X0Y0        BUFG (Prop_bufg_I_O)         0.030    -1.149 r  u_clk_ultra_pll/u_clkout_buf/O
                         net (fo=1691, routed)        0.844    -0.305    u_mcu_top/u_mcu_core0/clk
    SLICE_X35Y202        FDRE                                         r  u_mcu_top/u_mcu_core0/instr_id_reg[18]/C
                         clock pessimism              0.049    -0.256    
    SLICE_X35Y202        FDRE (Hold_fdre_C_D)         0.060    -0.196    u_mcu_top/u_mcu_core0/instr_id_reg[18]
  -------------------------------------------------------------------
                         required time                          0.196    
                         arrival time                          -0.070    
  -------------------------------------------------------------------
                         slack                                  0.127    





Pulse Width Checks
--------------------------------------------------------------------------------------
Clock Name:         clkout_raw
Waveform(ns):       { 0.000 1.667 }
Period(ns):         3.333
Sources:            { u_clk_ultra_pll/u_plle2_base/CLKOUT0 }

Check Type        Corner  Lib Pin            Reference Pin  Required(ns)  Actual(ns)  Slack(ns)  Location        Pin
Min Period        n/a     BUFG/I             n/a            1.408         3.333       1.925      BUFGCTRL_X0Y0   u_clk_ultra_pll/u_clkout_buf/I
Max Period        n/a     PLLE2_ADV/CLKOUT0  n/a            160.000       3.333       156.667    PLLE2_ADV_X0Y2  u_clk_ultra_pll/u_plle2_base/CLKOUT0
Low Pulse Width   Slow    RAMD32/CLK         n/a            0.768         1.667       0.899      SLICE_X40Y208   u_mcu_top/u_shared_data_ram/mem0_reg_0_31_0_5/RAMA/CLK
High Pulse Width  Slow    RAMD32/CLK         n/a            0.768         1.667       0.899      SLICE_X40Y208   u_mcu_top/u_shared_data_ram/mem0_reg_0_31_0_5/RAMA/CLK



