Copyright 1986-2022 Xilinx, Inc. All Rights Reserved. Copyright 2022-2025 Advanced Micro Devices, Inc. All Rights Reserved.
------------------------------------------------------------------------------------------------------------------------------------------------------------------------------------------------------------------
| Tool Version : Vivado v.2025.2 (win64) Build 6299465 Fri Nov 14 19:35:11 GMT 2025
| Date         : Sat Jul  4 13:56:23 2026
| Host         : LAPTOP-RLNQPQBS running 64-bit major release  (build 9200)
| Command      : report_utilization -hierarchical -file C:/Users/戎择辰/OneDrive/文档/数电实验/MCU/routes_ultra/V12_alu_pipe_300/mcu_fft_v12_alu_pipe_300/results/vivado_board/board_utilization_hierarchical.rpt
| Design       : board_top
| Device       : xc7k160tffg676-2
| Speed File   : -2
| Design State : Routed
------------------------------------------------------------------------------------------------------------------------------------------------------------------------------------------------------------------

Utilization Design Information

Table of Contents
-----------------
1. Utilization by Hierarchy

1. Utilization by Hierarchy
---------------------------

+--------------------+-----------+------------+------------+---------+------+-----+--------+--------+------------+
|      Instance      |   Module  | Total LUTs | Logic LUTs | LUTRAMs | SRLs | FFs | RAMB36 | RAMB18 | DSP Blocks |
+--------------------+-----------+------------+------------+---------+------+-----+--------+--------+------------+
| board_top          |     (top) |       1139 |       1063 |      76 |    0 | 484 |      0 |      0 |          0 |
|   (board_top)      |     (top) |          4 |          4 |       0 |    0 |   0 |      0 |      0 |          0 |
|   u_mcu_top        |   mcu_top |       1091 |       1027 |      64 |    0 | 484 |      0 |      0 |          0 |
|     u_data_ram     |  data_ram |         64 |          0 |      64 |    0 |   0 |      0 |      0 |          0 |
|     u_instr_rom    | instr_rom |         86 |         86 |       0 |    0 |   0 |      0 |      0 |          0 |
|     u_mcu_core     |  mcu_core |        937 |        937 |       0 |    0 | 465 |      0 |      0 |          0 |
|       (u_mcu_core) |  mcu_core |        326 |        326 |       0 |    0 |  65 |      0 |      0 |          0 |
|       u_alu        |       alu |        343 |        343 |       0 |    0 |   0 |      0 |      0 |          0 |
|       u_reg_file   |  reg_file |        216 |        216 |       0 |    0 | 400 |      0 |      0 |          0 |
+--------------------+-----------+------------+------------+---------+------+-----+--------+--------+------------+
* Note: The sum of lower-level cells may be larger than their parent cells total, due to cross-hierarchy LUT combining
