wrote asm\fft8_official_sample.asm
official model emit PASS
assembled 160 instructions
Loading instruction memory: mem/instr_fft8.mem
Loading test memory: mem/FFT_input.mem
Writing verify output: results/verify_output.txt
done cycles=160 cnt_test=154
tb/tb_mcu_fft8.v:88: $finish called at 1665 (1s)
Index  Expected  Got      Status
0      -3456     -3456    PASS
1      -6134     -6134    PASS
2      6784      6784     PASS
3      -350      -350     PASS
4      -8064     -8064    PASS
5      5878      5878     PASS
6      -6528     -6528    PASS
7      -1442     -1442    PASS
8      -5888     -5888    PASS
9      12668     12668    PASS
10     11264     11264    PASS
11     8076      8076     PASS
12     2816      2816     PASS
13     3204      3204     PASS
14     5632      5632     PASS
15     -10124    -10124   PASS
Overall: PASS
random seed 2026 generated
Loading instruction memory: mem/instr_fft8.mem
Loading test memory: build/random_000.mem
Writing verify output: results/random_000_got.txt
done cycles=160 cnt_test=154
tb/tb_mcu_fft8.v:88: $finish called at 1665 (1s)
Index  Expected  Got      Status
0      -256      -256     PASS
1      -3766     -3766    PASS
2      -256      -256     PASS
3      -2770     -2770    PASS
4      -256      -256     PASS
5      -3402     -3402    PASS
6      256       256      PASS
7      1234      1234     PASS
8      7552      7552     PASS
9      -1260     -1260    PASS
10     2688      2688     PASS
11     1044      1044     PASS
12     -1152     -1152    PASS
13     -532      -532     PASS
14     -2944     -2944    PASS
15     1772      1772     PASS
Overall: PASS
random seed 2027 generated
Loading instruction memory: mem/instr_fft8.mem
Loading test memory: build/random_001.mem
Writing verify output: results/random_001_got.txt
done cycles=160 cnt_test=154
tb/tb_mcu_fft8.v:88: $finish called at 1665 (1s)
Index  Expected  Got      Status
0      -1920     -1920    PASS
1      443       443      PASS
2      768       768      PASS
3      -3157     -3157    PASS
4      -896      -896     PASS
5      -5563     -5563    PASS
6      1536      1536     PASS
7      -427      -427     PASS
8      -2816     -2816    PASS
9      1399      1399     PASS
10     896       896      PASS
11     -2071     -2071    PASS
12     0         0        PASS
13     -2423     -2423    PASS
14     1920      1920     PASS
15     -4073     -4073    PASS
Overall: PASS
random seed 2028 generated
Loading instruction memory: mem/instr_fft8.mem
Loading test memory: build/random_002.mem
Writing verify output: results/random_002_got.txt
done cycles=160 cnt_test=154
tb/tb_mcu_fft8.v:88: $finish called at 1665 (1s)
Index  Expected  Got      Status
0      -2944     -2944    PASS
1      -3097     -3097    PASS
2      -1792     -1792    PASS
3      -1635     -1635    PASS
4      3968      3968     PASS
5      1817      1817     PASS
6      -256      -256     PASS
7      2915      2915     PASS
8      640       640      PASS
9      -1627     -1627    PASS
10     1536      1536     PASS
11     4141      4141     PASS
12     1664      1664     PASS
13     -1445     -1445    PASS
14     4352      4352     PASS
15     -45       -45      PASS
Overall: PASS
random seed 2029 generated
Loading instruction memory: mem/instr_fft8.mem
Loading test memory: build/random_003.mem
Writing verify output: results/random_003_got.txt
done cycles=160 cnt_test=154
tb/tb_mcu_fft8.v:88: $finish called at 1665 (1s)
Index  Expected  Got      Status
0      3200      3200     PASS
1      924       924      PASS
2      2944      2944     PASS
3      -560      -560     PASS
4      5760      5760     PASS
5      -2716     -2716    PASS
6      -640      -640     PASS
7      2352      2352     PASS
8      2816      2816     PASS
9      3976      3976     PASS
10     -2048     -2048    PASS
11     -2548     -2548    PASS
12     1280      1280     PASS
13     -392      -392     PASS
14     -1536     -1536    PASS
15     2548      2548     PASS
Overall: PASS
random seed 2030 generated
Loading instruction memory: mem/instr_fft8.mem
Loading test memory: build/random_004.mem
Writing verify output: results/random_004_got.txt
done cycles=160 cnt_test=154
tb/tb_mcu_fft8.v:88: $finish called at 1665 (1s)
Index  Expected  Got      Status
0      256       256      PASS
1      1681      1681     PASS
2      -5504     -5504    PASS
3      2079      2079     PASS
4      -2048     -2048    PASS
5      1135      1135     PASS
6      -384      -384     PASS
7      -287      -287     PASS
8      512       512      PASS
9      421       421      PASS
10     3712      3712     PASS
11     -1775     -1775    PASS
12     -3072     -3072    PASS
13     603       603      PASS
14     2944      2944     PASS
15     -2321     -2321    PASS
Overall: PASS
random seed 2031 generated
Loading instruction memory: mem/instr_fft8.mem
Loading test memory: build/random_005.mem
Writing verify output: results/random_005_got.txt
done cycles=160 cnt_test=154
tb/tb_mcu_fft8.v:88: $finish called at 1665 (1s)
Index  Expected  Got      Status
0      1408      1408     PASS
1      -472      -472     PASS
2      896       896      PASS
3      -1752     -1752    PASS
4      3968      3968     PASS
5      984       984      PASS
6      4480      4480     PASS
7      -296      -296     PASS
8      -1280     -1280    PASS
9      1846      1846     PASS
10     3840      3840     PASS
11     1550      1550     PASS
12     -1792     -1792    PASS
13     1482      1482     PASS
14     768       768      PASS
15     -270      -270     PASS
Overall: PASS
random seed 2032 generated
Loading instruction memory: mem/instr_fft8.mem
Loading test memory: build/random_006.mem
Writing verify output: results/random_006_got.txt
done cycles=160 cnt_test=154
tb/tb_mcu_fft8.v:88: $finish called at 1665 (1s)
Index  Expected  Got      Status
0      384       384      PASS
1      -2856     -2856    PASS
2      -896      -896     PASS
3      802       802      PASS
4      128       128      PASS
5      -4312     -4312    PASS
6      -4224     -4224    PASS
7      -290      -290     PASS
8      2944      2944     PASS
9      -5836     -5836    PASS
10     640       640      PASS
11     -2770     -2770    PASS
12     -2944     -2944    PASS
13     716       716      PASS
14     -1152     -1152    PASS
15     1234      1234     PASS
Overall: PASS
random seed 2033 generated
Loading instruction memory: mem/instr_fft8.mem
Loading test memory: build/random_007.mem
Writing verify output: results/random_007_got.txt
done cycles=160 cnt_test=154
tb/tb_mcu_fft8.v:88: $finish called at 1665 (1s)
Index  Expected  Got      Status
0      -128      -128     PASS
1      -586      -586     PASS
2      -384      -384     PASS
3      3128      3128     PASS
4      2176      2176     PASS
5      -950      -950     PASS
6      1920      1920     PASS
7      -4152     -4152    PASS
8      2688      2688     PASS
9      4198      4198     PASS
10     -128      -128     PASS
11     -2668     -2668    PASS
12     -2688     -2688    PASS
13     922       922      PASS
14     640       640      PASS
15     -1940     -1940    PASS
Overall: PASS
random seed 2034 generated
Loading instruction memory: mem/instr_fft8.mem
Loading test memory: build/random_008.mem
Writing verify output: results/random_008_got.txt
done cycles=160 cnt_test=154
tb/tb_mcu_fft8.v:88: $finish called at 1665 (1s)
Index  Expected  Got      Status
0      -2176     -2176    PASS
1      -3962     -3962    PASS
2      -1152     -1152    PASS
3      -2136     -2136    PASS
4      2176      2176     PASS
5      -1414     -1414    PASS
6      -896      -896     PASS
7      -680      -680     PASS
8      -2688     -2688    PASS
9      -3540     -3540    PASS
10     -128      -128     PASS
11     1658      1658     PASS
12     -2944     -2944    PASS
13     7380      7380     PASS
14     -1920     -1920    PASS
15     -890      -890     PASS
Overall: PASS
random seed 2035 generated
Loading instruction memory: mem/instr_fft8.mem
Loading test memory: build/random_009.mem
Writing verify output: results/random_009_got.txt
done cycles=160 cnt_test=154
tb/tb_mcu_fft8.v:88: $finish called at 1665 (1s)
Index  Expected  Got      Status
0      -1280     -1280    PASS
1      -231      -231     PASS
2      2176      2176     PASS
3      2699      2699     PASS
4      -2048     -2048    PASS
5      -5145     -5145    PASS
6      1152      1152     PASS
7      -395      -395     PASS
8      640       640      PASS
9      5025      5025     PASS
10     2304      2304     PASS
11     1049      1049     PASS
12     3200      3200     PASS
13     -4257     -4257    PASS
14     3072      3072     PASS
15     -3865     -3865    PASS
Overall: PASS
random seed 2036 generated
Loading instruction memory: mem/instr_fft8.mem
Loading test memory: build/random_010.mem
Writing verify output: results/random_010_got.txt
done cycles=160 cnt_test=154
tb/tb_mcu_fft8.v:88: $finish called at 1665 (1s)
Index  Expected  Got      Status
0      -768      -768     PASS
1      -831      -831     PASS
2      -1408     -1408    PASS
3      -2059     -2059    PASS
4      -2304     -2304    PASS
5      -4289     -4289    PASS
6      -640      -640     PASS
7      1035      1035     PASS
8      -2432     -2432    PASS
9      -3823     -3823    PASS
10     256       256      PASS
11     -4425     -4425    PASS
12     2944      2944     PASS
13     -4369     -4369    PASS
14     -3840     -3840    PASS
15     3401      3401     PASS
Overall: PASS
random seed 2037 generated
Loading instruction memory: mem/instr_fft8.mem
Loading test memory: build/random_011.mem
Writing verify output: results/random_011_got.txt
done cycles=160 cnt_test=154
tb/tb_mcu_fft8.v:88: $finish called at 1665 (1s)
Index  Expected  Got      Status
0      -2304     -2304    PASS
1      -3814     -3814    PASS
2      0         0        PASS
3      -264      -264     PASS
4      1536      1536     PASS
5      -538      -538     PASS
6      -2816     -2816    PASS
7      4104      4104     PASS
8      512       512      PASS
9      -4872     -4872    PASS
10     -4608     -4608    PASS
11     4070      4070     PASS
12     1792      1792     PASS
13     -504      -504     PASS
14     2816      2816     PASS
15     794       794      PASS
Overall: PASS
random seed 2038 generated
Loading instruction memory: mem/instr_fft8.mem
Loading test memory: build/random_012.mem
Writing verify output: results/random_012_got.txt
done cycles=160 cnt_test=154
tb/tb_mcu_fft8.v:88: $finish called at 1665 (1s)
Index  Expected  Got      Status
0      -2688     -2688    PASS
1      -3157     -3157    PASS
2      -1024     -1024    PASS
3      -2503     -2503    PASS
4      640       640      PASS
5      -427      -427     PASS
6      512       512      PASS
7      -1593     -1593    PASS
8      -4736     -4736    PASS
9      3103      3103     PASS
10     -4352     -4352    PASS
11     -3797     -3797    PASS
12     1920      1920     PASS
13     737       737      PASS
14     3072      3072     PASS
15     -1067     -1067    PASS
Overall: PASS
random seed 2039 generated
Loading instruction memory: mem/instr_fft8.mem
Loading test memory: build/random_013.mem
Writing verify output: results/random_013_got.txt
done cycles=160 cnt_test=154
tb/tb_mcu_fft8.v:88: $finish called at 1665 (1s)
Index  Expected  Got      Status
0      4608      4608     PASS
1      -202      -202     PASS
2      2048      2048     PASS
3      2142      2142     PASS
4      -4096     -4096    PASS
5      -566      -566     PASS
6      2048      2048     PASS
7      3234      3234     PASS
8      3712      3712     PASS
9      466       466      PASS
10     1408      1408     PASS
11     1906      1906     PASS
12     2176      2176     PASS
13     -3538     -3538    PASS
14     2432      2432     PASS
15     3726      3726     PASS
Overall: PASS
random seed 2040 generated
Loading instruction memory: mem/instr_fft8.mem
Loading test memory: build/random_014.mem
Writing verify output: results/random_014_got.txt
done cycles=160 cnt_test=154
tb/tb_mcu_fft8.v:88: $finish called at 1665 (1s)
Index  Expected  Got      Status
0      2560      2560     PASS
1      -4280     -4280    PASS
2      768       768      PASS
3      -3768     -3768    PASS
4      -2048     -2048    PASS
5      3000      3000     PASS
6      256       256      PASS
7      3512      3512     PASS
8      -2560     -2560    PASS
9      1846      1846     PASS
10     256       256      PASS
11     -14       -14      PASS
12     -3584     -3584    PASS
13     1482      1482     PASS
14     -256      -256     PASS
15     1806      1806     PASS
Overall: PASS
random seed 2041 generated
Loading instruction memory: mem/instr_fft8.mem
Loading test memory: build/random_015.mem
Writing verify output: results/random_015_got.txt
done cycles=160 cnt_test=154
tb/tb_mcu_fft8.v:88: $finish called at 1665 (1s)
Index  Expected  Got      Status
0      -896      -896     PASS
1      -663      -663     PASS
2      -1280     -1280    PASS
3      799       799      PASS
4      384       384      PASS
5      -2665     -2665    PASS
6      -5376     -5376    PASS
7      -1567     -1567    PASS
8      -3968     -3968    PASS
9      -4033     -4033    PASS
10     1024      1024     PASS
11     -2349     -2349    PASS
12     -1408     -1408    PASS
13     -575      -575     PASS
14     -768      -768     PASS
15     1837      1837     PASS
Overall: PASS
random seed 2042 generated
Loading instruction memory: mem/instr_fft8.mem
Loading test memory: build/random_016.mem
Writing verify output: results/random_016_got.txt
done cycles=160 cnt_test=154
tb/tb_mcu_fft8.v:88: $finish called at 1665 (1s)
Index  Expected  Got      Status
0      -512      -512     PASS
1      1948      1948     PASS
2      -1280     -1280    PASS
3      3376      3376     PASS
4      5632      5632     PASS
5      -1692     -1692    PASS
6      4352      4352     PASS
7      464       464      PASS
8      896       896      PASS
9      -1826     -1826    PASS
10     4224      4224     PASS
11     6         6        PASS
12     -128      -128     PASS
13     -734      -734     PASS
14     5248      5248     PASS
15     2554      2554     PASS
Overall: PASS
random seed 2043 generated
Loading instruction memory: mem/instr_fft8.mem
Loading test memory: build/random_017.mem
Writing verify output: results/random_017_got.txt
done cycles=160 cnt_test=154
tb/tb_mcu_fft8.v:88: $finish called at 1665 (1s)
Index  Expected  Got      Status
0      5632      5632     PASS
1      -492      -492     PASS
2      3328      3328     PASS
3      -2136     -2136    PASS
4      -2560     -2560    PASS
5      236       236      PASS
6      -256      -256     PASS
7      -680      -680     PASS
8      2048      2048     PASS
9      2534      2534     PASS
10     2816      2816     PASS
11     -3302     -3302    PASS
12     512       512      PASS
13     -742      -742     PASS
14     1280      1280     PASS
15     -26       -26      PASS
Overall: PASS
random seed 2044 generated
Loading instruction memory: mem/instr_fft8.mem
Loading test memory: build/random_018.mem
Writing verify output: results/random_018_got.txt
done cycles=160 cnt_test=154
tb/tb_mcu_fft8.v:88: $finish called at 1665 (1s)
Index  Expected  Got      Status
0      640       640      PASS
1      -3345     -3345    PASS
2      -768      -768     PASS
3      -2713     -2713    PASS
4      -3456     -3456    PASS
5      -2799     -2799    PASS
6      1024      1024     PASS
7      2201      2201     PASS
8      -2560     -2560    PASS
9      1263      1263     PASS
10     -3456     -3456    PASS
11     4505      4505     PASS
12     -768      -768     PASS
13     1809      1809     PASS
14     3712      3712     PASS
15     -409      -409     PASS
Overall: PASS
random seed 2045 generated
Loading instruction memory: mem/instr_fft8.mem
Loading test memory: build/random_019.mem
Writing verify output: results/random_019_got.txt
done cycles=160 cnt_test=154
tb/tb_mcu_fft8.v:88: $finish called at 1665 (1s)
Index  Expected  Got      Status
0      -2688     -2688    PASS
1      -4246     -4246    PASS
2      2432      2432     PASS
3      -5492     -5492    PASS
4      -2432     -2432    PASS
5      1942      1942     PASS
6      2688      2688     PASS
7      -396      -396     PASS
8      3456      3456     PASS
9      -2716     -2716    PASS
10     384       384      PASS
11     -2318     -2318    PASS
12     2176      2176     PASS
13     924       924      PASS
14     -1408     -1408    PASS
15     -498      -498     PASS
Overall: PASS
+ C:\Users\휘嶝낸\AppData\Local\Programs\Python\Python39\python.exe scripts/gen_fft8_official_asm.py
+ C:\Users\휘嶝낸\AppData\Local\Programs\Python\Python39\python.exe scripts/official_fft_model.py emit --input-coe mem/FFT_input.coe --expected-coe mem/FFT_output.coe --mem mem/FFT_input.mem --expected results/expected_fft_output.txt
+ C:\Users\휘嶝낸\AppData\Local\Programs\Python\Python39\python.exe scripts/assembler.py asm/fft8_official_sample.asm -o mem/instr_fft8.mem --coe mem/instr_fft8.coe
+ iverilog -g2005 -I rtl -I tb -o build/tb_mcu_fft8.vvp tb/tb_mcu_fft8.v rtl/mcu_top.v rtl/mcu_core.v rtl/instr_rom.v rtl/data_ram.v rtl/ext_test_rom_if.v rtl/verify_ram_if.v rtl/cnt_test.v rtl/decoder.v rtl/control_unit.v rtl/reg_file.v rtl/alu.v
+ vvp build/tb_mcu_fft8.vvp +TEST_MEM=mem/FFT_input.mem +OUT_FILE=results/verify_output.txt
+ C:\Users\휘嶝낸\AppData\Local\Programs\Python\Python39\python.exe scripts/official_fft_model.py check --expected results/expected_fft_output.txt --got results/verify_output.txt
+ C:\Users\휘嶝낸\AppData\Local\Programs\Python\Python39\python.exe scripts/official_fft_model.py random --template-coe mem/FFT_input.coe --seed 2026 --mem build/random_000.mem --expected results/random_000_expected.txt
+ vvp build/tb_mcu_fft8.vvp +TEST_MEM=build/random_000.mem +OUT_FILE=results/random_000_got.txt
+ C:\Users\휘嶝낸\AppData\Local\Programs\Python\Python39\python.exe scripts/official_fft_model.py check --expected results/random_000_expected.txt --got results/random_000_got.txt
+ C:\Users\휘嶝낸\AppData\Local\Programs\Python\Python39\python.exe scripts/official_fft_model.py random --template-coe mem/FFT_input.coe --seed 2027 --mem build/random_001.mem --expected results/random_001_expected.txt
+ vvp build/tb_mcu_fft8.vvp +TEST_MEM=build/random_001.mem +OUT_FILE=results/random_001_got.txt
+ C:\Users\휘嶝낸\AppData\Local\Programs\Python\Python39\python.exe scripts/official_fft_model.py check --expected results/random_001_expected.txt --got results/random_001_got.txt
+ C:\Users\휘嶝낸\AppData\Local\Programs\Python\Python39\python.exe scripts/official_fft_model.py random --template-coe mem/FFT_input.coe --seed 2028 --mem build/random_002.mem --expected results/random_002_expected.txt
+ vvp build/tb_mcu_fft8.vvp +TEST_MEM=build/random_002.mem +OUT_FILE=results/random_002_got.txt
+ C:\Users\휘嶝낸\AppData\Local\Programs\Python\Python39\python.exe scripts/official_fft_model.py check --expected results/random_002_expected.txt --got results/random_002_got.txt
+ C:\Users\휘嶝낸\AppData\Local\Programs\Python\Python39\python.exe scripts/official_fft_model.py random --template-coe mem/FFT_input.coe --seed 2029 --mem build/random_003.mem --expected results/random_003_expected.txt
+ vvp build/tb_mcu_fft8.vvp +TEST_MEM=build/random_003.mem +OUT_FILE=results/random_003_got.txt
+ C:\Users\휘嶝낸\AppData\Local\Programs\Python\Python39\python.exe scripts/official_fft_model.py check --expected results/random_003_expected.txt --got results/random_003_got.txt
+ C:\Users\휘嶝낸\AppData\Local\Programs\Python\Python39\python.exe scripts/official_fft_model.py random --template-coe mem/FFT_input.coe --seed 2030 --mem build/random_004.mem --expected results/random_004_expected.txt
+ vvp build/tb_mcu_fft8.vvp +TEST_MEM=build/random_004.mem +OUT_FILE=results/random_004_got.txt
+ C:\Users\휘嶝낸\AppData\Local\Programs\Python\Python39\python.exe scripts/official_fft_model.py check --expected results/random_004_expected.txt --got results/random_004_got.txt
+ C:\Users\휘嶝낸\AppData\Local\Programs\Python\Python39\python.exe scripts/official_fft_model.py random --template-coe mem/FFT_input.coe --seed 2031 --mem build/random_005.mem --expected results/random_005_expected.txt
+ vvp build/tb_mcu_fft8.vvp +TEST_MEM=build/random_005.mem +OUT_FILE=results/random_005_got.txt
+ C:\Users\휘嶝낸\AppData\Local\Programs\Python\Python39\python.exe scripts/official_fft_model.py check --expected results/random_005_expected.txt --got results/random_005_got.txt
+ C:\Users\휘嶝낸\AppData\Local\Programs\Python\Python39\python.exe scripts/official_fft_model.py random --template-coe mem/FFT_input.coe --seed 2032 --mem build/random_006.mem --expected results/random_006_expected.txt
+ vvp build/tb_mcu_fft8.vvp +TEST_MEM=build/random_006.mem +OUT_FILE=results/random_006_got.txt
+ C:\Users\휘嶝낸\AppData\Local\Programs\Python\Python39\python.exe scripts/official_fft_model.py check --expected results/random_006_expected.txt --got results/random_006_got.txt
+ C:\Users\휘嶝낸\AppData\Local\Programs\Python\Python39\python.exe scripts/official_fft_model.py random --template-coe mem/FFT_input.coe --seed 2033 --mem build/random_007.mem --expected results/random_007_expected.txt
+ vvp build/tb_mcu_fft8.vvp +TEST_MEM=build/random_007.mem +OUT_FILE=results/random_007_got.txt
+ C:\Users\휘嶝낸\AppData\Local\Programs\Python\Python39\python.exe scripts/official_fft_model.py check --expected results/random_007_expected.txt --got results/random_007_got.txt
+ C:\Users\휘嶝낸\AppData\Local\Programs\Python\Python39\python.exe scripts/official_fft_model.py random --template-coe mem/FFT_input.coe --seed 2034 --mem build/random_008.mem --expected results/random_008_expected.txt
+ vvp build/tb_mcu_fft8.vvp +TEST_MEM=build/random_008.mem +OUT_FILE=results/random_008_got.txt
+ C:\Users\휘嶝낸\AppData\Local\Programs\Python\Python39\python.exe scripts/official_fft_model.py check --expected results/random_008_expected.txt --got results/random_008_got.txt
+ C:\Users\휘嶝낸\AppData\Local\Programs\Python\Python39\python.exe scripts/official_fft_model.py random --template-coe mem/FFT_input.coe --seed 2035 --mem build/random_009.mem --expected results/random_009_expected.txt
+ vvp build/tb_mcu_fft8.vvp +TEST_MEM=build/random_009.mem +OUT_FILE=results/random_009_got.txt
+ C:\Users\휘嶝낸\AppData\Local\Programs\Python\Python39\python.exe scripts/official_fft_model.py check --expected results/random_009_expected.txt --got results/random_009_got.txt
+ C:\Users\휘嶝낸\AppData\Local\Programs\Python\Python39\python.exe scripts/official_fft_model.py random --template-coe mem/FFT_input.coe --seed 2036 --mem build/random_010.mem --expected results/random_010_expected.txt
+ vvp build/tb_mcu_fft8.vvp +TEST_MEM=build/random_010.mem +OUT_FILE=results/random_010_got.txt
+ C:\Users\휘嶝낸\AppData\Local\Programs\Python\Python39\python.exe scripts/official_fft_model.py check --expected results/random_010_expected.txt --got results/random_010_got.txt
+ C:\Users\휘嶝낸\AppData\Local\Programs\Python\Python39\python.exe scripts/official_fft_model.py random --template-coe mem/FFT_input.coe --seed 2037 --mem build/random_011.mem --expected results/random_011_expected.txt
+ vvp build/tb_mcu_fft8.vvp +TEST_MEM=build/random_011.mem +OUT_FILE=results/random_011_got.txt
+ C:\Users\휘嶝낸\AppData\Local\Programs\Python\Python39\python.exe scripts/official_fft_model.py check --expected results/random_011_expected.txt --got results/random_011_got.txt
+ C:\Users\휘嶝낸\AppData\Local\Programs\Python\Python39\python.exe scripts/official_fft_model.py random --template-coe mem/FFT_input.coe --seed 2038 --mem build/random_012.mem --expected results/random_012_expected.txt
+ vvp build/tb_mcu_fft8.vvp +TEST_MEM=build/random_012.mem +OUT_FILE=results/random_012_got.txt
+ C:\Users\휘嶝낸\AppData\Local\Programs\Python\Python39\python.exe scripts/official_fft_model.py check --expected results/random_012_expected.txt --got results/random_012_got.txt
+ C:\Users\휘嶝낸\AppData\Local\Programs\Python\Python39\python.exe scripts/official_fft_model.py random --template-coe mem/FFT_input.coe --seed 2039 --mem build/random_013.mem --expected results/random_013_expected.txt
+ vvp build/tb_mcu_fft8.vvp +TEST_MEM=build/random_013.mem +OUT_FILE=results/random_013_got.txt
+ C:\Users\휘嶝낸\AppData\Local\Programs\Python\Python39\python.exe scripts/official_fft_model.py check --expected results/random_013_expected.txt --got results/random_013_got.txt
+ C:\Users\휘嶝낸\AppData\Local\Programs\Python\Python39\python.exe scripts/official_fft_model.py random --template-coe mem/FFT_input.coe --seed 2040 --mem build/random_014.mem --expected results/random_014_expected.txt
+ vvp build/tb_mcu_fft8.vvp +TEST_MEM=build/random_014.mem +OUT_FILE=results/random_014_got.txt
+ C:\Users\휘嶝낸\AppData\Local\Programs\Python\Python39\python.exe scripts/official_fft_model.py check --expected results/random_014_expected.txt --got results/random_014_got.txt
+ C:\Users\휘嶝낸\AppData\Local\Programs\Python\Python39\python.exe scripts/official_fft_model.py random --template-coe mem/FFT_input.coe --seed 2041 --mem build/random_015.mem --expected results/random_015_expected.txt
+ vvp build/tb_mcu_fft8.vvp +TEST_MEM=build/random_015.mem +OUT_FILE=results/random_015_got.txt
+ C:\Users\휘嶝낸\AppData\Local\Programs\Python\Python39\python.exe scripts/official_fft_model.py check --expected results/random_015_expected.txt --got results/random_015_got.txt
+ C:\Users\휘嶝낸\AppData\Local\Programs\Python\Python39\python.exe scripts/official_fft_model.py random --template-coe mem/FFT_input.coe --seed 2042 --mem build/random_016.mem --expected results/random_016_expected.txt
+ vvp build/tb_mcu_fft8.vvp +TEST_MEM=build/random_016.mem +OUT_FILE=results/random_016_got.txt
+ C:\Users\휘嶝낸\AppData\Local\Programs\Python\Python39\python.exe scripts/official_fft_model.py check --expected results/random_016_expected.txt --got results/random_016_got.txt
+ C:\Users\휘嶝낸\AppData\Local\Programs\Python\Python39\python.exe scripts/official_fft_model.py random --template-coe mem/FFT_input.coe --seed 2043 --mem build/random_017.mem --expected results/random_017_expected.txt
+ vvp build/tb_mcu_fft8.vvp +TEST_MEM=build/random_017.mem +OUT_FILE=results/random_017_got.txt
+ C:\Users\휘嶝낸\AppData\Local\Programs\Python\Python39\python.exe scripts/official_fft_model.py check --expected results/random_017_expected.txt --got results/random_017_got.txt
+ C:\Users\휘嶝낸\AppData\Local\Programs\Python\Python39\python.exe scripts/official_fft_model.py random --template-coe mem/FFT_input.coe --seed 2044 --mem build/random_018.mem --expected results/random_018_expected.txt
+ vvp build/tb_mcu_fft8.vvp +TEST_MEM=build/random_018.mem +OUT_FILE=results/random_018_got.txt
+ C:\Users\휘嶝낸\AppData\Local\Programs\Python\Python39\python.exe scripts/official_fft_model.py check --expected results/random_018_expected.txt --got results/random_018_got.txt
+ C:\Users\휘嶝낸\AppData\Local\Programs\Python\Python39\python.exe scripts/official_fft_model.py random --template-coe mem/FFT_input.coe --seed 2045 --mem build/random_019.mem --expected results/random_019_expected.txt
+ vvp build/tb_mcu_fft8.vvp +TEST_MEM=build/random_019.mem +OUT_FILE=results/random_019_got.txt
+ C:\Users\휘嶝낸\AppData\Local\Programs\Python\Python39\python.exe scripts/official_fft_model.py check --expected results/random_019_expected.txt --got results/random_019_got.txt
wrote C:\Users\휘嶝낸\OneDrive\匡도\鑒든茄駱\MCU\routesB\B2_w1_only_fusion\mcu_fft_b2_w1_only_fusion\results\regression_summary.txt
