Copyright 1986-2022 Xilinx, Inc. All Rights Reserved. Copyright 2022-2025 Advanced Micro Devices, Inc. All Rights Reserved.
----------------------------------------------------------------------------------------------------------------------------------------------------------------------------------------------------------------------------------------------
| Tool Version : Vivado v.2025.2 (win64) Build 6299465 Fri Nov 14 19:35:11 GMT 2025
| Date         : Sat Jul  4 21:49:10 2026
| Host         : LAPTOP-RLNQPQBS running 64-bit major release  (build 9200)
| Command      : report_utilization -hierarchical -file C:/Users/占쏙옙占쏙옙/OneDrive/占식듸옙/占쏙옙占쏙옙茄占쏙옙/MCU/routes_ultra/V33_dual_mcu_compute_split_300/mcu_fft_v33_dual_mcu_compute_split_300/results/vivado_board/board_utilization_hierarchical.rpt
| Design       : board_top
| Device       : xc7k160tffg676-2
| Speed File   : -2
| Design State : Routed
----------------------------------------------------------------------------------------------------------------------------------------------------------------------------------------------------------------------------------------------

Utilization Design Information

Table of Contents
-----------------
1. Utilization by Hierarchy

1. Utilization by Hierarchy
---------------------------

+-----------------------+-------------+------------+------------+---------+------+------+--------+--------+------------+
|        Instance       |    Module   | Total LUTs | Logic LUTs | LUTRAMs | SRLs |  FFs | RAMB36 | RAMB18 | DSP Blocks |
+-----------------------+-------------+------------+------------+---------+------+------+--------+--------+------------+
| board_top             |       (top) |       2228 |       2192 |      36 |    0 | 1616 |      0 |      0 |          0 |
|   (board_top)         |       (top) |          4 |          4 |       0 |    0 |    0 |      0 |      0 |          0 |
|   u_mcu_top           |     mcu_top |       2182 |       2158 |      24 |    0 | 1616 |      0 |      0 |          0 |
|     u_mcu_core1       |    mcu_core |       1003 |       1003 |       0 |    0 |  791 |      0 |      0 |          0 |
|       (u_mcu_core1)   |    mcu_core |        710 |        710 |       0 |    0 |  279 |      0 |      0 |          0 |
|       u_reg_file      |    reg_file |        264 |        264 |       0 |    0 |  512 |      0 |      0 |          0 |
|     u_instr_rom_core0 |   instr_rom |         69 |         69 |       0 |    0 |    0 |      0 |      0 |          0 |
|     u_mcu_core0       | mcu_core__1 |       1011 |       1011 |       0 |    0 |  806 |      0 |      0 |          0 |
|       (u_mcu_core0)   | mcu_core__1 |        711 |        711 |       0 |    0 |  294 |      0 |      0 |          0 |
|       u_reg_file      | reg_file__1 |        264 |        264 |       0 |    0 |  512 |      0 |      0 |          0 |
+-----------------------+-------------+------------+------------+---------+------+------+--------+--------+------------+
* Note: The sum of lower-level cells may be larger than their parent cells total, due to cross-hierarchy LUT combining
