Copyright 1986-2022 Xilinx, Inc. All Rights Reserved. Copyright 2022-2025 Advanced Micro Devices, Inc. All Rights Reserved.
--------------------------------------------------------------------------------------------------------------------------------------------------
| Tool Version : Vivado v.2025.2 (win64) Build 6299465 Fri Nov 14 19:35:11 GMT 2025
| Date         : Fri Jul  3 22:19:46 2026
| Host         : LAPTOP-RLNQPQBS running 64-bit major release  (build 9200)
| Command      : report_timing_summary -file M:/routes/speed_v7_q7_narrow_mul/mcu_fft_q7_narrow_mul/results/vivado_board/board_timing_summary.rpt
| Design       : board_top
| Device       : 7k160t-ffg676
| Speed File   : -2  PRODUCTION 1.12 2017-02-17
| Design State : Routed
--------------------------------------------------------------------------------------------------------------------------------------------------

Timing Summary Report

------------------------------------------------------------------------------------------------
| Timer Settings
| --------------
------------------------------------------------------------------------------------------------

  Enable Multi Corner Analysis               :  Yes
  Enable Pessimism Removal                   :  Yes
  Pessimism Removal Resolution               :  Nearest Common Node
  Enable Input Delay Default Clock           :  No
  Enable Preset / Clear Arcs                 :  No
  Disable Flight Delays                      :  No
  Ignore I/O Paths                           :  No
  Timing Early Launch at Borrowing Latches   :  No
  Borrow Time for Max Delay Exceptions       :  Yes
  Merge Timing Exceptions                    :  Yes
  Inter-SLR Compensation                     :  Conservative

  Corner  Analyze    Analyze    
  Name    Max Paths  Min Paths  
  ------  ---------  ---------  
  Slow    Yes        Yes        
  Fast    Yes        Yes        


------------------------------------------------------------------------------------------------
| Report Methodology
| ------------------
------------------------------------------------------------------------------------------------

Rule       Severity  Description                    Violations  
---------  --------  -----------------------------  ----------  
TIMING-18  Warning   Missing input or output delay  9           

Note: This report is based on the most recent report_methodology run and may not be up-to-date. Run report_methodology on the current design for the latest report.



check_timing report

Table of Contents
-----------------
1. checking no_clock (0)
2. checking constant_clock (0)
3. checking pulse_width_clock (0)
4. checking unconstrained_internal_endpoints (0)
5. checking no_input_delay (1)
6. checking no_output_delay (8)
7. checking multiple_clock (0)
8. checking generated_clocks (0)
9. checking loops (0)
10. checking partial_input_delay (0)
11. checking partial_output_delay (0)
12. checking latch_loops (0)

1. checking no_clock (0)
------------------------
 There are 0 register/latch pins with no clock.


2. checking constant_clock (0)
------------------------------
 There are 0 register/latch pins with constant_clock.


3. checking pulse_width_clock (0)
---------------------------------
 There are 0 register/latch pins which need pulse_width check


4. checking unconstrained_internal_endpoints (0)
------------------------------------------------
 There are 0 pins that are not constrained for maximum delay.

 There are 0 pins that are not constrained for maximum delay due to constant clock.


5. checking no_input_delay (1)
------------------------------
 There is 1 input port with no input delay specified. (HIGH)

 There are 0 input ports with no input delay but user has a false path constraint.


6. checking no_output_delay (8)
-------------------------------
 There are 8 ports with no output delay specified. (HIGH)

 There are 0 ports with no output delay but user has a false path constraint

 There are 0 ports with no output delay but with a timing clock defined on it or propagating through it


7. checking multiple_clock (0)
------------------------------
 There are 0 register/latch pins with multiple clocks.


8. checking generated_clocks (0)
--------------------------------
 There are 0 generated clocks that are not connected to a clock source.


9. checking loops (0)
---------------------
 There are 0 combinational loops in the design.


10. checking partial_input_delay (0)
------------------------------------
 There are 0 input ports with partial input delay specified.


11. checking partial_output_delay (0)
-------------------------------------
 There are 0 ports with partial output delay specified.


12. checking latch_loops (0)
----------------------------
 There are 0 combinational latch loops in the design through latch input



------------------------------------------------------------------------------------------------
| Design Timing Summary
| ---------------------
------------------------------------------------------------------------------------------------

    WNS(ns)      TNS(ns)  TNS Failing Endpoints  TNS Total Endpoints      WHS(ns)      THS(ns)  THS Failing Endpoints  THS Total Endpoints     WPWS(ns)     TPWS(ns)  TPWS Failing Endpoints  TPWS Total Endpoints  
    -------      -------  ---------------------  -------------------      -------      -------  ---------------------  -------------------     --------     --------  ----------------------  --------------------  
      8.862        0.000                      0                 1870        0.196        0.000                      0                 1870        9.232        0.000                       0                   638  


All user specified timing constraints are met.


------------------------------------------------------------------------------------------------
| Clock Summary
| -------------
------------------------------------------------------------------------------------------------

Clock       Waveform(ns)       Period(ns)      Frequency(MHz)
-----       ------------       ----------      --------------
clk_target  {0.000 10.000}     20.000          50.000          


------------------------------------------------------------------------------------------------
| Intra Clock Table
| -----------------
------------------------------------------------------------------------------------------------

Clock             WNS(ns)      TNS(ns)  TNS Failing Endpoints  TNS Total Endpoints      WHS(ns)      THS(ns)  THS Failing Endpoints  THS Total Endpoints     WPWS(ns)     TPWS(ns)  TPWS Failing Endpoints  TPWS Total Endpoints  
-----             -------      -------  ---------------------  -------------------      -------      -------  ---------------------  -------------------     --------     --------  ----------------------  --------------------  
clk_target          8.862        0.000                      0                 1870        0.196        0.000                      0                 1870        9.232        0.000                       0                   638  


------------------------------------------------------------------------------------------------
| Inter Clock Table
| -----------------
------------------------------------------------------------------------------------------------

From Clock    To Clock          WNS(ns)      TNS(ns)  TNS Failing Endpoints  TNS Total Endpoints      WHS(ns)      THS(ns)  THS Failing Endpoints  THS Total Endpoints  
----------    --------          -------      -------  ---------------------  -------------------      -------      -------  ---------------------  -------------------  


------------------------------------------------------------------------------------------------
| Other Path Groups Table
| -----------------------
------------------------------------------------------------------------------------------------

Path Group    From Clock    To Clock          WNS(ns)      TNS(ns)  TNS Failing Endpoints  TNS Total Endpoints      WHS(ns)      THS(ns)  THS Failing Endpoints  THS Total Endpoints  
----------    ----------    --------          -------      -------  ---------------------  -------------------      -------      -------  ---------------------  -------------------  


------------------------------------------------------------------------------------------------
| Timing Details
| --------------
------------------------------------------------------------------------------------------------


---------------------------------------------------------------------------------------------------
From Clock:  clk_target
  To Clock:  clk_target

Setup :            0  Failing Endpoints,  Worst Slack        8.862ns,  Total Violation        0.000ns
Hold  :            0  Failing Endpoints,  Worst Slack        0.196ns,  Total Violation        0.000ns
PW    :            0  Failing Endpoints,  Worst Slack        9.232ns,  Total Violation        0.000ns
---------------------------------------------------------------------------------------------------


Max Delay Paths
--------------------------------------------------------------------------------------
Slack (MET) :             8.862ns  (required time - arrival time)
  Source:                 u_mcu_top/u_mcu_core/instr_addr_reg[1]/C
                            (rising edge-triggered cell FDRE clocked by clk_target  {rise@0.000ns fall@10.000ns period=20.000ns})
  Destination:            u_mcu_top/u_mcu_core/u_reg_file/regs_reg[9][10]/D
                            (rising edge-triggered cell FDRE clocked by clk_target  {rise@0.000ns fall@10.000ns period=20.000ns})
  Path Group:             clk_target
  Path Type:              Setup (Max at Slow Process Corner)
  Requirement:            20.000ns  (clk_target rise@20.000ns - clk_target rise@0.000ns)
  Data Path Delay:        10.992ns  (logic 2.118ns (19.269%)  route 8.874ns (80.731%))
  Logic Levels:           22  (CARRY4=7 LUT2=2 LUT3=1 LUT4=1 LUT6=8 MUXF7=2 MUXF8=1)
  Clock Path Skew:        -0.089ns (DCD - SCD + CPR)
    Destination Clock Delay (DCD):    4.193ns = ( 24.193 - 20.000 ) 
    Source Clock Delay      (SCD):    4.655ns
    Clock Pessimism Removal (CPR):    0.373ns
  Clock Uncertainty:      0.035ns  ((TSJ^2 + TIJ^2)^1/2 + DJ) / 2 + PE
    Total System Jitter     (TSJ):    0.071ns
    Total Input Jitter      (TIJ):    0.000ns
    Discrete Jitter          (DJ):    0.000ns
    Phase Error              (PE):    0.000ns

    Location             Delay type                Incr(ns)  Path(ns)    Netlist Resource(s)
  -------------------------------------------------------------------    -------------------
                         (clock clk_target rise edge)
                                                      0.000     0.000 r  
    G22                                               0.000     0.000 r  CLK_50M (IN)
                         net (fo=0)                   0.000     0.000    CLK_50M
    G22                  IBUF (Prop_ibuf_I_O)         1.519     1.519 r  CLK_50M_IBUF_inst/O
                         net (fo=1, routed)           1.611     3.130    CLK_50M_IBUF
    BUFGCTRL_X0Y0        BUFG (Prop_bufg_I_O)         0.093     3.223 r  CLK_50M_IBUF_BUFG_inst/O
                         net (fo=637, routed)         1.432     4.655    u_mcu_top/u_mcu_core/clk
    SLICE_X10Y237        FDRE                                         r  u_mcu_top/u_mcu_core/instr_addr_reg[1]/C
  -------------------------------------------------------------------    -------------------
    SLICE_X10Y237        FDRE (Prop_fdre_C_Q)         0.259     4.914 r  u_mcu_top/u_mcu_core/instr_addr_reg[1]/Q
                         net (fo=65, routed)          0.967     5.881    u_mcu_top/u_instr_rom/addr[1]
    SLICE_X4Y236         LUT6 (Prop_lut6_I1_O)        0.043     5.924 r  u_mcu_top/u_instr_rom/instr[20]_INST_0_i_3/O
                         net (fo=1, routed)           0.000     5.924    u_mcu_top/u_instr_rom/instr[20]_INST_0_i_3_n_0
    SLICE_X4Y236         MUXF7 (Prop_muxf7_I0_O)      0.107     6.031 r  u_mcu_top/u_instr_rom/instr[20]_INST_0_i_2/O
                         net (fo=1, routed)           0.239     6.269    u_mcu_top/u_instr_rom/instr[20]_INST_0_i_2_n_0
    SLICE_X4Y236         LUT6 (Prop_lut6_I4_O)        0.124     6.393 r  u_mcu_top/u_instr_rom/instr[20]_INST_0/O
                         net (fo=128, routed)         1.413     7.806    u_mcu_top/u_mcu_core/u_reg_file/raddr1[0]
    SLICE_X25Y240        LUT6 (Prop_lut6_I4_O)        0.043     7.849 r  u_mcu_top/u_mcu_core/u_reg_file/rdata1[2]_INST_0_i_3/O
                         net (fo=1, routed)           0.000     7.849    u_mcu_top/u_mcu_core/u_reg_file/rdata1[2]_INST_0_i_3_n_0
    SLICE_X25Y240        MUXF7 (Prop_muxf7_I0_O)      0.120     7.969 r  u_mcu_top/u_mcu_core/u_reg_file/rdata1[2]_INST_0_i_1/O
                         net (fo=1, routed)           0.000     7.969    u_mcu_top/u_mcu_core/u_reg_file/rdata1[2]_INST_0_i_1_n_0
    SLICE_X25Y240        MUXF8 (Prop_muxf8_I0_O)      0.045     8.014 r  u_mcu_top/u_mcu_core/u_reg_file/rdata1[2]_INST_0/O
                         net (fo=25, routed)          1.069     9.083    u_mcu_top/u_mcu_core/alu_a[2]
    SLICE_X13Y241        LUT2 (Prop_lut2_I0_O)        0.126     9.209 r  u_mcu_top/u_mcu_core/dmem_addr[0]_INST_0_i_2/O
                         net (fo=1, routed)           0.000     9.209    u_mcu_top/u_mcu_core/dmem_addr[0]_INST_0_i_2_n_0
    SLICE_X13Y241        CARRY4 (Prop_carry4_S[2]_CO[3])
                                                      0.195     9.404 r  u_mcu_top/u_mcu_core/dmem_addr[0]_INST_0/CO[3]
                         net (fo=1, routed)           0.000     9.404    u_mcu_top/u_mcu_core/dmem_addr[0]_INST_0_n_0
    SLICE_X13Y242        CARRY4 (Prop_carry4_CI_CO[3])
                                                      0.053     9.457 r  u_mcu_top/u_mcu_core/dmem_addr[4]_INST_0/CO[3]
                         net (fo=1, routed)           0.000     9.457    u_mcu_top/u_mcu_core/dmem_addr[4]_INST_0_n_0
    SLICE_X13Y243        CARRY4 (Prop_carry4_CI_CO[3])
                                                      0.053     9.510 r  u_mcu_top/u_mcu_core/u_ext_test_rom_if_i_6/CO[3]
                         net (fo=1, routed)           0.000     9.510    u_mcu_top/u_mcu_core/u_ext_test_rom_if_i_6_n_0
    SLICE_X13Y244        CARRY4 (Prop_carry4_CI_CO[3])
                                                      0.053     9.563 r  u_mcu_top/u_mcu_core/u_ext_test_rom_if_i_5/CO[3]
                         net (fo=1, routed)           0.000     9.563    u_mcu_top/u_mcu_core/u_ext_test_rom_if_i_5_n_0
    SLICE_X13Y245        CARRY4 (Prop_carry4_CI_CO[3])
                                                      0.053     9.616 r  u_mcu_top/u_mcu_core/u_ext_test_rom_if_i_4/CO[3]
                         net (fo=1, routed)           0.000     9.616    u_mcu_top/u_mcu_core/u_ext_test_rom_if_i_4_n_0
    SLICE_X13Y246        CARRY4 (Prop_carry4_CI_CO[3])
                                                      0.053     9.669 r  u_mcu_top/u_mcu_core/u_ext_test_rom_if_i_3/CO[3]
                         net (fo=1, routed)           0.000     9.669    u_mcu_top/u_mcu_core/u_ext_test_rom_if_i_3_n_0
    SLICE_X13Y247        CARRY4 (Prop_carry4_CI_O[1])
                                                      0.166     9.835 r  u_mcu_top/u_mcu_core/u_ext_test_rom_if_i_2/O[1]
                         net (fo=2, routed)           0.449    10.284    u_mcu_top/u_mcu_core/u_ext_test_rom_if/mem_addr[25]
    SLICE_X13Y249        LUT4 (Prop_lut4_I2_O)        0.123    10.407 f  u_mcu_top/u_mcu_core/u_ext_test_rom_if/is_test_rom_INST_0_i_3/O
                         net (fo=1, routed)           0.564    10.972    u_mcu_top/u_mcu_core/u_ext_test_rom_if/is_test_rom_INST_0_i_3_n_0
    SLICE_X12Y246        LUT6 (Prop_lut6_I2_O)        0.043    11.015 f  u_mcu_top/u_mcu_core/u_ext_test_rom_if/is_test_rom_INST_0/O
                         net (fo=25, routed)          0.913    11.928    u_mcu_top/u_mcu_core/u_ext_test_rom_if/is_test_rom
    SLICE_X5Y240         LUT2 (Prop_lut2_I0_O)        0.052    11.980 f  u_mcu_top/u_mcu_core/u_ext_test_rom_if/test_rom_addr[7]_INST_0/O
                         net (fo=24, routed)          0.512    12.492    u_test_ROM/addr[7]
    SLICE_X3Y240         LUT3 (Prop_lut3_I2_O)        0.142    12.634 r  u_test_ROM/test_vector_in[6]_INST_0_i_1/O
                         net (fo=4, routed)           0.569    13.202    u_test_ROM/test_vector_in[6]_INST_0_i_1_n_0
    SLICE_X3Y239         LUT6 (Prop_lut6_I1_O)        0.136    13.338 r  u_test_ROM/test_vector_in[3]_INST_0/O
                         net (fo=2, routed)           0.356    13.695    u_mcu_top/u_mcu_core/u_ext_test_rom_if/test_vector_in[3]
    SLICE_X7Y239         LUT6 (Prop_lut6_I0_O)        0.043    13.738 r  u_mcu_top/u_mcu_core/u_ext_test_rom_if/read_data[10]_INST_0/O
                         net (fo=1, routed)           0.418    14.155    u_mcu_top/u_mcu_core/test_rom_read_data[10]
    SLICE_X9Y242         LUT6 (Prop_lut6_I2_O)        0.043    14.198 r  u_mcu_top/u_mcu_core/u_reg_file_i_49/O
                         net (fo=1, routed)           0.325    14.523    u_mcu_top/u_mcu_core/u_reg_file_i_49_n_0
    SLICE_X11Y242        LUT6 (Prop_lut6_I1_O)        0.043    14.566 r  u_mcu_top/u_mcu_core/u_reg_file_i_27/O
                         net (fo=16, routed)          1.080    15.647    u_mcu_top/u_mcu_core/u_reg_file/wdata[10]
    SLICE_X32Y245        FDRE                                         r  u_mcu_top/u_mcu_core/u_reg_file/regs_reg[9][10]/D
  -------------------------------------------------------------------    -------------------

                         (clock clk_target rise edge)
                                                     20.000    20.000 r  
    G22                                               0.000    20.000 r  CLK_50M (IN)
                         net (fo=0)                   0.000    20.000    CLK_50M
    G22                  IBUF (Prop_ibuf_I_O)         1.387    21.387 r  CLK_50M_IBUF_inst/O
                         net (fo=1, routed)           1.503    22.890    CLK_50M_IBUF
    BUFGCTRL_X0Y0        BUFG (Prop_bufg_I_O)         0.083    22.973 r  CLK_50M_IBUF_BUFG_inst/O
                         net (fo=637, routed)         1.220    24.193    u_mcu_top/u_mcu_core/u_reg_file/clk
    SLICE_X32Y245        FDRE                                         r  u_mcu_top/u_mcu_core/u_reg_file/regs_reg[9][10]/C
                         clock pessimism              0.373    24.566    
                         clock uncertainty           -0.035    24.530    
    SLICE_X32Y245        FDRE (Setup_fdre_C_D)       -0.022    24.508    u_mcu_top/u_mcu_core/u_reg_file/regs_reg[9][10]
  -------------------------------------------------------------------
                         required time                         24.508    
                         arrival time                         -15.647    
  -------------------------------------------------------------------
                         slack                                  8.862    





Min Delay Paths
--------------------------------------------------------------------------------------
Slack (MET) :             0.196ns  (arrival time - required time)
  Source:                 u_mcu_top/u_cnt_test/stopped_reg/C
                            (rising edge-triggered cell FDRE clocked by clk_target  {rise@0.000ns fall@10.000ns period=20.000ns})
  Destination:            u_mcu_top/u_cnt_test/running_reg/D
                            (rising edge-triggered cell FDRE clocked by clk_target  {rise@0.000ns fall@10.000ns period=20.000ns})
  Path Group:             clk_target
  Path Type:              Hold (Min at Fast Process Corner)
  Requirement:            0.000ns  (clk_target rise@0.000ns - clk_target rise@0.000ns)
  Data Path Delay:        0.256ns  (logic 0.128ns (50.049%)  route 0.128ns (49.951%))
  Logic Levels:           1  (LUT5=1)
  Clock Path Skew:        0.000ns (DCD - SCD - CPR)
    Destination Clock Delay (DCD):    2.342ns
    Source Clock Delay      (SCD):    1.852ns
    Clock Pessimism Removal (CPR):    0.490ns

    Location             Delay type                Incr(ns)  Path(ns)    Netlist Resource(s)
  -------------------------------------------------------------------    -------------------
                         (clock clk_target rise edge)
                                                      0.000     0.000 r  
    G22                                               0.000     0.000 r  CLK_50M (IN)
                         net (fo=0)                   0.000     0.000    CLK_50M
    G22                  IBUF (Prop_ibuf_I_O)         0.444     0.444 r  CLK_50M_IBUF_inst/O
                         net (fo=1, routed)           0.704     1.148    CLK_50M_IBUF
    BUFGCTRL_X0Y0        BUFG (Prop_bufg_I_O)         0.026     1.174 r  CLK_50M_IBUF_BUFG_inst/O
                         net (fo=637, routed)         0.678     1.852    u_mcu_top/u_cnt_test/clk
    SLICE_X4Y243         FDRE                                         r  u_mcu_top/u_cnt_test/stopped_reg/C
  -------------------------------------------------------------------    -------------------
    SLICE_X4Y243         FDRE (Prop_fdre_C_Q)         0.100     1.952 f  u_mcu_top/u_cnt_test/stopped_reg/Q
                         net (fo=3, routed)           0.128     2.079    u_mcu_top/u_cnt_test/stopped
    SLICE_X4Y243         LUT5 (Prop_lut5_I1_O)        0.028     2.107 r  u_mcu_top/u_cnt_test/running_i_1/O
                         net (fo=1, routed)           0.000     2.107    u_mcu_top/u_cnt_test/running_i_1_n_0
    SLICE_X4Y243         FDRE                                         r  u_mcu_top/u_cnt_test/running_reg/D
  -------------------------------------------------------------------    -------------------

                         (clock clk_target rise edge)
                                                      0.000     0.000 r  
    G22                                               0.000     0.000 r  CLK_50M (IN)
                         net (fo=0)                   0.000     0.000    CLK_50M
    G22                  IBUF (Prop_ibuf_I_O)         0.640     0.640 r  CLK_50M_IBUF_inst/O
                         net (fo=1, routed)           0.769     1.409    CLK_50M_IBUF
    BUFGCTRL_X0Y0        BUFG (Prop_bufg_I_O)         0.030     1.439 r  CLK_50M_IBUF_BUFG_inst/O
                         net (fo=637, routed)         0.903     2.342    u_mcu_top/u_cnt_test/clk
    SLICE_X4Y243         FDRE                                         r  u_mcu_top/u_cnt_test/running_reg/C
                         clock pessimism             -0.490     1.852    
    SLICE_X4Y243         FDRE (Hold_fdre_C_D)         0.060     1.912    u_mcu_top/u_cnt_test/running_reg
  -------------------------------------------------------------------
                         required time                         -1.912    
                         arrival time                           2.107    
  -------------------------------------------------------------------
                         slack                                  0.196    





Pulse Width Checks
--------------------------------------------------------------------------------------
Clock Name:         clk_target
Waveform(ns):       { 0.000 10.000 }
Period(ns):         20.000
Sources:            { CLK_50M }

Check Type        Corner  Lib Pin      Reference Pin  Required(ns)  Actual(ns)  Slack(ns)  Location       Pin
Min Period        n/a     BUFG/I       n/a            1.408         20.000      18.591     BUFGCTRL_X0Y0  CLK_50M_IBUF_BUFG_inst/I
Low Pulse Width   Slow    RAMS64E/CLK  n/a            0.768         10.000      9.232      SLICE_X14Y238  u_mcu_top/u_data_ram/mem_reg_0_255_0_0/RAMS64E_A/CLK
High Pulse Width  Slow    RAMS64E/CLK  n/a            0.768         10.000      9.232      SLICE_X14Y238  u_mcu_top/u_data_ram/mem_reg_0_255_0_0/RAMS64E_A/CLK



