Copyright 1986-2022 Xilinx, Inc. All Rights Reserved. Copyright 2022-2025 Advanced Micro Devices, Inc. All Rights Reserved.
----------------------------------------------------------------------------------------------------------------------------------------------------------------------------------------------------------------------------------------
| Tool Version : Vivado v.2025.2 (win64) Build 6299465 Fri Nov 14 19:35:11 GMT 2025
| Date         : Sun Jul  5 00:54:02 2026
| Host         : LAPTOP-RLNQPQBS running 64-bit major release  (build 9200)
| Command      : report_utilization -hierarchical -file C:/Users/占쏙옙占쏙옙/OneDrive/占식듸옙/占쏙옙占쏙옙茄占쏙옙/MCU/routes_ultra/V43_high_freq_sweep_320_350/mcu_fft_v43_high_freq_sweep_320_350/results/vivado_board/board_utilization_hierarchical.rpt
| Design       : board_top
| Device       : xc7k160tffg676-2
| Speed File   : -2
| Design State : Routed
----------------------------------------------------------------------------------------------------------------------------------------------------------------------------------------------------------------------------------------

Utilization Design Information

Table of Contents
-----------------
1. Utilization by Hierarchy

1. Utilization by Hierarchy
---------------------------

+-----------------------+-------------+------------+------------+---------+------+------+--------+--------+------------+
|        Instance       |    Module   | Total LUTs | Logic LUTs | LUTRAMs | SRLs |  FFs | RAMB36 | RAMB18 | DSP Blocks |
+-----------------------+-------------+------------+------------+---------+------+------+--------+--------+------------+
| board_top             |       (top) |       2297 |       2261 |      36 |    0 | 1662 |      0 |      0 |          0 |
|   (board_top)         |       (top) |          4 |          4 |       0 |    0 |    0 |      0 |      0 |          0 |
|   u_mcu_top           |     mcu_top |       2248 |       2224 |      24 |    0 | 1662 |      0 |      0 |          0 |
|     u_mcu_core1       |    mcu_core |       1029 |       1029 |       0 |    0 |  803 |      0 |      0 |          0 |
|       (u_mcu_core1)   |    mcu_core |        728 |        728 |       0 |    0 |  291 |      0 |      0 |          0 |
|       u_reg_file      |    reg_file |        272 |        272 |       0 |    0 |  512 |      0 |      0 |          0 |
|     u_instr_rom_core0 |   instr_rom |         69 |         69 |       0 |    0 |    0 |      0 |      0 |          0 |
|     u_mcu_core0       | mcu_core__1 |       1041 |       1041 |       0 |    0 |  840 |      0 |      0 |          0 |
|       (u_mcu_core0)   | mcu_core__1 |        734 |        734 |       0 |    0 |  328 |      0 |      0 |          0 |
|       u_reg_file      | reg_file__1 |        268 |        268 |       0 |    0 |  512 |      0 |      0 |          0 |
+-----------------------+-------------+------------+------------+---------+------+------+--------+--------+------------+
* Note: The sum of lower-level cells may be larger than their parent cells total, due to cross-hierarchy LUT combining
