Copyright 1986-2022 Xilinx, Inc. All Rights Reserved. Copyright 2022-2025 Advanced Micro Devices, Inc. All Rights Reserved.
--------------------------------------------------------------------------------------------------------------------------------------------------------------------------------------------------------------------------------
| Tool Version : Vivado v.2025.2 (win64) Build 6299465 Fri Nov 14 19:35:11 GMT 2025
| Date         : Sun Jul  5 11:56:23 2026
| Host         : LAPTOP-RLNQPQBS running 64-bit major release  (build 9200)
| Command      : report_utilization -hierarchical -file C:/Users/ČÖÔńł˝/OneDrive/ÎÄµµ/ĘýµçĘµŃé/MCU/routes_ultra/V60_component_owner_300/mcu_fft_v60_component_owner_300/results/vivado_board/board_utilization_hierarchical.rpt
| Design       : board_top
| Device       : xc7k160tffg676-2
| Speed File   : -2
| Design State : Physopt postRoute
--------------------------------------------------------------------------------------------------------------------------------------------------------------------------------------------------------------------------------

Utilization Design Information

Table of Contents
-----------------
1. Utilization by Hierarchy

1. Utilization by Hierarchy
---------------------------

+-----------------------------------+------------------------+------------+------------+---------+------+-------+--------+--------+------------+
|              Instance             |         Module         | Total LUTs | Logic LUTs | LUTRAMs | SRLs |  FFs  | RAMB36 | RAMB18 | DSP Blocks |
+-----------------------------------+------------------------+------------+------------+---------+------+-------+--------+--------+------------+
| board_top                         |                  (top) |      16970 |      16970 |       0 |    0 | 13203 |      0 |      0 |          0 |
|   (board_top)                     |                  (top) |          8 |          8 |       0 |    0 |     0 |      0 |      0 |          0 |
|   u_mcu_top                       |                mcu_top |      16610 |      16610 |       0 |    0 | 12947 |      0 |      0 |          0 |
|     (u_mcu_top)                   |                mcu_top |         66 |         66 |       0 |    0 |    17 |      0 |      0 |          0 |
|     g_mcu_core[0].u_mcu_core      |            mcu_core__4 |        995 |        995 |       0 |    0 |   809 |      0 |      0 |          0 |
|       (g_mcu_core[0].u_mcu_core)  |            mcu_core__4 |        697 |        697 |       0 |    0 |   297 |      0 |      0 |          0 |
|       u_reg_file                  |            reg_file__4 |        264 |        264 |       0 |    0 |   512 |      0 |      0 |          0 |
|     g_mcu_core[10].u_mcu_core     |           mcu_core__14 |        996 |        996 |       0 |    0 |   804 |      0 |      0 |          0 |
|       (g_mcu_core[10].u_mcu_core) |           mcu_core__14 |        699 |        699 |       0 |    0 |   292 |      0 |      0 |          0 |
|       u_reg_file                  |           reg_file__14 |        264 |        264 |       0 |    0 |   512 |      0 |      0 |          0 |
|     g_mcu_core[11].u_mcu_core     |           mcu_core__15 |        996 |        996 |       0 |    0 |   806 |      0 |      0 |          0 |
|       (g_mcu_core[11].u_mcu_core) |           mcu_core__15 |        698 |        698 |       0 |    0 |   294 |      0 |      0 |          0 |
|       u_reg_file                  |           reg_file__15 |        264 |        264 |       0 |    0 |   512 |      0 |      0 |          0 |
|     g_mcu_core[12].u_mcu_core     |           mcu_core__16 |        997 |        997 |       0 |    0 |   806 |      0 |      0 |          0 |
|       (g_mcu_core[12].u_mcu_core) |           mcu_core__16 |        700 |        700 |       0 |    0 |   294 |      0 |      0 |          0 |
|       u_reg_file                  |           reg_file__16 |        264 |        264 |       0 |    0 |   512 |      0 |      0 |          0 |
|     g_mcu_core[13].u_mcu_core     |           mcu_core__17 |        995 |        995 |       0 |    0 |   812 |      0 |      0 |          0 |
|       (g_mcu_core[13].u_mcu_core) |           mcu_core__17 |        697 |        697 |       0 |    0 |   300 |      0 |      0 |          0 |
|       u_reg_file                  |           reg_file__17 |        265 |        265 |       0 |    0 |   512 |      0 |      0 |          0 |
|     g_mcu_core[14].u_mcu_core     |               mcu_core |        997 |        997 |       0 |    0 |   803 |      0 |      0 |          0 |
|       (g_mcu_core[14].u_mcu_core) |               mcu_core |        698 |        698 |       0 |    0 |   291 |      0 |      0 |          0 |
|       u_reg_file                  |               reg_file |        264 |        264 |       0 |    0 |   512 |      0 |      0 |          0 |
|     g_mcu_core[15].u_mcu_core     |            mcu_core__1 |        995 |        995 |       0 |    0 |   807 |      0 |      0 |          0 |
|       (g_mcu_core[15].u_mcu_core) |            mcu_core__1 |        697 |        697 |       0 |    0 |   295 |      0 |      0 |          0 |
|       u_reg_file                  |            reg_file__1 |        264 |        264 |       0 |    0 |   512 |      0 |      0 |          0 |
|     g_mcu_core[1].u_mcu_core      |            mcu_core__5 |        998 |        998 |       0 |    0 |   803 |      0 |      0 |          0 |
|       (g_mcu_core[1].u_mcu_core)  |            mcu_core__5 |        700 |        700 |       0 |    0 |   291 |      0 |      0 |          0 |
|       u_reg_file                  |            reg_file__5 |        264 |        264 |       0 |    0 |   512 |      0 |      0 |          0 |
|     g_mcu_core[2].u_mcu_core      |            mcu_core__6 |        994 |        994 |       0 |    0 |   804 |      0 |      0 |          0 |
|       (g_mcu_core[2].u_mcu_core)  |            mcu_core__6 |        697 |        697 |       0 |    0 |   292 |      0 |      0 |          0 |
|       u_reg_file                  |            reg_file__6 |        264 |        264 |       0 |    0 |   512 |      0 |      0 |          0 |
|     g_mcu_core[3].u_mcu_core      |            mcu_core__7 |       1000 |       1000 |       0 |    0 |   813 |      0 |      0 |          0 |
|       (g_mcu_core[3].u_mcu_core)  |            mcu_core__7 |        701 |        701 |       0 |    0 |   301 |      0 |      0 |          0 |
|       u_reg_file                  |            reg_file__7 |        264 |        264 |       0 |    0 |   512 |      0 |      0 |          0 |
|     g_mcu_core[4].u_mcu_core      |            mcu_core__8 |        996 |        996 |       0 |    0 |   804 |      0 |      0 |          0 |
|       (g_mcu_core[4].u_mcu_core)  |            mcu_core__8 |        698 |        698 |       0 |    0 |   292 |      0 |      0 |          0 |
|       u_reg_file                  |            reg_file__8 |        264 |        264 |       0 |    0 |   512 |      0 |      0 |          0 |
|     g_mcu_core[5].u_mcu_core      |            mcu_core__9 |        999 |        999 |       0 |    0 |   811 |      0 |      0 |          0 |
|       (g_mcu_core[5].u_mcu_core)  |            mcu_core__9 |        700 |        700 |       0 |    0 |   299 |      0 |      0 |          0 |
|       u_reg_file                  |            reg_file__9 |        264 |        264 |       0 |    0 |   512 |      0 |      0 |          0 |
|     g_mcu_core[6].u_mcu_core      |           mcu_core__10 |        992 |        992 |       0 |    0 |   809 |      0 |      0 |          0 |
|       (g_mcu_core[6].u_mcu_core)  |           mcu_core__10 |        696 |        696 |       0 |    0 |   297 |      0 |      0 |          0 |
|       u_reg_file                  |           reg_file__10 |        264 |        264 |       0 |    0 |   512 |      0 |      0 |          0 |
|     g_mcu_core[7].u_mcu_core      |           mcu_core__11 |        996 |        996 |       0 |    0 |   807 |      0 |      0 |          0 |
|       (g_mcu_core[7].u_mcu_core)  |           mcu_core__11 |        698 |        698 |       0 |    0 |   295 |      0 |      0 |          0 |
|       u_reg_file                  |           reg_file__11 |        264 |        264 |       0 |    0 |   512 |      0 |      0 |          0 |
|     g_mcu_core[8].u_mcu_core      |           mcu_core__12 |        991 |        991 |       0 |    0 |   803 |      0 |      0 |          0 |
|       (g_mcu_core[8].u_mcu_core)  |           mcu_core__12 |        694 |        694 |       0 |    0 |   291 |      0 |      0 |          0 |
|       u_reg_file                  |           reg_file__12 |        264 |        264 |       0 |    0 |   512 |      0 |      0 |          0 |
|     g_mcu_core[9].u_mcu_core      |           mcu_core__13 |        998 |        998 |       0 |    0 |   810 |      0 |      0 |          0 |
|       (g_mcu_core[9].u_mcu_core)  |           mcu_core__13 |        701 |        701 |       0 |    0 |   298 |      0 |      0 |          0 |
|       u_reg_file                  |           reg_file__13 |        264 |        264 |       0 |    0 |   512 |      0 |      0 |          0 |
|   u_verify_RAM_component16        | verify_RAM_component16 |         64 |         64 |       0 |    0 |   256 |      0 |      0 |          0 |
+-----------------------------------+------------------------+------------+------------+---------+------+-------+--------+--------+------------+
* Note: The sum of lower-level cells may be larger than their parent cells total, due to cross-hierarchy LUT combining


