Copyright 1986-2022 Xilinx, Inc. All Rights Reserved. Copyright 2022-2025 Advanced Micro Devices, Inc. All Rights Reserved.
-----------------------------------------------------------------------------------------------------------------------------------------------------------------------------------------------------------
| Tool Version : Vivado v.2025.2 (win64) Build 6299465 Fri Nov 14 19:35:11 GMT 2025
| Date         : Sun Jul  5 11:56:23 2026
| Host         : LAPTOP-RLNQPQBS running 64-bit major release  (build 9200)
| Command      : report_timing_summary -file C:/Users/ČÖÔńł˝/OneDrive/ÎÄµµ/ĘýµçĘµŃé/MCU/routes_ultra/V60_component_owner_300/mcu_fft_v60_component_owner_300/results/vivado_board/board_timing_summary.rpt
| Design       : board_top
| Device       : 7k160t-ffg676
| Speed File   : -2  PRODUCTION 1.12 2017-02-17
| Design State : Physopt postRoute
-----------------------------------------------------------------------------------------------------------------------------------------------------------------------------------------------------------

Timing Summary Report

------------------------------------------------------------------------------------------------
| Timer Settings
| --------------
------------------------------------------------------------------------------------------------

  Enable Multi Corner Analysis               :  Yes
  Enable Pessimism Removal                   :  Yes
  Pessimism Removal Resolution               :  Nearest Common Node
  Enable Input Delay Default Clock           :  No
  Enable Preset / Clear Arcs                 :  No
  Disable Flight Delays                      :  No
  Ignore I/O Paths                           :  No
  Timing Early Launch at Borrowing Latches   :  No
  Borrow Time for Max Delay Exceptions       :  Yes
  Merge Timing Exceptions                    :  Yes
  Inter-SLR Compensation                     :  Conservative

  Corner  Analyze    Analyze    
  Name    Max Paths  Min Paths  
  ------  ---------  ---------  
  Slow    Yes        Yes        
  Fast    Yes        Yes        


------------------------------------------------------------------------------------------------
| Report Methodology
| ------------------
------------------------------------------------------------------------------------------------

No report available as report_methodology has not been run prior. Run report_methodology on the current design for the summary of methodology violations.



check_timing report

Table of Contents
-----------------
1. checking no_clock (0)
2. checking constant_clock (0)
3. checking pulse_width_clock (0)
4. checking unconstrained_internal_endpoints (0)
5. checking no_input_delay (1)
6. checking no_output_delay (8)
7. checking multiple_clock (0)
8. checking generated_clocks (0)
9. checking loops (0)
10. checking partial_input_delay (0)
11. checking partial_output_delay (0)
12. checking latch_loops (0)

1. checking no_clock (0)
------------------------
 There are 0 register/latch pins with no clock.


2. checking constant_clock (0)
------------------------------
 There are 0 register/latch pins with constant_clock.


3. checking pulse_width_clock (0)
---------------------------------
 There are 0 register/latch pins which need pulse_width check


4. checking unconstrained_internal_endpoints (0)
------------------------------------------------
 There are 0 pins that are not constrained for maximum delay.

 There are 0 pins that are not constrained for maximum delay due to constant clock.


5. checking no_input_delay (1)
------------------------------
 There is 1 input port with no input delay specified. (HIGH)

 There are 0 input ports with no input delay but user has a false path constraint.


6. checking no_output_delay (8)
-------------------------------
 There are 8 ports with no output delay specified. (HIGH)

 There are 0 ports with no output delay but user has a false path constraint

 There are 0 ports with no output delay but with a timing clock defined on it or propagating through it


7. checking multiple_clock (0)
------------------------------
 There are 0 register/latch pins with multiple clocks.


8. checking generated_clocks (0)
--------------------------------
 There are 0 generated clocks that are not connected to a clock source.


9. checking loops (0)
---------------------
 There are 0 combinational loops in the design.


10. checking partial_input_delay (0)
------------------------------------
 There are 0 input ports with partial input delay specified.


11. checking partial_output_delay (0)
-------------------------------------
 There are 0 ports with partial output delay specified.


12. checking latch_loops (0)
----------------------------
 There are 0 combinational latch loops in the design through latch input



------------------------------------------------------------------------------------------------
| Design Timing Summary
| ---------------------
------------------------------------------------------------------------------------------------

    WNS(ns)      TNS(ns)  TNS Failing Endpoints  TNS Total Endpoints      WHS(ns)      THS(ns)  THS Failing Endpoints  THS Total Endpoints     WPWS(ns)     TPWS(ns)  TPWS Failing Endpoints  TPWS Total Endpoints  
    -------      -------  ---------------------  -------------------      -------      -------  ---------------------  -------------------     --------     --------  ----------------------  --------------------  
      0.014        0.000                      0                28060        0.064        0.000                      0                28060        1.267        0.000                       0                 13209  


All user specified timing constraints are met.


------------------------------------------------------------------------------------------------
| Clock Summary
| -------------
------------------------------------------------------------------------------------------------

Clock         Waveform(ns)         Period(ns)      Frequency(MHz)
-----         ------------         ----------      --------------
clk_target    {0.000 10.000}       20.000          50.000          
  clkfb       {0.000 10.000}       20.000          50.000          
  clkout_raw  {0.000 1.667}        3.333           300.000         


------------------------------------------------------------------------------------------------
| Intra Clock Table
| -----------------
------------------------------------------------------------------------------------------------

Clock             WNS(ns)      TNS(ns)  TNS Failing Endpoints  TNS Total Endpoints      WHS(ns)      THS(ns)  THS Failing Endpoints  THS Total Endpoints     WPWS(ns)     TPWS(ns)  TPWS Failing Endpoints  TPWS Total Endpoints  
-----             -------      -------  ---------------------  -------------------      -------      -------  ---------------------  -------------------     --------     --------  ----------------------  --------------------  
clk_target                                                                                                                                                      7.000        0.000                       0                     1  
  clkfb                                                                                                                                                        18.591        0.000                       0                     3  
  clkout_raw        0.014        0.000                      0                28060        0.064        0.000                      0                28060        1.267        0.000                       0                 13205  


------------------------------------------------------------------------------------------------
| Inter Clock Table
| -----------------
------------------------------------------------------------------------------------------------

From Clock    To Clock          WNS(ns)      TNS(ns)  TNS Failing Endpoints  TNS Total Endpoints      WHS(ns)      THS(ns)  THS Failing Endpoints  THS Total Endpoints  
----------    --------          -------      -------  ---------------------  -------------------      -------      -------  ---------------------  -------------------  


------------------------------------------------------------------------------------------------
| Other Path Groups Table
| -----------------------
------------------------------------------------------------------------------------------------

Path Group    From Clock    To Clock          WNS(ns)      TNS(ns)  TNS Failing Endpoints  TNS Total Endpoints      WHS(ns)      THS(ns)  THS Failing Endpoints  THS Total Endpoints  
----------    ----------    --------          -------      -------  ---------------------  -------------------      -------      -------  ---------------------  -------------------  


------------------------------------------------------------------------------------------------
| Timing Details
| --------------
------------------------------------------------------------------------------------------------


---------------------------------------------------------------------------------------------------
From Clock:  clk_target
  To Clock:  clk_target

Setup :           NA  Failing Endpoints,  Worst Slack           NA  ,  Total Violation           NA
Hold  :           NA  Failing Endpoints,  Worst Slack           NA  ,  Total Violation           NA
PW    :            0  Failing Endpoints,  Worst Slack        7.000ns,  Total Violation        0.000ns
---------------------------------------------------------------------------------------------------


Pulse Width Checks
--------------------------------------------------------------------------------------
Clock Name:         clk_target
Waveform(ns):       { 0.000 10.000 }
Period(ns):         20.000
Sources:            { CLK_50M }

Check Type        Corner  Lib Pin           Reference Pin  Required(ns)  Actual(ns)  Slack(ns)  Location        Pin
Min Period        n/a     PLLE2_ADV/CLKIN1  n/a            1.071         20.000      18.929     PLLE2_ADV_X0Y2  u_clk_ultra_pll/u_plle2_base/CLKIN1
Max Period        n/a     PLLE2_ADV/CLKIN1  n/a            52.633        20.000      32.633     PLLE2_ADV_X0Y2  u_clk_ultra_pll/u_plle2_base/CLKIN1
Low Pulse Width   Slow    PLLE2_ADV/CLKIN1  n/a            3.000         10.000      7.000      PLLE2_ADV_X0Y2  u_clk_ultra_pll/u_plle2_base/CLKIN1
High Pulse Width  Slow    PLLE2_ADV/CLKIN1  n/a            3.000         10.000      7.000      PLLE2_ADV_X0Y2  u_clk_ultra_pll/u_plle2_base/CLKIN1



---------------------------------------------------------------------------------------------------
From Clock:  clkfb
  To Clock:  clkfb

Setup :           NA  Failing Endpoints,  Worst Slack           NA  ,  Total Violation           NA
Hold  :           NA  Failing Endpoints,  Worst Slack           NA  ,  Total Violation           NA
PW    :            0  Failing Endpoints,  Worst Slack       18.591ns,  Total Violation        0.000ns
---------------------------------------------------------------------------------------------------


Pulse Width Checks
--------------------------------------------------------------------------------------
Clock Name:         clkfb
Waveform(ns):       { 0.000 10.000 }
Period(ns):         20.000
Sources:            { u_clk_ultra_pll/u_plle2_base/CLKFBOUT }

Check Type  Corner  Lib Pin            Reference Pin  Required(ns)  Actual(ns)  Slack(ns)  Location        Pin
Min Period  n/a     BUFG/I             n/a            1.408         20.000      18.591     BUFGCTRL_X0Y1   u_clk_ultra_pll/u_clkfb_buf/I
Max Period  n/a     PLLE2_ADV/CLKFBIN  n/a            52.633        20.000      32.633     PLLE2_ADV_X0Y2  u_clk_ultra_pll/u_plle2_base/CLKFBIN



---------------------------------------------------------------------------------------------------
From Clock:  clkout_raw
  To Clock:  clkout_raw

Setup :            0  Failing Endpoints,  Worst Slack        0.014ns,  Total Violation        0.000ns
Hold  :            0  Failing Endpoints,  Worst Slack        0.064ns,  Total Violation        0.000ns
PW    :            0  Failing Endpoints,  Worst Slack        1.267ns,  Total Violation        0.000ns
---------------------------------------------------------------------------------------------------


Max Delay Paths
--------------------------------------------------------------------------------------
Slack (MET) :             0.014ns  (required time - arrival time)
  Source:                 u_mcu_top/g_mcu_core[3].u_mcu_core/ex_op1_reg[9]/C
                            (rising edge-triggered cell FDRE clocked by clkout_raw  {rise@0.000ns fall@1.667ns period=3.333ns})
  Destination:            u_mcu_top/g_mcu_core[3].u_mcu_core/wb_wdata_reg[10]/D
                            (rising edge-triggered cell FDRE clocked by clkout_raw  {rise@0.000ns fall@1.667ns period=3.333ns})
  Path Group:             clkout_raw
  Path Type:              Setup (Max at Slow Process Corner)
  Requirement:            3.333ns  (clkout_raw rise@3.333ns - clkout_raw rise@0.000ns)
  Data Path Delay:        3.272ns  (logic 0.567ns (17.329%)  route 2.705ns (82.671%))
  Logic Levels:           8  (LUT2=1 LUT4=1 LUT5=2 LUT6=4)
  Clock Path Skew:        -0.043ns (DCD - SCD + CPR)
    Destination Clock Delay (DCD):    -1.342ns = ( 1.991 - 3.333 ) 
    Source Clock Delay      (SCD):    -1.613ns
    Clock Pessimism Removal (CPR):    -0.314ns
  Clock Uncertainty:      0.039ns  ((TSJ^2 + DJ^2)^1/2) / 2 + PE
    Total System Jitter     (TSJ):    0.071ns
    Discrete Jitter          (DJ):    0.032ns
    Phase Error              (PE):    0.000ns

    Location             Delay type                Incr(ns)  Path(ns)    Netlist Resource(s)
  -------------------------------------------------------------------    -------------------
                         (clock clkout_raw rise edge)
                                                      0.000     0.000 r  
    G22                                               0.000     0.000 r  CLK_50M (IN)
                         net (fo=0)                   0.000     0.000    CLK_50M
    G22                  IBUF (Prop_ibuf_I_O)         1.519     1.519 r  CLK_50M_IBUF_inst/O
                         net (fo=1, routed)           1.098     2.617    u_clk_ultra_pll/clk_in
    PLLE2_ADV_X0Y2       PLLE2_ADV (Prop_plle2_adv_CLKIN1_CLKOUT0)
                                                     -7.146    -4.529 r  u_clk_ultra_pll/u_plle2_base/CLKOUT0
                         net (fo=1, routed)           1.440    -3.089    u_clk_ultra_pll/clkout_raw
    BUFGCTRL_X0Y0        BUFG (Prop_bufg_I_O)         0.093    -2.996 r  u_clk_ultra_pll/u_clkout_buf/O
                         net (fo=13203, routed)       1.383    -1.613    u_mcu_top/g_mcu_core[3].u_mcu_core/clk
    SLICE_X28Y213        FDRE                                         r  u_mcu_top/g_mcu_core[3].u_mcu_core/ex_op1_reg[9]/C
  -------------------------------------------------------------------    -------------------
    SLICE_X28Y213        FDRE (Prop_fdre_C_Q)         0.223    -1.390 f  u_mcu_top/g_mcu_core[3].u_mcu_core/ex_op1_reg[9]/Q
                         net (fo=9, routed)           0.444    -0.947    u_mcu_top/g_mcu_core[3].u_mcu_core/p_0_in[1]
    SLICE_X32Y212        LUT4 (Prop_lut4_I1_O)        0.043    -0.904 r  u_mcu_top/g_mcu_core[3].u_mcu_core/u_ext_test_rom_if_i_3/O
                         net (fo=3, routed)           0.120    -0.784    u_mcu_top/g_mcu_core[3].u_mcu_core/u_ext_test_rom_if_i_3_n_0
    SLICE_X32Y212        LUT5 (Prop_lut5_I4_O)        0.043    -0.741 r  u_mcu_top/g_mcu_core[3].u_mcu_core/u_ext_test_rom_if_i_1/O
                         net (fo=8, routed)           0.355    -0.386    u_mcu_top/g_mcu_core[3].u_mcu_core/u_ext_test_rom_if/is_test_rom
    SLICE_X32Y214        LUT2 (Prop_lut2_I0_O)        0.043    -0.343 r  u_mcu_top/g_mcu_core[3].u_mcu_core/u_ext_test_rom_if/test_rom_addr[2]_INST_0/O
                         net (fo=17, routed)          0.693     0.350    g_test_rom[3].u_test_ROM/addr[2]
    SLICE_X32Y211        LUT6 (Prop_lut6_I3_O)        0.043     0.393 r  g_test_rom[3].u_test_ROM/test_vector_in[3]_INST_0_i_1/O
                         net (fo=1, routed)           0.159     0.552    g_test_rom[3].u_test_ROM/test_vector_in[3]_INST_0_i_1_n_0
    SLICE_X32Y211        LUT6 (Prop_lut6_I5_O)        0.043     0.595 r  g_test_rom[3].u_test_ROM/test_vector_in[3]_INST_0/O
                         net (fo=2, routed)           0.423     1.018    u_mcu_top/g_mcu_core[3].u_mcu_core/u_ext_test_rom_if/test_vector_in[3]
    SLICE_X31Y211        LUT5 (Prop_lut5_I0_O)        0.043     1.061 r  u_mcu_top/g_mcu_core[3].u_mcu_core/u_ext_test_rom_if/read_data[10]_INST_0/O
                         net (fo=1, routed)           0.242     1.303    u_mcu_top/g_mcu_core[3].u_mcu_core/test_rom_read_data[10]
    SLICE_X30Y212        LUT6 (Prop_lut6_I0_O)        0.043     1.346 f  u_mcu_top/g_mcu_core[3].u_mcu_core/wb_wdata[10]_i_2/O
                         net (fo=1, routed)           0.269     1.616    u_mcu_top/g_mcu_core[3].u_mcu_core/wb_wdata[10]_i_2_n_0
    SLICE_X27Y212        LUT6 (Prop_lut6_I0_O)        0.043     1.659 r  u_mcu_top/g_mcu_core[3].u_mcu_core/wb_wdata[10]_i_1/O
                         net (fo=1, routed)           0.000     1.659    u_mcu_top/g_mcu_core[3].u_mcu_core/wb_wdata[10]_i_1_n_0
    SLICE_X27Y212        FDRE                                         r  u_mcu_top/g_mcu_core[3].u_mcu_core/wb_wdata_reg[10]/D
  -------------------------------------------------------------------    -------------------

                         (clock clkout_raw rise edge)
                                                      3.333     3.333 r  
    G22                                               0.000     3.333 r  CLK_50M (IN)
                         net (fo=0)                   0.000     3.333    CLK_50M
    G22                  IBUF (Prop_ibuf_I_O)         1.387     4.720 r  CLK_50M_IBUF_inst/O
                         net (fo=1, routed)           1.001     5.721    u_clk_ultra_pll/clk_in
    PLLE2_ADV_X0Y2       PLLE2_ADV (Prop_plle2_adv_CLKIN1_CLKOUT0)
                                                     -6.363    -0.642 r  u_clk_ultra_pll/u_plle2_base/CLKOUT0
                         net (fo=1, routed)           1.333     0.691    u_clk_ultra_pll/clkout_raw
    BUFGCTRL_X0Y0        BUFG (Prop_bufg_I_O)         0.083     0.774 r  u_clk_ultra_pll/u_clkout_buf/O
                         net (fo=13203, routed)       1.217     1.991    u_mcu_top/g_mcu_core[3].u_mcu_core/clk
    SLICE_X27Y212        FDRE                                         r  u_mcu_top/g_mcu_core[3].u_mcu_core/wb_wdata_reg[10]/C
                         clock pessimism             -0.314     1.677    
                         clock uncertainty           -0.039     1.638    
    SLICE_X27Y212        FDRE (Setup_fdre_C_D)        0.034     1.672    u_mcu_top/g_mcu_core[3].u_mcu_core/wb_wdata_reg[10]
  -------------------------------------------------------------------
                         required time                          1.672    
                         arrival time                          -1.659    
  -------------------------------------------------------------------
                         slack                                  0.014    





Min Delay Paths
--------------------------------------------------------------------------------------
Slack (MET) :             0.064ns  (arrival time - required time)
  Source:                 u_mcu_top/g_mcu_core[11].u_mcu_core/mul_count_reg[0]/C
                            (rising edge-triggered cell FDRE clocked by clkout_raw  {rise@0.000ns fall@1.667ns period=3.333ns})
  Destination:            u_mcu_top/g_mcu_core[11].u_mcu_core/mul_count_reg[1]/D
                            (rising edge-triggered cell FDRE clocked by clkout_raw  {rise@0.000ns fall@1.667ns period=3.333ns})
  Path Group:             clkout_raw
  Path Type:              Hold (Min at Fast Process Corner)
  Requirement:            0.000ns  (clkout_raw rise@0.000ns - clkout_raw rise@0.000ns)
  Data Path Delay:        0.420ns  (logic 0.128ns (30.512%)  route 0.292ns (69.488%))
  Logic Levels:           1  (LUT2=1)
  Clock Path Skew:        0.296ns (DCD - SCD - CPR)
    Destination Clock Delay (DCD):    -0.284ns
    Source Clock Delay      (SCD):    -0.326ns
    Clock Pessimism Removal (CPR):    -0.254ns

    Location             Delay type                Incr(ns)  Path(ns)    Netlist Resource(s)
  -------------------------------------------------------------------    -------------------
                         (clock clkout_raw rise edge)
                                                      0.000     0.000 r  
    G22                                               0.000     0.000 r  CLK_50M (IN)
                         net (fo=0)                   0.000     0.000    CLK_50M
    G22                  IBUF (Prop_ibuf_I_O)         0.444     0.444 r  CLK_50M_IBUF_inst/O
                         net (fo=1, routed)           0.503     0.947    u_clk_ultra_pll/clk_in
    PLLE2_ADV_X0Y2       PLLE2_ADV (Prop_plle2_adv_CLKIN1_CLKOUT0)
                                                     -2.439    -1.492 r  u_clk_ultra_pll/u_plle2_base/CLKOUT0
                         net (fo=1, routed)           0.579    -0.913    u_clk_ultra_pll/clkout_raw
    BUFGCTRL_X0Y0        BUFG (Prop_bufg_I_O)         0.026    -0.887 r  u_clk_ultra_pll/u_clkout_buf/O
                         net (fo=13203, routed)       0.561    -0.326    u_mcu_top/g_mcu_core[11].u_mcu_core/clk
    SLICE_X79Y198        FDRE                                         r  u_mcu_top/g_mcu_core[11].u_mcu_core/mul_count_reg[0]/C
  -------------------------------------------------------------------    -------------------
    SLICE_X79Y198        FDRE (Prop_fdre_C_Q)         0.100    -0.226 r  u_mcu_top/g_mcu_core[11].u_mcu_core/mul_count_reg[0]/Q
                         net (fo=6, routed)           0.292     0.065    u_mcu_top/g_mcu_core[11].u_mcu_core/mul_count_reg_n_0_[0]
    SLICE_X79Y200        LUT2 (Prop_lut2_I0_O)        0.028     0.093 r  u_mcu_top/g_mcu_core[11].u_mcu_core/mul_count[1]_i_1/O
                         net (fo=1, routed)           0.000     0.093    u_mcu_top/g_mcu_core[11].u_mcu_core/p_0_in__0[1]
    SLICE_X79Y200        FDRE                                         r  u_mcu_top/g_mcu_core[11].u_mcu_core/mul_count_reg[1]/D
  -------------------------------------------------------------------    -------------------

                         (clock clkout_raw rise edge)
                                                      0.000     0.000 r  
    G22                                               0.000     0.000 r  CLK_50M (IN)
                         net (fo=0)                   0.000     0.000    CLK_50M
    G22                  IBUF (Prop_ibuf_I_O)         0.640     0.640 r  CLK_50M_IBUF_inst/O
                         net (fo=1, routed)           0.554     1.194    u_clk_ultra_pll/clk_in
    PLLE2_ADV_X0Y2       PLLE2_ADV (Prop_plle2_adv_CLKIN1_CLKOUT0)
                                                     -3.015    -1.821 r  u_clk_ultra_pll/u_plle2_base/CLKOUT0
                         net (fo=1, routed)           0.642    -1.179    u_clk_ultra_pll/clkout_raw
    BUFGCTRL_X0Y0        BUFG (Prop_bufg_I_O)         0.030    -1.149 r  u_clk_ultra_pll/u_clkout_buf/O
                         net (fo=13203, routed)       0.865    -0.284    u_mcu_top/g_mcu_core[11].u_mcu_core/clk
    SLICE_X79Y200        FDRE                                         r  u_mcu_top/g_mcu_core[11].u_mcu_core/mul_count_reg[1]/C
                         clock pessimism              0.254    -0.030    
    SLICE_X79Y200        FDRE (Hold_fdre_C_D)         0.060     0.030    u_mcu_top/g_mcu_core[11].u_mcu_core/mul_count_reg[1]
  -------------------------------------------------------------------
                         required time                         -0.030    
                         arrival time                           0.093    
  -------------------------------------------------------------------
                         slack                                  0.064    





Pulse Width Checks
--------------------------------------------------------------------------------------
Clock Name:         clkout_raw
Waveform(ns):       { 0.000 1.667 }
Period(ns):         3.333
Sources:            { u_clk_ultra_pll/u_plle2_base/CLKOUT0 }

Check Type        Corner  Lib Pin            Reference Pin  Required(ns)  Actual(ns)  Slack(ns)  Location        Pin
Min Period        n/a     BUFG/I             n/a            1.408         3.333       1.925      BUFGCTRL_X0Y0   u_clk_ultra_pll/u_clkout_buf/I
Max Period        n/a     PLLE2_ADV/CLKOUT0  n/a            160.000       3.333       156.667    PLLE2_ADV_X0Y2  u_clk_ultra_pll/u_plle2_base/CLKOUT0
Low Pulse Width   Slow    FDRE/C             n/a            0.400         1.667       1.267      SLICE_X48Y234   u_mcu_top/g_mcu_core[0].u_mcu_core/ex_imm16_reg[0]/C
High Pulse Width  Slow    FDRE/C             n/a            0.350         1.667       1.317      SLICE_X53Y221   u_mcu_top/done_mask_q_reg[0]/C



