Copyright 1986-2022 Xilinx, Inc. All Rights Reserved. Copyright 2022-2025 Advanced Micro Devices, Inc. All Rights Reserved.
------------------------------------------------------------------------------------------------------------------------------------------------------------------------------------------------------------------------------------
| Tool Version : Vivado v.2025.2 (win64) Build 6299465 Fri Nov 14 19:35:11 GMT 2025
| Date         : Sun Jul  5 07:43:03 2026
| Host         : LAPTOP-RLNQPQBS running 64-bit major release  (build 9200)
| Command      : report_utilization -hierarchical -file C:/Users/ČÖÔńł˝/OneDrive/ÎÄµµ/ĘýµçĘµŃé/MCU/routes_ultra/V54_octa_output_owner_300/mcu_fft_v54_octa_output_owner_300/results/vivado_board/board_utilization_hierarchical.rpt
| Design       : board_top
| Device       : xc7k160tffg676-2
| Speed File   : -2
| Design State : Physopt postRoute
------------------------------------------------------------------------------------------------------------------------------------------------------------------------------------------------------------------------------------

Utilization Design Information

Table of Contents
-----------------
1. Utilization by Hierarchy

1. Utilization by Hierarchy
---------------------------

+----------------------------------+----------------+------------+------------+---------+------+------+--------+--------+------------+
|             Instance             |     Module     | Total LUTs | Logic LUTs | LUTRAMs | SRLs |  FFs | RAMB36 | RAMB18 | DSP Blocks |
+----------------------------------+----------------+------------+------------+---------+------+------+--------+--------+------------+
| board_top                        |          (top) |       8733 |       8637 |      96 |    0 | 6476 |      0 |      0 |          0 |
|   (board_top)                    |          (top) |          8 |          8 |       0 |    0 |    0 |      0 |      0 |          0 |
|   u_mcu_top                      |        mcu_top |       8453 |       8453 |       0 |    0 | 6476 |      0 |      0 |          0 |
|     (u_mcu_top)                  |        mcu_top |        167 |        167 |       0 |    0 |   33 |      0 |      0 |          0 |
|     g_mcu_core[0].u_mcu_core     |       mcu_core |        998 |        998 |       0 |    0 |  803 |      0 |      0 |          0 |
|       (g_mcu_core[0].u_mcu_core) |       mcu_core |        702 |        702 |       0 |    0 |  291 |      0 |      0 |          0 |
|       u_reg_file                 |       reg_file |        264 |        264 |       0 |    0 |  512 |      0 |      0 |          0 |
|     g_mcu_core[1].u_mcu_core     |    mcu_core__1 |       1000 |       1000 |       0 |    0 |  803 |      0 |      0 |          0 |
|       (g_mcu_core[1].u_mcu_core) |    mcu_core__1 |        703 |        703 |       0 |    0 |  291 |      0 |      0 |          0 |
|       u_reg_file                 |    reg_file__1 |        264 |        264 |       0 |    0 |  512 |      0 |      0 |          0 |
|     g_mcu_core[2].u_mcu_core     |    mcu_core__2 |        998 |        998 |       0 |    0 |  803 |      0 |      0 |          0 |
|       (g_mcu_core[2].u_mcu_core) |    mcu_core__2 |        704 |        704 |       0 |    0 |  291 |      0 |      0 |          0 |
|       u_reg_file                 |    reg_file__2 |        264 |        264 |       0 |    0 |  512 |      0 |      0 |          0 |
|     g_mcu_core[3].u_mcu_core     |    mcu_core__3 |        999 |        999 |       0 |    0 |  803 |      0 |      0 |          0 |
|       (g_mcu_core[3].u_mcu_core) |    mcu_core__3 |        702 |        702 |       0 |    0 |  291 |      0 |      0 |          0 |
|       u_reg_file                 |    reg_file__3 |        264 |        264 |       0 |    0 |  512 |      0 |      0 |          0 |
|     g_mcu_core[4].u_mcu_core     |    mcu_core__4 |        995 |        995 |       0 |    0 |  803 |      0 |      0 |          0 |
|       (g_mcu_core[4].u_mcu_core) |    mcu_core__4 |        698 |        698 |       0 |    0 |  291 |      0 |      0 |          0 |
|       u_reg_file                 |    reg_file__4 |        264 |        264 |       0 |    0 |  512 |      0 |      0 |          0 |
|     g_mcu_core[5].u_mcu_core     |    mcu_core__5 |        996 |        996 |       0 |    0 |  803 |      0 |      0 |          0 |
|       (g_mcu_core[5].u_mcu_core) |    mcu_core__5 |        701 |        701 |       0 |    0 |  291 |      0 |      0 |          0 |
|       u_reg_file                 |    reg_file__5 |        264 |        264 |       0 |    0 |  512 |      0 |      0 |          0 |
|     g_mcu_core[6].u_mcu_core     |    mcu_core__7 |       1001 |       1001 |       0 |    0 |  803 |      0 |      0 |          0 |
|       (g_mcu_core[6].u_mcu_core) |    mcu_core__7 |        702 |        702 |       0 |    0 |  291 |      0 |      0 |          0 |
|       u_reg_file                 |    reg_file__7 |        264 |        264 |       0 |    0 |  512 |      0 |      0 |          0 |
|     g_mcu_core[7].u_mcu_core     |    mcu_core__6 |        989 |        989 |       0 |    0 |  803 |      0 |      0 |          0 |
|       (g_mcu_core[7].u_mcu_core) |    mcu_core__6 |        693 |        693 |       0 |    0 |  291 |      0 |      0 |          0 |
|       u_reg_file                 |    reg_file__6 |        264 |        264 |       0 |    0 |  512 |      0 |      0 |          0 |
|   u_verify_RAM_oct               | verify_RAM_oct |        128 |         32 |      96 |    0 |    0 |      0 |      0 |          0 |
+----------------------------------+----------------+------------+------------+---------+------+------+--------+--------+------------+
* Note: The sum of lower-level cells may be larger than their parent cells total, due to cross-hierarchy LUT combining


