Copyright 1986-2022 Xilinx, Inc. All Rights Reserved. Copyright 2022-2025 Advanced Micro Devices, Inc. All Rights Reserved.
---------------------------------------------------------------------------------------------------------------------------------------------------------------------------------------------------------------
| Tool Version : Vivado v.2025.2 (win64) Build 6299465 Fri Nov 14 19:35:11 GMT 2025
| Date         : Sun Jul  5 06:01:06 2026
| Host         : LAPTOP-RLNQPQBS running 64-bit major release  (build 9200)
| Command      : report_timing_summary -file C:/Users/ČÖÔńł˝/OneDrive/ÎÄµµ/ĘýµçĘµŃé/MCU/routes_ultra/V54_octa_output_owner_300/mcu_fft_v54_octa_output_owner_300/results/vivado_board/board_timing_summary.rpt
| Design       : board_top
| Device       : 7k160t-ffg676
| Speed File   : -2  PRODUCTION 1.12 2017-02-17
| Design State : Physopt postRoute
---------------------------------------------------------------------------------------------------------------------------------------------------------------------------------------------------------------

Timing Summary Report

------------------------------------------------------------------------------------------------
| Timer Settings
| --------------
------------------------------------------------------------------------------------------------

  Enable Multi Corner Analysis               :  Yes
  Enable Pessimism Removal                   :  Yes
  Pessimism Removal Resolution               :  Nearest Common Node
  Enable Input Delay Default Clock           :  No
  Enable Preset / Clear Arcs                 :  No
  Disable Flight Delays                      :  No
  Ignore I/O Paths                           :  No
  Timing Early Launch at Borrowing Latches   :  No
  Borrow Time for Max Delay Exceptions       :  Yes
  Merge Timing Exceptions                    :  Yes
  Inter-SLR Compensation                     :  Conservative

  Corner  Analyze    Analyze    
  Name    Max Paths  Min Paths  
  ------  ---------  ---------  
  Slow    Yes        Yes        
  Fast    Yes        Yes        


------------------------------------------------------------------------------------------------
| Report Methodology
| ------------------
------------------------------------------------------------------------------------------------

No report available as report_methodology has not been run prior. Run report_methodology on the current design for the summary of methodology violations.



check_timing report

Table of Contents
-----------------
1. checking no_clock (0)
2. checking constant_clock (0)
3. checking pulse_width_clock (0)
4. checking unconstrained_internal_endpoints (0)
5. checking no_input_delay (1)
6. checking no_output_delay (8)
7. checking multiple_clock (0)
8. checking generated_clocks (0)
9. checking loops (0)
10. checking partial_input_delay (0)
11. checking partial_output_delay (0)
12. checking latch_loops (0)

1. checking no_clock (0)
------------------------
 There are 0 register/latch pins with no clock.


2. checking constant_clock (0)
------------------------------
 There are 0 register/latch pins with constant_clock.


3. checking pulse_width_clock (0)
---------------------------------
 There are 0 register/latch pins which need pulse_width check


4. checking unconstrained_internal_endpoints (0)
------------------------------------------------
 There are 0 pins that are not constrained for maximum delay.

 There are 0 pins that are not constrained for maximum delay due to constant clock.


5. checking no_input_delay (1)
------------------------------
 There is 1 input port with no input delay specified. (HIGH)

 There are 0 input ports with no input delay but user has a false path constraint.


6. checking no_output_delay (8)
-------------------------------
 There are 8 ports with no output delay specified. (HIGH)

 There are 0 ports with no output delay but user has a false path constraint

 There are 0 ports with no output delay but with a timing clock defined on it or propagating through it


7. checking multiple_clock (0)
------------------------------
 There are 0 register/latch pins with multiple clocks.


8. checking generated_clocks (0)
--------------------------------
 There are 0 generated clocks that are not connected to a clock source.


9. checking loops (0)
---------------------
 There are 0 combinational loops in the design.


10. checking partial_input_delay (0)
------------------------------------
 There are 0 input ports with partial input delay specified.


11. checking partial_output_delay (0)
-------------------------------------
 There are 0 ports with partial output delay specified.


12. checking latch_loops (0)
----------------------------
 There are 0 combinational latch loops in the design through latch input



------------------------------------------------------------------------------------------------
| Design Timing Summary
| ---------------------
------------------------------------------------------------------------------------------------

    WNS(ns)      TNS(ns)  TNS Failing Endpoints  TNS Total Endpoints      WHS(ns)      THS(ns)  THS Failing Endpoints  THS Total Endpoints     WPWS(ns)     TPWS(ns)  TPWS Failing Endpoints  TPWS Total Endpoints  
    -------      -------  ---------------------  -------------------      -------      -------  ---------------------  -------------------     --------     --------  ----------------------  --------------------  
      0.011        0.000                      0                14396        0.063        0.000                      0                14396        0.899        0.000                       0                  6717  


All user specified timing constraints are met.


------------------------------------------------------------------------------------------------
| Clock Summary
| -------------
------------------------------------------------------------------------------------------------

Clock         Waveform(ns)         Period(ns)      Frequency(MHz)
-----         ------------         ----------      --------------
clk_target    {0.000 10.000}       20.000          50.000          
  clkfb       {0.000 10.000}       20.000          50.000          
  clkout_raw  {0.000 1.667}        3.333           300.000         


------------------------------------------------------------------------------------------------
| Intra Clock Table
| -----------------
------------------------------------------------------------------------------------------------

Clock             WNS(ns)      TNS(ns)  TNS Failing Endpoints  TNS Total Endpoints      WHS(ns)      THS(ns)  THS Failing Endpoints  THS Total Endpoints     WPWS(ns)     TPWS(ns)  TPWS Failing Endpoints  TPWS Total Endpoints  
-----             -------      -------  ---------------------  -------------------      -------      -------  ---------------------  -------------------     --------     --------  ----------------------  --------------------  
clk_target                                                                                                                                                      7.000        0.000                       0                     1  
  clkfb                                                                                                                                                        18.591        0.000                       0                     3  
  clkout_raw        0.011        0.000                      0                14396        0.063        0.000                      0                14396        0.899        0.000                       0                  6713  


------------------------------------------------------------------------------------------------
| Inter Clock Table
| -----------------
------------------------------------------------------------------------------------------------

From Clock    To Clock          WNS(ns)      TNS(ns)  TNS Failing Endpoints  TNS Total Endpoints      WHS(ns)      THS(ns)  THS Failing Endpoints  THS Total Endpoints  
----------    --------          -------      -------  ---------------------  -------------------      -------      -------  ---------------------  -------------------  


------------------------------------------------------------------------------------------------
| Other Path Groups Table
| -----------------------
------------------------------------------------------------------------------------------------

Path Group    From Clock    To Clock          WNS(ns)      TNS(ns)  TNS Failing Endpoints  TNS Total Endpoints      WHS(ns)      THS(ns)  THS Failing Endpoints  THS Total Endpoints  
----------    ----------    --------          -------      -------  ---------------------  -------------------      -------      -------  ---------------------  -------------------  


------------------------------------------------------------------------------------------------
| Timing Details
| --------------
------------------------------------------------------------------------------------------------


---------------------------------------------------------------------------------------------------
From Clock:  clk_target
  To Clock:  clk_target

Setup :           NA  Failing Endpoints,  Worst Slack           NA  ,  Total Violation           NA
Hold  :           NA  Failing Endpoints,  Worst Slack           NA  ,  Total Violation           NA
PW    :            0  Failing Endpoints,  Worst Slack        7.000ns,  Total Violation        0.000ns
---------------------------------------------------------------------------------------------------


Pulse Width Checks
--------------------------------------------------------------------------------------
Clock Name:         clk_target
Waveform(ns):       { 0.000 10.000 }
Period(ns):         20.000
Sources:            { CLK_50M }

Check Type        Corner  Lib Pin           Reference Pin  Required(ns)  Actual(ns)  Slack(ns)  Location        Pin
Min Period        n/a     PLLE2_ADV/CLKIN1  n/a            1.071         20.000      18.929     PLLE2_ADV_X0Y2  u_clk_ultra_pll/u_plle2_base/CLKIN1
Max Period        n/a     PLLE2_ADV/CLKIN1  n/a            52.633        20.000      32.633     PLLE2_ADV_X0Y2  u_clk_ultra_pll/u_plle2_base/CLKIN1
Low Pulse Width   Slow    PLLE2_ADV/CLKIN1  n/a            3.000         10.000      7.000      PLLE2_ADV_X0Y2  u_clk_ultra_pll/u_plle2_base/CLKIN1
High Pulse Width  Slow    PLLE2_ADV/CLKIN1  n/a            3.000         10.000      7.000      PLLE2_ADV_X0Y2  u_clk_ultra_pll/u_plle2_base/CLKIN1



---------------------------------------------------------------------------------------------------
From Clock:  clkfb
  To Clock:  clkfb

Setup :           NA  Failing Endpoints,  Worst Slack           NA  ,  Total Violation           NA
Hold  :           NA  Failing Endpoints,  Worst Slack           NA  ,  Total Violation           NA
PW    :            0  Failing Endpoints,  Worst Slack       18.591ns,  Total Violation        0.000ns
---------------------------------------------------------------------------------------------------


Pulse Width Checks
--------------------------------------------------------------------------------------
Clock Name:         clkfb
Waveform(ns):       { 0.000 10.000 }
Period(ns):         20.000
Sources:            { u_clk_ultra_pll/u_plle2_base/CLKFBOUT }

Check Type  Corner  Lib Pin            Reference Pin  Required(ns)  Actual(ns)  Slack(ns)  Location        Pin
Min Period  n/a     BUFG/I             n/a            1.408         20.000      18.591     BUFGCTRL_X0Y1   u_clk_ultra_pll/u_clkfb_buf/I
Max Period  n/a     PLLE2_ADV/CLKFBIN  n/a            52.633        20.000      32.633     PLLE2_ADV_X0Y2  u_clk_ultra_pll/u_plle2_base/CLKFBIN



---------------------------------------------------------------------------------------------------
From Clock:  clkout_raw
  To Clock:  clkout_raw

Setup :            0  Failing Endpoints,  Worst Slack        0.011ns,  Total Violation        0.000ns
Hold  :            0  Failing Endpoints,  Worst Slack        0.063ns,  Total Violation        0.000ns
PW    :            0  Failing Endpoints,  Worst Slack        0.899ns,  Total Violation        0.000ns
---------------------------------------------------------------------------------------------------


Max Delay Paths
--------------------------------------------------------------------------------------
Slack (MET) :             0.011ns  (required time - arrival time)
  Source:                 u_mcu_top/g_mcu_core[5].u_mcu_core/ex_op1_reg[14]/C
                            (rising edge-triggered cell FDRE clocked by clkout_raw  {rise@0.000ns fall@1.667ns period=3.333ns})
  Destination:            u_mcu_top/u_cnt_test/running_reg/D
                            (rising edge-triggered cell FDRE clocked by clkout_raw  {rise@0.000ns fall@1.667ns period=3.333ns})
  Path Group:             clkout_raw
  Path Type:              Setup (Max at Slow Process Corner)
  Requirement:            3.333ns  (clkout_raw rise@3.333ns - clkout_raw rise@0.000ns)
  Data Path Delay:        3.291ns  (logic 0.567ns (17.229%)  route 2.724ns (82.771%))
  Logic Levels:           8  (LUT2=1 LUT4=2 LUT5=2 LUT6=3)
  Clock Path Skew:        -0.027ns (DCD - SCD + CPR)
    Destination Clock Delay (DCD):    -1.481ns = ( 1.852 - 3.333 ) 
    Source Clock Delay      (SCD):    -1.798ns
    Clock Pessimism Removal (CPR):    -0.344ns
  Clock Uncertainty:      0.039ns  ((TSJ^2 + DJ^2)^1/2) / 2 + PE
    Total System Jitter     (TSJ):    0.071ns
    Discrete Jitter          (DJ):    0.032ns
    Phase Error              (PE):    0.000ns

    Location             Delay type                Incr(ns)  Path(ns)    Netlist Resource(s)
  -------------------------------------------------------------------    -------------------
                         (clock clkout_raw rise edge)
                                                      0.000     0.000 r  
    G22                                               0.000     0.000 r  CLK_50M (IN)
                         net (fo=0)                   0.000     0.000    CLK_50M
    G22                  IBUF (Prop_ibuf_I_O)         1.519     1.519 r  CLK_50M_IBUF_inst/O
                         net (fo=1, routed)           1.098     2.617    u_clk_ultra_pll/clk_in
    PLLE2_ADV_X0Y2       PLLE2_ADV (Prop_plle2_adv_CLKIN1_CLKOUT0)
                                                     -7.146    -4.529 r  u_clk_ultra_pll/u_plle2_base/CLKOUT0
                         net (fo=1, routed)           1.440    -3.089    u_clk_ultra_pll/clkout_raw
    BUFGCTRL_X0Y0        BUFG (Prop_bufg_I_O)         0.093    -2.996 r  u_clk_ultra_pll/u_clkout_buf/O
                         net (fo=6711, routed)        1.198    -1.798    u_mcu_top/g_mcu_core[5].u_mcu_core/clk
    SLICE_X51Y174        FDRE                                         r  u_mcu_top/g_mcu_core[5].u_mcu_core/ex_op1_reg[14]/C
  -------------------------------------------------------------------    -------------------
    SLICE_X51Y174        FDRE (Prop_fdre_C_Q)         0.223    -1.575 r  u_mcu_top/g_mcu_core[5].u_mcu_core/ex_op1_reg[14]/Q
                         net (fo=9, routed)           0.323    -1.252    u_mcu_top/g_mcu_core[5].u_mcu_core/p_0_in[6]
    SLICE_X51Y173        LUT4 (Prop_lut4_I1_O)        0.043    -1.209 f  u_mcu_top/g_mcu_core[5].u_mcu_core/u_ext_test_rom_if_i_3/O
                         net (fo=3, routed)           0.205    -1.005    u_mcu_top/g_mcu_core[5].u_mcu_core/u_ext_test_rom_if_i_3_n_0
    SLICE_X48Y173        LUT5 (Prop_lut5_I0_O)        0.043    -0.962 f  u_mcu_top/g_mcu_core[5].u_mcu_core/u_verify_ram_if_i_1/O
                         net (fo=11, routed)          0.228    -0.734    u_mcu_top/g_mcu_core[5].u_mcu_core/u_verify_ram_if/is_verify_ram
    SLICE_X48Y172        LUT2 (Prop_lut2_I0_O)        0.043    -0.691 f  u_mcu_top/g_mcu_core[5].u_mcu_core/u_verify_ram_if/verify_addr[3]_INST_0/O
                         net (fo=31, routed)          0.343    -0.348    u_mcu_top/verify_addr5[3]
    SLICE_X47Y171        LUT4 (Prop_lut4_I2_O)        0.043    -0.305 r  u_mcu_top/done_mask_q[11]_i_13_rewire_comp/O
                         net (fo=4, routed)           0.444     0.138    u_mcu_top/done_mask_q[11]_i_13_n_0
    SLICE_X44Y168        LUT6 (Prop_lut6_I3_O)        0.043     0.181 r  u_mcu_top/done_mask_q[8]_i_4/O
                         net (fo=1, routed)           0.392     0.573    u_mcu_top/done_mask_q[8]_i_4_n_0
    SLICE_X44Y167        LUT6 (Prop_lut6_I1_O)        0.043     0.616 f  u_mcu_top/done_mask_q[8]_i_2/O
                         net (fo=2, routed)           0.546     1.162    u_mcu_top/done_mask_next[8]
    SLICE_X45Y165        LUT6 (Prop_lut6_I0_O)        0.043     1.205 f  u_mcu_top/u_cnt_test_i_2_rewire_comp/O
                         net (fo=2, routed)           0.245     1.450    u_mcu_top/u_cnt_test/stop_pulse
    SLICE_X47Y166        LUT5 (Prop_lut5_I2_O)        0.043     1.493 r  u_mcu_top/u_cnt_test/running_i_1/O
                         net (fo=1, routed)           0.000     1.493    u_mcu_top/u_cnt_test/running_i_1_n_0
    SLICE_X47Y166        FDRE                                         r  u_mcu_top/u_cnt_test/running_reg/D
  -------------------------------------------------------------------    -------------------

                         (clock clkout_raw rise edge)
                                                      3.333     3.333 r  
    G22                                               0.000     3.333 r  CLK_50M (IN)
                         net (fo=0)                   0.000     3.333    CLK_50M
    G22                  IBUF (Prop_ibuf_I_O)         1.387     4.720 r  CLK_50M_IBUF_inst/O
                         net (fo=1, routed)           1.001     5.721    u_clk_ultra_pll/clk_in
    PLLE2_ADV_X0Y2       PLLE2_ADV (Prop_plle2_adv_CLKIN1_CLKOUT0)
                                                     -6.363    -0.642 r  u_clk_ultra_pll/u_plle2_base/CLKOUT0
                         net (fo=1, routed)           1.333     0.691    u_clk_ultra_pll/clkout_raw
    BUFGCTRL_X0Y0        BUFG (Prop_bufg_I_O)         0.083     0.774 r  u_clk_ultra_pll/u_clkout_buf/O
                         net (fo=6711, routed)        1.078     1.852    u_mcu_top/u_cnt_test/clk
    SLICE_X47Y166        FDRE                                         r  u_mcu_top/u_cnt_test/running_reg/C
                         clock pessimism             -0.344     1.508    
                         clock uncertainty           -0.039     1.469    
    SLICE_X47Y166        FDRE (Setup_fdre_C_D)        0.034     1.503    u_mcu_top/u_cnt_test/running_reg
  -------------------------------------------------------------------
                         required time                          1.503    
                         arrival time                          -1.493    
  -------------------------------------------------------------------
                         slack                                  0.011    





Min Delay Paths
--------------------------------------------------------------------------------------
Slack (MET) :             0.063ns  (arrival time - required time)
  Source:                 u_mcu_top/g_mcu_core[7].u_mcu_core/instr_addr_reg[6]/C
                            (rising edge-triggered cell FDRE clocked by clkout_raw  {rise@0.000ns fall@1.667ns period=3.333ns})
  Destination:            u_mcu_top/g_mcu_core[7].u_mcu_core/instr_id_reg[26]/D
                            (rising edge-triggered cell FDRE clocked by clkout_raw  {rise@0.000ns fall@1.667ns period=3.333ns})
  Path Group:             clkout_raw
  Path Type:              Hold (Min at Fast Process Corner)
  Requirement:            0.000ns  (clkout_raw rise@0.000ns - clkout_raw rise@0.000ns)
  Data Path Delay:        0.317ns  (logic 0.146ns (46.103%)  route 0.171ns (53.897%))
  Logic Levels:           1  (LUT5=1)
  Clock Path Skew:        0.194ns (DCD - SCD - CPR)
    Destination Clock Delay (DCD):    -0.418ns
    Source Clock Delay      (SCD):    -0.358ns
    Clock Pessimism Removal (CPR):    -0.254ns

    Location             Delay type                Incr(ns)  Path(ns)    Netlist Resource(s)
  -------------------------------------------------------------------    -------------------
                         (clock clkout_raw rise edge)
                                                      0.000     0.000 r  
    G22                                               0.000     0.000 r  CLK_50M (IN)
                         net (fo=0)                   0.000     0.000    CLK_50M
    G22                  IBUF (Prop_ibuf_I_O)         0.444     0.444 r  CLK_50M_IBUF_inst/O
                         net (fo=1, routed)           0.503     0.947    u_clk_ultra_pll/clk_in
    PLLE2_ADV_X0Y2       PLLE2_ADV (Prop_plle2_adv_CLKIN1_CLKOUT0)
                                                     -2.439    -1.492 r  u_clk_ultra_pll/u_plle2_base/CLKOUT0
                         net (fo=1, routed)           0.579    -0.913    u_clk_ultra_pll/clkout_raw
    BUFGCTRL_X0Y0        BUFG (Prop_bufg_I_O)         0.026    -0.887 r  u_clk_ultra_pll/u_clkout_buf/O
                         net (fo=6711, routed)        0.529    -0.358    u_mcu_top/g_mcu_core[7].u_mcu_core/clk
    SLICE_X50Y154        FDRE                                         r  u_mcu_top/g_mcu_core[7].u_mcu_core/instr_addr_reg[6]/C
  -------------------------------------------------------------------    -------------------
    SLICE_X50Y154        FDRE (Prop_fdre_C_Q)         0.118    -0.240 f  u_mcu_top/g_mcu_core[7].u_mcu_core/instr_addr_reg[6]/Q
                         net (fo=25, routed)          0.171    -0.070    u_mcu_top/u_instr_rom_core7/addr[6]
    SLICE_X57Y154        LUT5 (Prop_lut5_I1_O)        0.028    -0.042 r  u_mcu_top/u_instr_rom_core7/instr[26]_INST_0/O
                         net (fo=1, routed)           0.000    -0.042    u_mcu_top/g_mcu_core[7].u_mcu_core/instr[26]
    SLICE_X57Y154        FDRE                                         r  u_mcu_top/g_mcu_core[7].u_mcu_core/instr_id_reg[26]/D
  -------------------------------------------------------------------    -------------------

                         (clock clkout_raw rise edge)
                                                      0.000     0.000 r  
    G22                                               0.000     0.000 r  CLK_50M (IN)
                         net (fo=0)                   0.000     0.000    CLK_50M
    G22                  IBUF (Prop_ibuf_I_O)         0.640     0.640 r  CLK_50M_IBUF_inst/O
                         net (fo=1, routed)           0.554     1.194    u_clk_ultra_pll/clk_in
    PLLE2_ADV_X0Y2       PLLE2_ADV (Prop_plle2_adv_CLKIN1_CLKOUT0)
                                                     -3.015    -1.821 r  u_clk_ultra_pll/u_plle2_base/CLKOUT0
                         net (fo=1, routed)           0.642    -1.179    u_clk_ultra_pll/clkout_raw
    BUFGCTRL_X0Y0        BUFG (Prop_bufg_I_O)         0.030    -1.149 r  u_clk_ultra_pll/u_clkout_buf/O
                         net (fo=6711, routed)        0.731    -0.418    u_mcu_top/g_mcu_core[7].u_mcu_core/clk
    SLICE_X57Y154        FDRE                                         r  u_mcu_top/g_mcu_core[7].u_mcu_core/instr_id_reg[26]/C
                         clock pessimism              0.254    -0.164    
    SLICE_X57Y154        FDRE (Hold_fdre_C_D)         0.060    -0.104    u_mcu_top/g_mcu_core[7].u_mcu_core/instr_id_reg[26]
  -------------------------------------------------------------------
                         required time                          0.104    
                         arrival time                          -0.042    
  -------------------------------------------------------------------
                         slack                                  0.063    





Pulse Width Checks
--------------------------------------------------------------------------------------
Clock Name:         clkout_raw
Waveform(ns):       { 0.000 1.667 }
Period(ns):         3.333
Sources:            { u_clk_ultra_pll/u_plle2_base/CLKOUT0 }

Check Type        Corner  Lib Pin            Reference Pin  Required(ns)  Actual(ns)  Slack(ns)  Location        Pin
Min Period        n/a     BUFG/I             n/a            1.408         3.333       1.925      BUFGCTRL_X0Y0   u_clk_ultra_pll/u_clkout_buf/I
Max Period        n/a     PLLE2_ADV/CLKOUT0  n/a            160.000       3.333       156.667    PLLE2_ADV_X0Y2  u_clk_ultra_pll/u_plle2_base/CLKOUT0
Low Pulse Width   Slow    RAMD32/CLK         n/a            0.768         1.667       0.899      SLICE_X42Y164   u_verify_RAM_oct/ram_core0_reg_0_1_0_5/RAMA/CLK
High Pulse Width  Slow    RAMD32/CLK         n/a            0.768         1.667       0.899      SLICE_X42Y164   u_verify_RAM_oct/ram_core0_reg_0_1_0_5/RAMA/CLK



